{"meta": {"format": 3, "version": "7.15.4", "timestamp": "2026-08-26T20:20:45.978564", "branch_coverage": true, "show_contexts": false}, "files": {"orchestra_runtime\\__init__.py": {"executed_lines": [1, 13, 18, 34, 45, 83, 94, 115, 116, 129, 142, 159, 165, 177, 178, 190, 206, 224, 249, 250, 251, 253, 254, 255, 256, 257, 259, 260, 261, 262, 265, 269], "summary": {"covered_lines": 32, "num_statements": 33, "percent_covered": 97.29729729729729, "percent_covered_display": "97", "missing_lines": 1, "excluded_lines": 0, "percent_statements_covered": 96.96969696969697, "percent_statements_covered_display": "97", "num_branches": 4, "num_partial_branches": 0, "covered_branches": 4, "missing_branches": 0, "percent_branches_covered": 100.0, "percent_branches_covered_display": "100"}, "missing_lines": [266], "excluded_lines": [], "executed_branches": [[250, 251], [250, 256], [256, 257], [256, 262]], "missing_branches": [], "functions": {"__getattr__": {"executed_lines": [250, 251, 253, 254, 255, 256, 257, 259, 260, 261, 262], "summary": {"covered_lines": 11, "num_statements": 11, "percent_covered": 100.0, "percent_covered_display": "100", "missing_lines": 0, "excluded_lines": 0, "percent_statements_covered": 100.0, "percent_statements_covered_display": "100", "num_branches": 4, "num_partial_branches": 0, "covered_branches": 4, "missing_branches": 0, "percent_branches_covered": 100.0, "percent_branches_covered_display": "100"}, "missing_lines": [], "excluded_lines": [], "start_line": 249, "executed_branches": [[250, 251], [250, 256], [256, 257], [256, 262]], "missing_branches": []}, "__dir__": {"executed_lines": [], "summary": {"covered_lines": 0, "num_statements": 1, "percent_covered": 0.0, "percent_covered_display": "0", "missing_lines": 1, "excluded_lines": 0, "percent_statements_covered": 0.0, "percent_statements_covered_display": "0", "num_branches": 0, "num_partial_branches": 0, "covered_branches": 0, "missing_branches": 0, "percent_branches_covered": 100.0, "percent_branches_covered_display": "100"}, "missing_lines": [266], "excluded_lines": [], "start_line": 265, "executed_branches": [], "missing_branches": []}, "": {"executed_lines": [1, 13, 18, 34, 45, 83, 94, 115, 116, 129, 142, 159, 165, 177, 178, 190, 206, 224, 249, 265, 269], "summary": {"covered_lines": 21, "num_statements": 21, "percent_covered": 100.0, "percent_covered_display": "100", "missing_lines": 0, "excluded_lines": 0, "percent_statements_covered": 100.0, "percent_statements_covered_display": "100", "num_branches": 0, "num_partial_branches": 0, "covered_branches": 0, "missing_branches": 0, "percent_branches_covered": 100.0, "percent_branches_covered_display": "100"}, "missing_lines": [], "excluded_lines": [], "start_line": 1, "executed_branches": [], "missing_branches": []}}, "classes": {"": {"executed_lines": [1, 13, 18, 34, 45, 83, 94, 115, 116, 129, 142, 159, 165, 177, 178, 190, 206, 224, 249, 250, 251, 253, 254, 255, 256, 257, 259, 260, 261, 262, 265, 269], "summary": {"covered_lines": 32, "num_statements": 33, "percent_covered": 97.29729729729729, "percent_covered_display": "97", "missing_lines": 1, "excluded_lines": 0, "percent_statements_covered": 96.96969696969697, "percent_statements_covered_display": "97", "num_branches": 4, "num_partial_branches": 0, "covered_branches": 4, "missing_branches": 0, "percent_branches_covered": 100.0, "percent_branches_covered_display": "100"}, "missing_lines": [266], "excluded_lines": [], "start_line": 1, "executed_branches": [[250, 251], [250, 256], [256, 257], [256, 262]], "missing_branches": []}}}, "orchestra_runtime\\adapters.py": {"executed_lines": [1, 3, 5, 6, 7, 8, 9, 10, 13, 14, 15, 16, 17, 18, 19, 20, 21, 22, 23, 24, 34, 35, 37, 38, 50, 51, 52, 61, 62, 64, 65, 66, 67, 68, 74, 81, 87, 88, 91, 94, 96, 98, 100, 103, 104, 105, 106, 107, 108, 109, 110, 121, 135, 136, 137, 138, 139, 140, 141, 142, 153, 167, 168, 169, 170, 171, 172, 173, 174, 175, 189, 190, 191, 192, 193, 194, 195, 196, 210, 211, 212, 213, 214, 215, 216, 217, 232, 233, 234, 235, 236, 237, 238, 239, 240, 254, 255, 256, 257, 258, 259, 260, 261, 262, 276, 277, 278, 279, 280, 281, 282, 283, 297, 298, 299, 300, 301, 302, 303, 304, 305], "summary": {"covered_lines": 121, "num_statements": 121, "percent_covered": 100.0, "percent_covered_display": "100", "missing_lines": 0, "excluded_lines": 0, "percent_statements_covered": 100.0, "percent_statements_covered_display": "100", "num_branches": 4, "num_partial_branches": 0, "covered_branches": 4, "missing_branches": 0, "percent_branches_covered": 100.0, "percent_branches_covered_display": "100"}, "missing_lines": [], "excluded_lines": [], "executed_branches": [[66, 67], [66, 74], [67, 66], [67, 68]], "missing_branches": [], "functions": {"BaseAdapter.__init__": {"executed_lines": [35], "summary": {"covered_lines": 1, "num_statements": 1, "percent_covered": 100.0, "percent_covered_display": "100", "missing_lines": 0, "excluded_lines": 0, "percent_statements_covered": 100.0, "percent_statements_covered_display": "100", "num_branches": 0, "num_partial_branches": 0, "covered_branches": 0, "missing_branches": 0, "percent_branches_covered": 100.0, "percent_branches_covered_display": "100"}, "missing_lines": [], "excluded_lines": [], "start_line": 34, "executed_branches": [], "missing_branches": []}, "BaseAdapter.protocol_metadata": {"executed_lines": [38], "summary": {"covered_lines": 1, "num_statements": 1, "percent_covered": 100.0, "percent_covered_display": "100", "missing_lines": 0, "excluded_lines": 0, "percent_statements_covered": 100.0, "percent_statements_covered_display": "100", "num_branches": 0, "num_partial_branches": 0, "covered_branches": 0, "missing_branches": 0, "percent_branches_covered": 100.0, "percent_branches_covered_display": "100"}, "missing_lines": [], "excluded_lines": [], "start_line": 37, "executed_branches": [], "missing_branches": []}, "BaseAdapter.provide_context": {"executed_lines": [51, 52], "summary": {"covered_lines": 2, "num_statements": 2, "percent_covered": 100.0, "percent_covered_display": "100", "missing_lines": 0, "excluded_lines": 0, "percent_statements_covered": 100.0, "percent_statements_covered_display": "100", "num_branches": 0, "num_partial_branches": 0, "covered_branches": 0, "missing_branches": 0, "percent_branches_covered": 100.0, "percent_branches_covered_display": "100"}, "missing_lines": [], "excluded_lines": [], "start_line": 50, "executed_branches": [], "missing_branches": []}, "BaseAdapter.expose_commands": {"executed_lines": [62], "summary": {"covered_lines": 1, "num_statements": 1, "percent_covered": 100.0, "percent_covered_display": "100", "missing_lines": 0, "excluded_lines": 0, "percent_statements_covered": 100.0, "percent_statements_covered_display": "100", "num_branches": 0, "num_partial_branches": 0, "covered_branches": 0, "missing_branches": 0, "percent_branches_covered": 100.0, "percent_branches_covered_display": "100"}, "missing_lines": [], "excluded_lines": [], "start_line": 61, "executed_branches": [], "missing_branches": []}, "BaseAdapter.parse_command": {"executed_lines": [65, 66, 67, 68, 74], "summary": {"covered_lines": 5, "num_statements": 5, "percent_covered": 100.0, "percent_covered_display": "100", "missing_lines": 0, "excluded_lines": 0, "percent_statements_covered": 100.0, "percent_statements_covered_display": "100", "num_branches": 4, "num_partial_branches": 0, "covered_branches": 4, "missing_branches": 0, "percent_branches_covered": 100.0, "percent_branches_covered_display": "100"}, "missing_lines": [], "excluded_lines": [], "start_line": 64, "executed_branches": [[66, 67], [66, 74], [67, 66], [67, 68]], "missing_branches": []}, "BaseAdapter.presentation_decision": {"executed_lines": [87, 88], "summary": {"covered_lines": 2, "num_statements": 2, "percent_covered": 100.0, "percent_covered_display": "100", "missing_lines": 0, "excluded_lines": 0, "percent_statements_covered": 100.0, "percent_statements_covered_display": "100", "num_branches": 0, "num_partial_branches": 0, "covered_branches": 0, "missing_branches": 0, "percent_branches_covered": 100.0, "percent_branches_covered_display": "100"}, "missing_lines": [], "excluded_lines": [], "start_line": 81, "executed_branches": [], "missing_branches": []}, "RuntimeEnvelopeAdapterMixin.format_envelope": {"executed_lines": [96], "summary": {"covered_lines": 1, "num_statements": 1, "percent_covered": 100.0, "percent_covered_display": "100", "missing_lines": 0, "excluded_lines": 0, "percent_statements_covered": 100.0, "percent_statements_covered_display": "100", "num_branches": 0, "num_partial_branches": 0, "covered_branches": 0, "missing_branches": 0, "percent_branches_covered": 100.0, "percent_branches_covered_display": "100"}, "missing_lines": [], "excluded_lines": [], "start_line": 94, "executed_branches": [], "missing_branches": []}, "RuntimeEnvelopeAdapterMixin.parse_envelope": {"executed_lines": [100], "summary": {"covered_lines": 1, "num_statements": 1, "percent_covered": 100.0, "percent_covered_display": "100", "missing_lines": 0, "excluded_lines": 0, "percent_statements_covered": 100.0, "percent_statements_covered_display": "100", "num_branches": 0, "num_partial_branches": 0, "covered_branches": 0, "missing_branches": 0, "percent_branches_covered": 100.0, "percent_branches_covered_display": "100"}, "missing_lines": [], "excluded_lines": [], "start_line": 98, "executed_branches": [], "missing_branches": []}, "": {"executed_lines": [1, 3, 5, 6, 7, 8, 9, 10, 13, 14, 15, 16, 17, 18, 19, 20, 21, 22, 23, 24, 34, 37, 50, 61, 64, 81, 91, 94, 98, 103, 104, 105, 106, 107, 108, 109, 110, 121, 135, 136, 137, 138, 139, 140, 141, 142, 153, 167, 168, 169, 170, 171, 172, 173, 174, 175, 189, 190, 191, 192, 193, 194, 195, 196, 210, 211, 212, 213, 214, 215, 216, 217, 232, 233, 234, 235, 236, 237, 238, 239, 240, 254, 255, 256, 257, 258, 259, 260, 261, 262, 276, 277, 278, 279, 280, 281, 282, 283, 297, 298, 299, 300, 301, 302, 303, 304, 305], "summary": {"covered_lines": 107, "num_statements": 107, "percent_covered": 100.0, "percent_covered_display": "100", "missing_lines": 0, "excluded_lines": 0, "percent_statements_covered": 100.0, "percent_statements_covered_display": "100", "num_branches": 0, "num_partial_branches": 0, "covered_branches": 0, "missing_branches": 0, "percent_branches_covered": 100.0, "percent_branches_covered_display": "100"}, "missing_lines": [], "excluded_lines": [], "start_line": 1, "executed_branches": [], "missing_branches": []}}, "classes": {"BaseAdapter": {"executed_lines": [35, 38, 51, 52, 62, 65, 66, 67, 68, 74, 87, 88], "summary": {"covered_lines": 12, "num_statements": 12, "percent_covered": 100.0, "percent_covered_display": "100", "missing_lines": 0, "excluded_lines": 0, "percent_statements_covered": 100.0, "percent_statements_covered_display": "100", "num_branches": 4, "num_partial_branches": 0, "covered_branches": 4, "missing_branches": 0, "percent_branches_covered": 100.0, "percent_branches_covered_display": "100"}, "missing_lines": [], "excluded_lines": [], "start_line": 13, "executed_branches": [[66, 67], [66, 74], [67, 66], [67, 68]], "missing_branches": []}, "RuntimeEnvelopeAdapterMixin": {"executed_lines": [96, 100], "summary": {"covered_lines": 2, "num_statements": 2, "percent_covered": 100.0, "percent_covered_display": "100", "missing_lines": 0, "excluded_lines": 0, "percent_statements_covered": 100.0, "percent_statements_covered_display": "100", "num_branches": 0, "num_partial_branches": 0, "covered_branches": 0, "missing_branches": 0, "percent_branches_covered": 100.0, "percent_branches_covered_display": "100"}, "missing_lines": [], "excluded_lines": [], "start_line": 91, "executed_branches": [], "missing_branches": []}, "CodexAdapter": {"executed_lines": [], "summary": {"covered_lines": 0, "num_statements": 0, "percent_covered": 100.0, "percent_covered_display": "100", "missing_lines": 0, "excluded_lines": 0, "percent_statements_covered": 100.0, "percent_statements_covered_display": "100", "num_branches": 0, "num_partial_branches": 0, "covered_branches": 0, "missing_branches": 0, "percent_branches_covered": 100.0, "percent_branches_covered_display": "100"}, "missing_lines": [], "excluded_lines": [], "start_line": 103, "executed_branches": [], "missing_branches": []}, "AntigravityAdapter": {"executed_lines": [], "summary": {"covered_lines": 0, "num_statements": 0, "percent_covered": 100.0, "percent_covered_display": "100", "missing_lines": 0, "excluded_lines": 0, "percent_statements_covered": 100.0, "percent_statements_covered_display": "100", "num_branches": 0, "num_partial_branches": 0, "covered_branches": 0, "missing_branches": 0, "percent_branches_covered": 100.0, "percent_branches_covered_display": "100"}, "missing_lines": [], "excluded_lines": [], "start_line": 135, "executed_branches": [], "missing_branches": []}, "ClaudeCodeAdapter": {"executed_lines": [], "summary": {"covered_lines": 0, "num_statements": 0, "percent_covered": 100.0, "percent_covered_display": "100", "missing_lines": 0, "excluded_lines": 0, "percent_statements_covered": 100.0, "percent_statements_covered_display": "100", "num_branches": 0, "num_partial_branches": 0, "covered_branches": 0, "missing_branches": 0, "percent_branches_covered": 100.0, "percent_branches_covered_display": "100"}, "missing_lines": [], "excluded_lines": [], "start_line": 167, "executed_branches": [], "missing_branches": []}, "CursorAdapter": {"executed_lines": [], "summary": {"covered_lines": 0, "num_statements": 0, "percent_covered": 100.0, "percent_covered_display": "100", "missing_lines": 0, "excluded_lines": 0, "percent_statements_covered": 100.0, "percent_statements_covered_display": "100", "num_branches": 0, "num_partial_branches": 0, "covered_branches": 0, "missing_branches": 0, "percent_branches_covered": 100.0, "percent_branches_covered_display": "100"}, "missing_lines": [], "excluded_lines": [], "start_line": 189, "executed_branches": [], "missing_branches": []}, "WindsurfAdapter": {"executed_lines": [], "summary": {"covered_lines": 0, "num_statements": 0, "percent_covered": 100.0, "percent_covered_display": "100", "missing_lines": 0, "excluded_lines": 0, "percent_statements_covered": 100.0, "percent_statements_covered_display": "100", "num_branches": 0, "num_partial_branches": 0, "covered_branches": 0, "missing_branches": 0, "percent_branches_covered": 100.0, "percent_branches_covered_display": "100"}, "missing_lines": [], "excluded_lines": [], "start_line": 210, "executed_branches": [], "missing_branches": []}, "VSCodeAdapter": {"executed_lines": [], "summary": {"covered_lines": 0, "num_statements": 0, "percent_covered": 100.0, "percent_covered_display": "100", "missing_lines": 0, "excluded_lines": 0, "percent_statements_covered": 100.0, "percent_statements_covered_display": "100", "num_branches": 0, "num_partial_branches": 0, "covered_branches": 0, "missing_branches": 0, "percent_branches_covered": 100.0, "percent_branches_covered_display": "100"}, "missing_lines": [], "excluded_lines": [], "start_line": 232, "executed_branches": [], "missing_branches": []}, "JetBrainsAdapter": {"executed_lines": [], "summary": {"covered_lines": 0, "num_statements": 0, "percent_covered": 100.0, "percent_covered_display": "100", "missing_lines": 0, "excluded_lines": 0, "percent_statements_covered": 100.0, "percent_statements_covered_display": "100", "num_branches": 0, "num_partial_branches": 0, "covered_branches": 0, "missing_branches": 0, "percent_branches_covered": 100.0, "percent_branches_covered_display": "100"}, "missing_lines": [], "excluded_lines": [], "start_line": 254, "executed_branches": [], "missing_branches": []}, "ZedAdapter": {"executed_lines": [], "summary": {"covered_lines": 0, "num_statements": 0, "percent_covered": 100.0, "percent_covered_display": "100", "missing_lines": 0, "excluded_lines": 0, "percent_statements_covered": 100.0, "percent_statements_covered_display": "100", "num_branches": 0, "num_partial_branches": 0, "covered_branches": 0, "missing_branches": 0, "percent_branches_covered": 100.0, "percent_branches_covered_display": "100"}, "missing_lines": [], "excluded_lines": [], "start_line": 276, "executed_branches": [], "missing_branches": []}, "NeovimAdapter": {"executed_lines": [], "summary": {"covered_lines": 0, "num_statements": 0, "percent_covered": 100.0, "percent_covered_display": "100", "missing_lines": 0, "excluded_lines": 0, "percent_statements_covered": 100.0, "percent_statements_covered_display": "100", "num_branches": 0, "num_partial_branches": 0, "covered_branches": 0, "missing_branches": 0, "percent_branches_covered": 100.0, "percent_branches_covered_display": "100"}, "missing_lines": [], "excluded_lines": [], "start_line": 297, "executed_branches": [], "missing_branches": []}, "": {"executed_lines": [1, 3, 5, 6, 7, 8, 9, 10, 13, 14, 15, 16, 17, 18, 19, 20, 21, 22, 23, 24, 34, 37, 50, 61, 64, 81, 91, 94, 98, 103, 104, 105, 106, 107, 108, 109, 110, 121, 135, 136, 137, 138, 139, 140, 141, 142, 153, 167, 168, 169, 170, 171, 172, 173, 174, 175, 189, 190, 191, 192, 193, 194, 195, 196, 210, 211, 212, 213, 214, 215, 216, 217, 232, 233, 234, 235, 236, 237, 238, 239, 240, 254, 255, 256, 257, 258, 259, 260, 261, 262, 276, 277, 278, 279, 280, 281, 282, 283, 297, 298, 299, 300, 301, 302, 303, 304, 305], "summary": {"covered_lines": 107, "num_statements": 107, "percent_covered": 100.0, "percent_covered_display": "100", "missing_lines": 0, "excluded_lines": 0, "percent_statements_covered": 100.0, "percent_statements_covered_display": "100", "num_branches": 0, "num_partial_branches": 0, "covered_branches": 0, "missing_branches": 0, "percent_branches_covered": 100.0, "percent_branches_covered_display": "100"}, "missing_lines": [], "excluded_lines": [], "start_line": 1, "executed_branches": [], "missing_branches": []}}}, "orchestra_runtime\\adaptive\\__init__.py": {"executed_lines": [9, 19, 25, 26, 27, 35], "summary": {"covered_lines": 6, "num_statements": 6, "percent_covered": 100.0, "percent_covered_display": "100", "missing_lines": 0, "excluded_lines": 0, "percent_statements_covered": 100.0, "percent_statements_covered_display": "100", "num_branches": 0, "num_partial_branches": 0, "covered_branches": 0, "missing_branches": 0, "percent_branches_covered": 100.0, "percent_branches_covered_display": "100"}, "missing_lines": [], "excluded_lines": [], "executed_branches": [], "missing_branches": [], "functions": {"": {"executed_lines": [9, 19, 25, 26, 27, 35], "summary": {"covered_lines": 6, "num_statements": 6, "percent_covered": 100.0, "percent_covered_display": "100", "missing_lines": 0, "excluded_lines": 0, "percent_statements_covered": 100.0, "percent_statements_covered_display": "100", "num_branches": 0, "num_partial_branches": 0, "covered_branches": 0, "missing_branches": 0, "percent_branches_covered": 100.0, "percent_branches_covered_display": "100"}, "missing_lines": [], "excluded_lines": [], "start_line": 1, "executed_branches": [], "missing_branches": []}}, "classes": {"": {"executed_lines": [9, 19, 25, 26, 27, 35], "summary": {"covered_lines": 6, "num_statements": 6, "percent_covered": 100.0, "percent_covered_display": "100", "missing_lines": 0, "excluded_lines": 0, "percent_statements_covered": 100.0, "percent_statements_covered_display": "100", "num_branches": 0, "num_partial_branches": 0, "covered_branches": 0, "missing_branches": 0, "percent_branches_covered": 100.0, "percent_branches_covered_display": "100"}, "missing_lines": [], "excluded_lines": [], "start_line": 1, "executed_branches": [], "missing_branches": []}}}, "orchestra_runtime\\adaptive\\context.py": {"executed_lines": [1, 3, 4, 5, 7, 8, 9, 10, 17, 19, 21, 27, 35, 36, 37, 38, 39, 40, 41, 44, 45, 46, 49, 50, 51, 52, 53, 54, 55, 56, 57, 58, 60, 61, 62, 63, 64, 65, 66, 71, 72, 73, 74, 75, 76, 77, 78, 79, 80, 81, 88, 89, 90, 91, 92, 93, 96, 97, 98, 99, 100, 101, 102, 103, 104, 105, 107, 108, 120, 121, 122, 123, 124, 125, 127, 128, 136, 137, 138, 139, 140, 141, 142, 143, 144, 145, 146, 147, 149, 150, 151, 152, 153, 154, 155, 156, 157, 158, 159, 160, 161, 162, 163, 164, 165, 166, 167, 173, 174, 188, 197, 202, 212, 215, 216, 217, 218, 220, 226, 227, 228, 229, 231, 232, 233, 234, 235, 236, 238, 239, 240, 251, 252, 256, 257, 258, 259, 261, 267, 268, 269, 270, 271, 272, 273, 274, 275, 285, 291, 292, 293, 294, 302, 303, 307, 308, 309, 310, 311, 312, 313, 314, 315, 316, 318, 319, 320, 321, 322, 324, 330, 331, 332, 333, 334, 335, 336, 344, 352, 353, 358, 359, 360, 361, 362, 363, 364, 365, 366, 369, 372, 378, 379, 380, 381, 382, 383, 387, 389, 398, 399, 400, 407, 409, 419, 420, 429, 439, 440, 449, 455, 456, 457, 458, 459, 460, 461, 462, 463, 464, 471], "summary": {"covered_lines": 221, "num_statements": 224, "percent_covered": 98.0, "percent_covered_display": "98", "missing_lines": 3, "excluded_lines": 8, "percent_statements_covered": 98.66071428571429, "percent_statements_covered_display": "99", "num_branches": 76, "num_partial_branches": 3, "covered_branches": 73, "missing_branches": 3, "percent_branches_covered": 96.05263157894737, "percent_branches_covered_display": "96"}, "missing_lines": [317, 421, 441], "excluded_lines": [189, 190, 191, 192, 193, 194, 195, 196], "executed_branches": [[36, 37], [36, 38], [39, 40], [39, 41], [64, 65], [64, 66], [66, 71], [66, 72], [73, 74], [73, 79], [74, 75], [74, 76], [77, 78], [77, 79], [150, 151], [150, 152], [155, 156], [155, 157], [158, 159], [158, 160], [216, 217], [216, 218], [226, 227], [226, 228], [228, 229], [228, 231], [233, 234], [233, 235], [235, 236], [235, 238], [256, 257], [256, 258], [268, 269], [268, 294], [269, 270], [269, 271], [272, 273], [272, 274], [292, 268], [292, 293], [307, 308], [307, 309], [309, 310], [309, 311], [311, 312], [311, 313], [313, 314], [313, 322], [314, 315], [314, 316], [316, 318], [319, 320], [319, 321], [331, 332], [331, 344], [332, 333], [332, 334], [334, 335], [334, 336], [358, 359], [358, 360], [360, 361], [360, 362], [362, 363], [362, 364], [364, 365], [364, 366], [378, 379], [378, 380], [419, 420], [439, 440], [456, 457], [456, 458]], "missing_branches": [[316, 317], [419, 421], [439, 441]], "functions": {"_text": {"executed_lines": [36, 37, 38, 39, 40, 41], "summary": {"covered_lines": 6, "num_statements": 6, "percent_covered": 100.0, "percent_covered_display": "100", "missing_lines": 0, "excluded_lines": 0, "percent_statements_covered": 100.0, "percent_statements_covered_display": "100", "num_branches": 4, "num_partial_branches": 0, "covered_branches": 4, "missing_branches": 0, "percent_branches_covered": 100.0, "percent_branches_covered_display": "100"}, "missing_lines": [], "excluded_lines": [], "start_line": 35, "executed_branches": [[36, 37], [36, 38], [39, 40], [39, 41]], "missing_branches": []}, "_stable_refs": {"executed_lines": [45, 46], "summary": {"covered_lines": 2, "num_statements": 2, "percent_covered": 100.0, "percent_covered_display": "100", "missing_lines": 0, "excluded_lines": 0, "percent_statements_covered": 100.0, "percent_statements_covered_display": "100", "num_branches": 0, "num_partial_branches": 0, "covered_branches": 0, "missing_branches": 0, "percent_branches_covered": 100.0, "percent_branches_covered_display": "100"}, "missing_lines": [], "excluded_lines": [], "start_line": 44, "executed_branches": [], "missing_branches": []}, "AdaptiveInvocationContext.__post_init__": {"executed_lines": [61, 62, 63, 64, 65, 66, 71, 72, 73, 74, 75, 76, 77, 78, 79, 80, 81, 88, 89, 90, 91, 92, 93], "summary": {"covered_lines": 23, "num_statements": 23, "percent_covered": 100.0, "percent_covered_display": "100", "missing_lines": 0, "excluded_lines": 0, "percent_statements_covered": 100.0, "percent_statements_covered_display": "100", "num_branches": 10, "num_partial_branches": 0, "covered_branches": 10, "missing_branches": 0, "percent_branches_covered": 100.0, "percent_branches_covered_display": "100"}, "missing_lines": [], "excluded_lines": [], "start_line": 60, "executed_branches": [[64, 65], [64, 66], [66, 71], [66, 72], [73, 74], [73, 79], [74, 75], [74, 76], [77, 78], [77, 79]], "missing_branches": []}, "AdaptiveContextItem.to_dict": {"executed_lines": [108], "summary": {"covered_lines": 1, "num_statements": 1, "percent_covered": 100.0, "percent_covered_display": "100", "missing_lines": 0, "excluded_lines": 0, "percent_statements_covered": 100.0, "percent_statements_covered_display": "100", "num_branches": 0, "num_partial_branches": 0, "covered_branches": 0, "missing_branches": 0, "percent_branches_covered": 100.0, "percent_branches_covered_display": "100"}, "missing_lines": [], "excluded_lines": [], "start_line": 107, "executed_branches": [], "missing_branches": []}, "AdaptiveOutcomeEvidence.to_dict": {"executed_lines": [128], "summary": {"covered_lines": 1, "num_statements": 1, "percent_covered": 100.0, "percent_covered_display": "100", "missing_lines": 0, "excluded_lines": 0, "percent_statements_covered": 100.0, "percent_statements_covered_display": "100", "num_branches": 0, "num_partial_branches": 0, "covered_branches": 0, "missing_branches": 0, "percent_branches_covered": 100.0, "percent_branches_covered_display": "100"}, "missing_lines": [], "excluded_lines": [], "start_line": 127, "executed_branches": [], "missing_branches": []}, "AdaptiveContextPacket.__post_init__": {"executed_lines": [150, 151, 152, 153, 154, 155, 156, 157, 158, 159, 160, 161, 162, 163, 164, 165, 166, 167], "summary": {"covered_lines": 18, "num_statements": 18, "percent_covered": 100.0, "percent_covered_display": "100", "missing_lines": 0, "excluded_lines": 0, "percent_statements_covered": 100.0, "percent_statements_covered_display": "100", "num_branches": 6, "num_partial_branches": 0, "covered_branches": 6, "missing_branches": 0, "percent_branches_covered": 100.0, "percent_branches_covered_display": "100"}, "missing_lines": [], "excluded_lines": [], "start_line": 149, "executed_branches": [[150, 151], [150, 152], [155, 156], [155, 157], [158, 159], [158, 160]], "missing_branches": []}, "AdaptiveContextPacket.to_dict": {"executed_lines": [174], "summary": {"covered_lines": 1, "num_statements": 1, "percent_covered": 100.0, "percent_covered_display": "100", "missing_lines": 0, "excluded_lines": 0, "percent_statements_covered": 100.0, "percent_statements_covered_display": "100", "num_branches": 0, "num_partial_branches": 0, "covered_branches": 0, "missing_branches": 0, "percent_branches_covered": 100.0, "percent_branches_covered_display": "100"}, "missing_lines": [], "excluded_lines": [], "start_line": 173, "executed_branches": [], "missing_branches": []}, "AdaptiveContextProvider.compile": {"executed_lines": [], "summary": {"covered_lines": 0, "num_statements": 0, "percent_covered": 100.0, "percent_covered_display": "100", "missing_lines": 0, "excluded_lines": 1, "percent_statements_covered": 100.0, "percent_statements_covered_display": "100", "num_branches": 0, "num_partial_branches": 0, "covered_branches": 0, "missing_branches": 0, "percent_branches_covered": 100.0, "percent_branches_covered_display": "100"}, "missing_lines": [], "excluded_lines": [194], "start_line": 189, "executed_branches": [], "missing_branches": []}, "fallback_packet": {"executed_lines": [202], "summary": {"covered_lines": 1, "num_statements": 1, "percent_covered": 100.0, "percent_covered_display": "100", "missing_lines": 0, "excluded_lines": 0, "percent_statements_covered": 100.0, "percent_statements_covered_display": "100", "num_branches": 0, "num_partial_branches": 0, "covered_branches": 0, "missing_branches": 0, "percent_branches_covered": 100.0, "percent_branches_covered_display": "100"}, "missing_lines": [], "excluded_lines": [], "start_line": 197, "executed_branches": [], "missing_branches": []}, "StoreBackedAdaptiveContextProvider.__init__": {"executed_lines": [216, 217, 218], "summary": {"covered_lines": 3, "num_statements": 3, "percent_covered": 100.0, "percent_covered_display": "100", "missing_lines": 0, "excluded_lines": 0, "percent_statements_covered": 100.0, "percent_statements_covered_display": "100", "num_branches": 2, "num_partial_branches": 0, "covered_branches": 2, "missing_branches": 0, "percent_branches_covered": 100.0, "percent_branches_covered_display": "100"}, "missing_lines": [], "excluded_lines": [], "start_line": 215, "executed_branches": [[216, 217], [216, 218]], "missing_branches": []}, "StoreBackedAdaptiveContextProvider.compile": {"executed_lines": [226, 227, 228, 229, 231, 232, 233, 234, 235, 236, 238, 239, 240], "summary": {"covered_lines": 13, "num_statements": 13, "percent_covered": 100.0, "percent_covered_display": "100", "missing_lines": 0, "excluded_lines": 0, "percent_statements_covered": 100.0, "percent_statements_covered_display": "100", "num_branches": 8, "num_partial_branches": 0, "covered_branches": 8, "missing_branches": 0, "percent_branches_covered": 100.0, "percent_branches_covered_display": "100"}, "missing_lines": [], "excluded_lines": [], "start_line": 220, "executed_branches": [[226, 227], [226, 228], [228, 229], [228, 231], [233, 234], [233, 235], [235, 236], [235, 238]], "missing_branches": []}, "StoreBackedAdaptiveContextProvider._profile_is_current": {"executed_lines": [256, 257, 258, 259], "summary": {"covered_lines": 4, "num_statements": 4, "percent_covered": 100.0, "percent_covered_display": "100", "missing_lines": 0, "excluded_lines": 0, "percent_statements_covered": 100.0, "percent_statements_covered_display": "100", "num_branches": 2, "num_partial_branches": 0, "covered_branches": 2, "missing_branches": 0, "percent_branches_covered": 100.0, "percent_branches_covered_display": "100"}, "missing_lines": [], "excluded_lines": [], "start_line": 252, "executed_branches": [[256, 257], [256, 258]], "missing_branches": []}, "StoreBackedAdaptiveContextProvider._select_patterns": {"executed_lines": [267, 268, 269, 270, 271, 272, 273, 274, 275, 285, 291, 292, 293, 294], "summary": {"covered_lines": 14, "num_statements": 14, "percent_covered": 100.0, "percent_covered_display": "100", "missing_lines": 0, "excluded_lines": 0, "percent_statements_covered": 100.0, "percent_statements_covered_display": "100", "num_branches": 8, "num_partial_branches": 0, "covered_branches": 8, "missing_branches": 0, "percent_branches_covered": 100.0, "percent_branches_covered_display": "100"}, "missing_lines": [], "excluded_lines": [], "start_line": 261, "executed_branches": [[268, 269], [268, 294], [269, 270], [269, 271], [272, 273], [272, 274], [292, 268], [292, 293]], "missing_branches": []}, "StoreBackedAdaptiveContextProvider._classify_pattern": {"executed_lines": [307, 308, 309, 310, 311, 312, 313, 314, 315, 316, 318, 319, 320, 321, 322], "summary": {"covered_lines": 15, "num_statements": 16, "percent_covered": 93.33333333333333, "percent_covered_display": "93", "missing_lines": 1, "excluded_lines": 0, "percent_statements_covered": 93.75, "percent_statements_covered_display": "94", "num_branches": 14, "num_partial_branches": 1, "covered_branches": 13, "missing_branches": 1, "percent_branches_covered": 92.85714285714286, "percent_branches_covered_display": "93"}, "missing_lines": [317], "excluded_lines": [], "start_line": 303, "executed_branches": [[307, 308], [307, 309], [309, 310], [309, 311], [311, 312], [311, 313], [313, 314], [313, 322], [314, 315], [314, 316], [316, 318], [319, 320], [319, 321]], "missing_branches": [[316, 317]]}, "StoreBackedAdaptiveContextProvider._select_outcomes": {"executed_lines": [330, 331, 332, 333, 334, 335, 336, 344], "summary": {"covered_lines": 8, "num_statements": 8, "percent_covered": 100.0, "percent_covered_display": "100", "missing_lines": 0, "excluded_lines": 0, "percent_statements_covered": 100.0, "percent_statements_covered_display": "100", "num_branches": 6, "num_partial_branches": 0, "covered_branches": 6, "missing_branches": 0, "percent_branches_covered": 100.0, "percent_branches_covered_display": "100"}, "missing_lines": [], "excluded_lines": [], "start_line": 324, "executed_branches": [[331, 332], [331, 344], [332, 333], [332, 334], [334, 335], [334, 336]], "missing_branches": []}, "StoreBackedAdaptiveContextProvider._scope_matches": {"executed_lines": [358, 359, 360, 361, 362, 363, 364, 365, 366], "summary": {"covered_lines": 9, "num_statements": 9, "percent_covered": 100.0, "percent_covered_display": "100", "missing_lines": 0, "excluded_lines": 0, "percent_statements_covered": 100.0, "percent_statements_covered_display": "100", "num_branches": 8, "num_partial_branches": 0, "covered_branches": 8, "missing_branches": 0, "percent_branches_covered": 100.0, "percent_branches_covered_display": "100"}, "missing_lines": [], "excluded_lines": [], "start_line": 353, "executed_branches": [[358, 359], [358, 360], [360, 361], [360, 362], [362, 363], [362, 364], [364, 365], [364, 366]], "missing_branches": []}, "AdaptiveRuntimeExecutor.__init__": {"executed_lines": [378, 379, 380, 381, 382, 383, 387], "summary": {"covered_lines": 7, "num_statements": 7, "percent_covered": 100.0, "percent_covered_display": "100", "missing_lines": 0, "excluded_lines": 0, "percent_statements_covered": 100.0, "percent_statements_covered_display": "100", "num_branches": 2, "num_partial_branches": 0, "covered_branches": 2, "missing_branches": 0, "percent_branches_covered": 100.0, "percent_branches_covered_display": "100"}, "missing_lines": [], "excluded_lines": [], "start_line": 372, "executed_branches": [[378, 379], [378, 380]], "missing_branches": []}, "AdaptiveRuntimeExecutor.execute": {"executed_lines": [398, 399, 400, 407], "summary": {"covered_lines": 4, "num_statements": 4, "percent_covered": 100.0, "percent_covered_display": "100", "missing_lines": 0, "excluded_lines": 0, "percent_statements_covered": 100.0, "percent_statements_covered_display": "100", "num_branches": 0, "num_partial_branches": 0, "covered_branches": 0, "missing_branches": 0, "percent_branches_covered": 100.0, "percent_branches_covered_display": "100"}, "missing_lines": [], "excluded_lines": [], "start_line": 389, "executed_branches": [], "missing_branches": []}, "AdaptiveRuntimeExecutor.execute_delegation_request": {"executed_lines": [419, 420], "summary": {"covered_lines": 2, "num_statements": 3, "percent_covered": 60.0, "percent_covered_display": "60", "missing_lines": 1, "excluded_lines": 0, "percent_statements_covered": 66.66666666666667, "percent_statements_covered_display": "67", "num_branches": 2, "num_partial_branches": 1, "covered_branches": 1, "missing_branches": 1, "percent_branches_covered": 50.0, "percent_branches_covered_display": "50"}, "missing_lines": [421], "excluded_lines": [], "start_line": 409, "executed_branches": [[419, 420]], "missing_branches": [[419, 421]]}, "AdaptiveRuntimeExecutor.execute_delegated": {"executed_lines": [439, 440], "summary": {"covered_lines": 2, "num_statements": 3, "percent_covered": 60.0, "percent_covered_display": "60", "missing_lines": 1, "excluded_lines": 0, "percent_statements_covered": 66.66666666666667, "percent_statements_covered_display": "67", "num_branches": 2, "num_partial_branches": 1, "covered_branches": 1, "missing_branches": 1, "percent_branches_covered": 50.0, "percent_branches_covered_display": "50"}, "missing_lines": [441], "excluded_lines": [], "start_line": 429, "executed_branches": [[439, 440]], "missing_branches": [[439, 441]]}, "AdaptiveRuntimeExecutor._adaptive_operation": {"executed_lines": [455, 456, 457, 458, 459, 460, 461, 462, 463, 464, 471], "summary": {"covered_lines": 11, "num_statements": 11, "percent_covered": 100.0, "percent_covered_display": "100", "missing_lines": 0, "excluded_lines": 0, "percent_statements_covered": 100.0, "percent_statements_covered_display": "100", "num_branches": 2, "num_partial_branches": 0, "covered_branches": 2, "missing_branches": 0, "percent_branches_covered": 100.0, "percent_branches_covered_display": "100"}, "missing_lines": [], "excluded_lines": [], "start_line": 449, "executed_branches": [[456, 457], [456, 458]], "missing_branches": []}, "": {"executed_lines": [1, 3, 4, 5, 7, 8, 9, 10, 17, 19, 21, 27, 35, 44, 49, 50, 51, 52, 53, 54, 55, 56, 57, 58, 60, 96, 97, 98, 99, 100, 101, 102, 103, 104, 105, 107, 120, 121, 122, 123, 124, 125, 127, 136, 137, 138, 139, 140, 141, 142, 143, 144, 145, 146, 147, 149, 173, 188, 197, 212, 215, 220, 251, 252, 261, 302, 303, 324, 352, 353, 369, 372, 389, 409, 429, 449], "summary": {"covered_lines": 76, "num_statements": 76, "percent_covered": 100.0, "percent_covered_display": "100", "missing_lines": 0, "excluded_lines": 7, "percent_statements_covered": 100.0, "percent_statements_covered_display": "100", "num_branches": 0, "num_partial_branches": 0, "covered_branches": 0, "missing_branches": 0, "percent_branches_covered": 100.0, "percent_branches_covered_display": "100"}, "missing_lines": [], "excluded_lines": [189, 190, 191, 192, 193, 195, 196], "start_line": 1, "executed_branches": [], "missing_branches": []}}, "classes": {"AdaptiveInvocationContext": {"executed_lines": [61, 62, 63, 64, 65, 66, 71, 72, 73, 74, 75, 76, 77, 78, 79, 80, 81, 88, 89, 90, 91, 92, 93], "summary": {"covered_lines": 23, "num_statements": 23, "percent_covered": 100.0, "percent_covered_display": "100", "missing_lines": 0, "excluded_lines": 0, "percent_statements_covered": 100.0, "percent_statements_covered_display": "100", "num_branches": 10, "num_partial_branches": 0, "covered_branches": 10, "missing_branches": 0, "percent_branches_covered": 100.0, "percent_branches_covered_display": "100"}, "missing_lines": [], "excluded_lines": [], "start_line": 50, "executed_branches": [[64, 65], [64, 66], [66, 71], [66, 72], [73, 74], [73, 79], [74, 75], [74, 76], [77, 78], [77, 79]], "missing_branches": []}, "AdaptiveContextItem": {"executed_lines": [108], "summary": {"covered_lines": 1, "num_statements": 1, "percent_covered": 100.0, "percent_covered_display": "100", "missing_lines": 0, "excluded_lines": 0, "percent_statements_covered": 100.0, "percent_statements_covered_display": "100", "num_branches": 0, "num_partial_branches": 0, "covered_branches": 0, "missing_branches": 0, "percent_branches_covered": 100.0, "percent_branches_covered_display": "100"}, "missing_lines": [], "excluded_lines": [], "start_line": 97, "executed_branches": [], "missing_branches": []}, "AdaptiveOutcomeEvidence": {"executed_lines": [128], "summary": {"covered_lines": 1, "num_statements": 1, "percent_covered": 100.0, "percent_covered_display": "100", "missing_lines": 0, "excluded_lines": 0, "percent_statements_covered": 100.0, "percent_statements_covered_display": "100", "num_branches": 0, "num_partial_branches": 0, "covered_branches": 0, "missing_branches": 0, "percent_branches_covered": 100.0, "percent_branches_covered_display": "100"}, "missing_lines": [], "excluded_lines": [], "start_line": 121, "executed_branches": [], "missing_branches": []}, "AdaptiveContextPacket": {"executed_lines": [150, 151, 152, 153, 154, 155, 156, 157, 158, 159, 160, 161, 162, 163, 164, 165, 166, 167, 174], "summary": {"covered_lines": 19, "num_statements": 19, "percent_covered": 100.0, "percent_covered_display": "100", "missing_lines": 0, "excluded_lines": 0, "percent_statements_covered": 100.0, "percent_statements_covered_display": "100", "num_branches": 6, "num_partial_branches": 0, "covered_branches": 6, "missing_branches": 0, "percent_branches_covered": 100.0, "percent_branches_covered_display": "100"}, "missing_lines": [], "excluded_lines": [], "start_line": 137, "executed_branches": [[150, 151], [150, 152], [155, 156], [155, 157], [158, 159], [158, 160]], "missing_branches": []}, "AdaptiveContextProvider": {"executed_lines": [], "summary": {"covered_lines": 0, "num_statements": 0, "percent_covered": 100.0, "percent_covered_display": "100", "missing_lines": 0, "excluded_lines": 1, "percent_statements_covered": 100.0, "percent_statements_covered_display": "100", "num_branches": 0, "num_partial_branches": 0, "covered_branches": 0, "missing_branches": 0, "percent_branches_covered": 100.0, "percent_branches_covered_display": "100"}, "missing_lines": [], "excluded_lines": [194], "start_line": 188, "executed_branches": [], "missing_branches": []}, "StoreBackedAdaptiveContextProvider": {"executed_lines": [216, 217, 218, 226, 227, 228, 229, 231, 232, 233, 234, 235, 236, 238, 239, 240, 256, 257, 258, 259, 267, 268, 269, 270, 271, 272, 273, 274, 275, 285, 291, 292, 293, 294, 307, 308, 309, 310, 311, 312, 313, 314, 315, 316, 318, 319, 320, 321, 322, 330, 331, 332, 333, 334, 335, 336, 344, 358, 359, 360, 361, 362, 363, 364, 365, 366], "summary": {"covered_lines": 66, "num_statements": 67, "percent_covered": 98.26086956521739, "percent_covered_display": "98", "missing_lines": 1, "excluded_lines": 0, "percent_statements_covered": 98.50746268656717, "percent_statements_covered_display": "99", "num_branches": 48, "num_partial_branches": 1, "covered_branches": 47, "missing_branches": 1, "percent_branches_covered": 97.91666666666667, "percent_branches_covered_display": "98"}, "missing_lines": [317], "excluded_lines": [], "start_line": 212, "executed_branches": [[216, 217], [216, 218], [226, 227], [226, 228], [228, 229], [228, 231], [233, 234], [233, 235], [235, 236], [235, 238], [256, 257], [256, 258], [268, 269], [268, 294], [269, 270], [269, 271], [272, 273], [272, 274], [292, 268], [292, 293], [307, 308], [307, 309], [309, 310], [309, 311], [311, 312], [311, 313], [313, 314], [313, 322], [314, 315], [314, 316], [316, 318], [319, 320], [319, 321], [331, 332], [331, 344], [332, 333], [332, 334], [334, 335], [334, 336], [358, 359], [358, 360], [360, 361], [360, 362], [362, 363], [362, 364], [364, 365], [364, 366]], "missing_branches": [[316, 317]]}, "AdaptiveRuntimeExecutor": {"executed_lines": [378, 379, 380, 381, 382, 383, 387, 398, 399, 400, 407, 419, 420, 439, 440, 455, 456, 457, 458, 459, 460, 461, 462, 463, 464, 471], "summary": {"covered_lines": 26, "num_statements": 28, "percent_covered": 88.88888888888889, "percent_covered_display": "89", "missing_lines": 2, "excluded_lines": 0, "percent_statements_covered": 92.85714285714286, "percent_statements_covered_display": "93", "num_branches": 8, "num_partial_branches": 2, "covered_branches": 6, "missing_branches": 2, "percent_branches_covered": 75.0, "percent_branches_covered_display": "75"}, "missing_lines": [421, 441], "excluded_lines": [], "start_line": 369, "executed_branches": [[378, 379], [378, 380], [419, 420], [439, 440], [456, 457], [456, 458]], "missing_branches": [[419, 421], [439, 441]]}, "": {"executed_lines": [1, 3, 4, 5, 7, 8, 9, 10, 17, 19, 21, 27, 35, 36, 37, 38, 39, 40, 41, 44, 45, 46, 49, 50, 51, 52, 53, 54, 55, 56, 57, 58, 60, 96, 97, 98, 99, 100, 101, 102, 103, 104, 105, 107, 120, 121, 122, 123, 124, 125, 127, 136, 137, 138, 139, 140, 141, 142, 143, 144, 145, 146, 147, 149, 173, 188, 197, 202, 212, 215, 220, 251, 252, 261, 302, 303, 324, 352, 353, 369, 372, 389, 409, 429, 449], "summary": {"covered_lines": 85, "num_statements": 85, "percent_covered": 100.0, "percent_covered_display": "100", "missing_lines": 0, "excluded_lines": 7, "percent_statements_covered": 100.0, "percent_statements_covered_display": "100", "num_branches": 4, "num_partial_branches": 0, "covered_branches": 4, "missing_branches": 0, "percent_branches_covered": 100.0, "percent_branches_covered_display": "100"}, "missing_lines": [], "excluded_lines": [189, 190, 191, 192, 193, 195, 196], "start_line": 1, "executed_branches": [[36, 37], [36, 38], [39, 40], [39, 41]], "missing_branches": []}}}, "orchestra_runtime\\adaptive\\models.py": {"executed_lines": [1, 3, 4, 5, 6, 8, 10, 11, 12, 14, 15, 24, 36, 38, 59, 60, 79, 88, 89, 90, 91, 92, 93, 94, 95, 96, 99, 100, 103, 104, 105, 106, 107, 110, 111, 112, 114, 115, 116, 117, 120, 121, 122, 123, 124, 125, 126, 127, 128, 129, 130, 131, 132, 133, 136, 137, 139, 140, 141, 142, 145, 146, 147, 148, 149, 152, 153, 156, 157, 158, 159, 160, 161, 162, 164, 165, 166, 167, 168, 169, 170, 171, 172, 173, 174, 175, 177, 178, 179, 182, 183, 184, 185, 186, 188, 189, 190, 191, 192, 194, 195, 196, 197, 198, 199, 201, 202, 203, 205, 206, 207, 208, 209, 217, 218, 219, 222, 223, 224, 225, 226, 227, 228, 229, 230, 231, 232, 233, 234, 235, 236, 237, 239, 240, 241, 242, 243, 244, 245, 246, 247, 248, 249, 250, 251, 252, 253, 254, 255, 256, 260, 261, 262, 263, 264, 265, 266, 267, 268, 269, 271, 272, 273, 275, 276, 277, 278, 279, 280, 281, 282, 283, 284, 285, 287, 288, 303, 304, 305, 307, 308, 309, 310, 311, 328, 329, 330, 333, 334, 335, 336, 337, 338, 339, 340, 341, 342, 343, 344, 345, 346, 347, 349, 350, 351, 352, 353, 354, 355, 356, 357, 358, 359, 360, 361, 362, 363, 364, 367, 368, 369, 370, 371, 372, 374, 375, 376, 377, 378, 379, 380, 381, 382, 383, 385, 386, 400, 401, 402, 405, 406, 407, 408, 409, 410, 411, 412, 413, 415, 416, 417, 418, 419, 420, 421, 422, 423, 424, 425, 426, 427, 428, 429, 430, 431, 432, 433, 438, 439, 441, 442, 452, 453, 454], "summary": {"covered_lines": 274, "num_statements": 276, "percent_covered": 98.96373056994818, "percent_covered_display": "99", "missing_lines": 2, "excluded_lines": 0, "percent_statements_covered": 99.27536231884058, "percent_statements_covered_display": "99", "num_branches": 110, "num_partial_branches": 2, "covered_branches": 108, "missing_branches": 2, "percent_branches_covered": 98.18181818181819, "percent_branches_covered_display": "98"}, "missing_lines": [113, 138], "excluded_lines": [], "executed_branches": [[89, 90], [89, 91], [92, 93], [92, 94], [94, 95], [94, 96], [105, 106], [105, 107], [112, 114], [115, 116], [115, 117], [121, 122], [121, 128], [122, 123], [122, 127], [124, 125], [124, 126], [128, 129], [128, 132], [129, 130], [129, 131], [132, -120], [132, 133], [137, 139], [146, 147], [146, 148], [149, 152], [149, 153], [166, 167], [166, 168], [172, 173], [172, 177], [174, 175], [174, 177], [177, 178], [177, 179], [179, 182], [179, 183], [183, 184], [183, 185], [185, 186], [185, 188], [196, 197], [196, 198], [198, 199], [198, 201], [201, 202], [201, 203], [207, 208], [207, 209], [240, 241], [240, 242], [242, 243], [242, 244], [244, 245], [244, 246], [247, 248], [247, 249], [250, 251], [250, 252], [252, 253], [252, 254], [254, 255], [254, 256], [256, 260], [256, 261], [261, 262], [261, 263], [263, 264], [263, 265], [267, 268], [267, 271], [268, 269], [268, 275], [272, 273], [272, 275], [303, 304], [303, 305], [309, 310], [309, 311], [350, 351], [350, 352], [353, 354], [353, 355], [356, 357], [356, 358], [358, 359], [358, 360], [360, 361], [360, 362], [364, 367], [364, 368], [368, 369], [368, 371], [369, 370], [369, 371], [400, 401], [400, 402], [416, 417], [416, 418], [420, 421], [420, 422], [422, 423], [422, 424], [425, 426], [425, 427], [428, 429], [428, 430]], "missing_branches": [[112, 113], [137, 138]], "functions": {"_text": {"executed_lines": [89, 90, 91, 92, 93, 94, 95, 96], "summary": {"covered_lines": 8, "num_statements": 8, "percent_covered": 100.0, "percent_covered_display": "100", "missing_lines": 0, "excluded_lines": 0, "percent_statements_covered": 100.0, "percent_statements_covered_display": "100", "num_branches": 6, "num_partial_branches": 0, "covered_branches": 6, "missing_branches": 0, "percent_branches_covered": 100.0, "percent_branches_covered_display": "100"}, "missing_lines": [], "excluded_lines": [], "start_line": 88, "executed_branches": [[89, 90], [89, 91], [92, 93], [92, 94], [94, 95], [94, 96]], "missing_branches": []}, "_optional_text": {"executed_lines": [100], "summary": {"covered_lines": 1, "num_statements": 1, "percent_covered": 100.0, "percent_covered_display": "100", "missing_lines": 0, "excluded_lines": 0, "percent_statements_covered": 100.0, "percent_statements_covered_display": "100", "num_branches": 0, "num_partial_branches": 0, "covered_branches": 0, "missing_branches": 0, "percent_branches_covered": 100.0, "percent_branches_covered_display": "100"}, "missing_lines": [], "excluded_lines": [], "start_line": 99, "executed_branches": [], "missing_branches": []}, "_stable_strings": {"executed_lines": [104, 105, 106, 107], "summary": {"covered_lines": 4, "num_statements": 4, "percent_covered": 100.0, "percent_covered_display": "100", "missing_lines": 0, "excluded_lines": 0, "percent_statements_covered": 100.0, "percent_statements_covered_display": "100", "num_branches": 2, "num_partial_branches": 0, "covered_branches": 2, "missing_branches": 0, "percent_branches_covered": 100.0, "percent_branches_covered_display": "100"}, "missing_lines": [], "excluded_lines": [], "start_line": 103, "executed_branches": [[105, 106], [105, 107]], "missing_branches": []}, "validate_subject_key": {"executed_lines": [111, 112, 114, 115, 116, 117], "summary": {"covered_lines": 6, "num_statements": 7, "percent_covered": 81.81818181818181, "percent_covered_display": "82", "missing_lines": 1, "excluded_lines": 0, "percent_statements_covered": 85.71428571428571, "percent_statements_covered_display": "86", "num_branches": 4, "num_partial_branches": 1, "covered_branches": 3, "missing_branches": 1, "percent_branches_covered": 75.0, "percent_branches_covered_display": "75"}, "missing_lines": [113], "excluded_lines": [], "start_line": 110, "executed_branches": [[112, 114], [115, 116], [115, 117]], "missing_branches": [[112, 113]]}, "_assert_safe_json": {"executed_lines": [121, 122, 123, 124, 125, 126, 127, 128, 129, 130, 131, 132, 133], "summary": {"covered_lines": 13, "num_statements": 13, "percent_covered": 100.0, "percent_covered_display": "100", "missing_lines": 0, "excluded_lines": 0, "percent_statements_covered": 100.0, "percent_statements_covered_display": "100", "num_branches": 12, "num_partial_branches": 0, "covered_branches": 12, "missing_branches": 0, "percent_branches_covered": 100.0, "percent_branches_covered_display": "100"}, "missing_lines": [], "excluded_lines": [], "start_line": 120, "executed_branches": [[121, 122], [121, 128], [122, 123], [122, 127], [124, 125], [124, 126], [128, 129], [128, 132], [129, 130], [129, 131], [132, -120], [132, 133]], "missing_branches": []}, "safe_json_object": {"executed_lines": [137, 139, 140, 141, 142], "summary": {"covered_lines": 5, "num_statements": 6, "percent_covered": 75.0, "percent_covered_display": "75", "missing_lines": 1, "excluded_lines": 0, "percent_statements_covered": 83.33333333333333, "percent_statements_covered_display": "83", "num_branches": 2, "num_partial_branches": 1, "covered_branches": 1, "missing_branches": 1, "percent_branches_covered": 50.0, "percent_branches_covered_display": "50"}, "missing_lines": [138], "excluded_lines": [], "start_line": 136, "executed_branches": [[137, 139]], "missing_branches": [[137, 138]]}, "_normalize_expiry": {"executed_lines": [146, 147, 148, 149, 152, 153], "summary": {"covered_lines": 6, "num_statements": 6, "percent_covered": 100.0, "percent_covered_display": "100", "missing_lines": 0, "excluded_lines": 0, "percent_statements_covered": 100.0, "percent_statements_covered_display": "100", "num_branches": 4, "num_partial_branches": 0, "covered_branches": 4, "missing_branches": 0, "percent_branches_covered": 100.0, "percent_branches_covered_display": "100"}, "missing_lines": [], "excluded_lines": [], "start_line": 145, "executed_branches": [[146, 147], [146, 148], [149, 152], [149, 153]], "missing_branches": []}, "AdaptiveScope.__post_init__": {"executed_lines": [165, 166, 167, 168, 169, 170, 171, 172, 173, 174, 175, 177, 178, 179, 182, 183, 184, 185, 186, 188, 189, 190, 191, 192], "summary": {"covered_lines": 24, "num_statements": 24, "percent_covered": 100.0, "percent_covered_display": "100", "missing_lines": 0, "excluded_lines": 0, "percent_statements_covered": 100.0, "percent_statements_covered_display": "100", "num_branches": 14, "num_partial_branches": 0, "covered_branches": 14, "missing_branches": 0, "percent_branches_covered": 100.0, "percent_branches_covered_display": "100"}, "missing_lines": [], "excluded_lines": [], "start_line": 164, "executed_branches": [[166, 167], [166, 168], [172, 173], [172, 177], [174, 175], [174, 177], [177, 178], [177, 179], [179, 182], [179, 183], [183, 184], [183, 185], [185, 186], [185, 188]], "missing_branches": []}, "AdaptiveScope.to_dict": {"executed_lines": [195, 196, 197, 198, 199, 201, 202, 203], "summary": {"covered_lines": 8, "num_statements": 8, "percent_covered": 100.0, "percent_covered_display": "100", "missing_lines": 0, "excluded_lines": 0, "percent_statements_covered": 100.0, "percent_statements_covered_display": "100", "num_branches": 6, "num_partial_branches": 0, "covered_branches": 6, "missing_branches": 0, "percent_branches_covered": 100.0, "percent_branches_covered_display": "100"}, "missing_lines": [], "excluded_lines": [], "start_line": 194, "executed_branches": [[196, 197], [196, 198], [198, 199], [198, 201], [201, 202], [201, 203]], "missing_branches": []}, "AdaptiveScope.from_dict": {"executed_lines": [207, 208, 209], "summary": {"covered_lines": 3, "num_statements": 3, "percent_covered": 100.0, "percent_covered_display": "100", "missing_lines": 0, "excluded_lines": 0, "percent_statements_covered": 100.0, "percent_statements_covered_display": "100", "num_branches": 2, "num_partial_branches": 0, "covered_branches": 2, "missing_branches": 0, "percent_branches_covered": 100.0, "percent_branches_covered_display": "100"}, "missing_lines": [], "excluded_lines": [], "start_line": 206, "executed_branches": [[207, 208], [207, 209]], "missing_branches": []}, "AdaptiveScope.identity": {"executed_lines": [219], "summary": {"covered_lines": 1, "num_statements": 1, "percent_covered": 100.0, "percent_covered_display": "100", "missing_lines": 0, "excluded_lines": 0, "percent_statements_covered": 100.0, "percent_statements_covered_display": "100", "num_branches": 0, "num_partial_branches": 0, "covered_branches": 0, "missing_branches": 0, "percent_branches_covered": 100.0, "percent_branches_covered_display": "100"}, "missing_lines": [], "excluded_lines": [], "start_line": 218, "executed_branches": [], "missing_branches": []}, "AdaptiveObservation.__post_init__": {"executed_lines": [240, 241, 242, 243, 244, 245, 246, 247, 248, 249, 250, 251, 252, 253, 254, 255, 256, 260, 261, 262, 263, 264, 265, 266, 267, 268, 269, 271, 272, 273, 275, 276, 277, 278, 279, 280, 281, 282, 283, 284, 285], "summary": {"covered_lines": 41, "num_statements": 41, "percent_covered": 100.0, "percent_covered_display": "100", "missing_lines": 0, "excluded_lines": 0, "percent_statements_covered": 100.0, "percent_statements_covered_display": "100", "num_branches": 26, "num_partial_branches": 0, "covered_branches": 26, "missing_branches": 0, "percent_branches_covered": 100.0, "percent_branches_covered_display": "100"}, "missing_lines": [], "excluded_lines": [], "start_line": 239, "executed_branches": [[240, 241], [240, 242], [242, 243], [242, 244], [244, 245], [244, 246], [247, 248], [247, 249], [250, 251], [250, 252], [252, 253], [252, 254], [254, 255], [254, 256], [256, 260], [256, 261], [261, 262], [261, 263], [263, 264], [263, 265], [267, 268], [267, 271], [268, 269], [268, 275], [272, 273], [272, 275]], "missing_branches": []}, "AdaptiveObservation.to_dict": {"executed_lines": [288, 303, 304, 305], "summary": {"covered_lines": 4, "num_statements": 4, "percent_covered": 100.0, "percent_covered_display": "100", "missing_lines": 0, "excluded_lines": 0, "percent_statements_covered": 100.0, "percent_statements_covered_display": "100", "num_branches": 2, "num_partial_branches": 0, "covered_branches": 2, "missing_branches": 0, "percent_branches_covered": 100.0, "percent_branches_covered_display": "100"}, "missing_lines": [], "excluded_lines": [], "start_line": 287, "executed_branches": [[303, 304], [303, 305]], "missing_branches": []}, "AdaptiveObservation.from_dict": {"executed_lines": [309, 310, 311], "summary": {"covered_lines": 3, "num_statements": 3, "percent_covered": 100.0, "percent_covered_display": "100", "missing_lines": 0, "excluded_lines": 0, "percent_statements_covered": 100.0, "percent_statements_covered_display": "100", "num_branches": 2, "num_partial_branches": 0, "covered_branches": 2, "missing_branches": 0, "percent_branches_covered": 100.0, "percent_branches_covered_display": "100"}, "missing_lines": [], "excluded_lines": [], "start_line": 308, "executed_branches": [[309, 310], [309, 311]], "missing_branches": []}, "AdaptiveObservation.digest": {"executed_lines": [330], "summary": {"covered_lines": 1, "num_statements": 1, "percent_covered": 100.0, "percent_covered_display": "100", "missing_lines": 0, "excluded_lines": 0, "percent_statements_covered": 100.0, "percent_statements_covered_display": "100", "num_branches": 0, "num_partial_branches": 0, "covered_branches": 0, "missing_branches": 0, "percent_branches_covered": 100.0, "percent_branches_covered_display": "100"}, "missing_lines": [], "excluded_lines": [], "start_line": 329, "executed_branches": [], "missing_branches": []}, "AdaptivePattern.__post_init__": {"executed_lines": [350, 351, 352, 353, 354, 355, 356, 357, 358, 359, 360, 361, 362, 363, 364, 367, 368, 369, 370, 371, 372, 374, 375, 376, 377, 378, 379, 380, 381, 382, 383], "summary": {"covered_lines": 31, "num_statements": 31, "percent_covered": 100.0, "percent_covered_display": "100", "missing_lines": 0, "excluded_lines": 0, "percent_statements_covered": 100.0, "percent_statements_covered_display": "100", "num_branches": 16, "num_partial_branches": 0, "covered_branches": 16, "missing_branches": 0, "percent_branches_covered": 100.0, "percent_branches_covered_display": "100"}, "missing_lines": [], "excluded_lines": [], "start_line": 349, "executed_branches": [[350, 351], [350, 352], [353, 354], [353, 355], [356, 357], [356, 358], [358, 359], [358, 360], [360, 361], [360, 362], [364, 367], [364, 368], [368, 369], [368, 371], [369, 370], [369, 371]], "missing_branches": []}, "AdaptivePattern.to_dict": {"executed_lines": [386, 400, 401, 402], "summary": {"covered_lines": 4, "num_statements": 4, "percent_covered": 100.0, "percent_covered_display": "100", "missing_lines": 0, "excluded_lines": 0, "percent_statements_covered": 100.0, "percent_statements_covered_display": "100", "num_branches": 2, "num_partial_branches": 0, "covered_branches": 2, "missing_branches": 0, "percent_branches_covered": 100.0, "percent_branches_covered_display": "100"}, "missing_lines": [], "excluded_lines": [], "start_line": 385, "executed_branches": [[400, 401], [400, 402]], "missing_branches": []}, "AdaptiveProfile.__post_init__": {"executed_lines": [416, 417, 418, 419, 420, 421, 422, 423, 424, 425, 426, 427, 428, 429, 430, 431, 432, 433, 438, 439], "summary": {"covered_lines": 20, "num_statements": 20, "percent_covered": 100.0, "percent_covered_display": "100", "missing_lines": 0, "excluded_lines": 0, "percent_statements_covered": 100.0, "percent_statements_covered_display": "100", "num_branches": 10, "num_partial_branches": 0, "covered_branches": 10, "missing_branches": 0, "percent_branches_covered": 100.0, "percent_branches_covered_display": "100"}, "missing_lines": [], "excluded_lines": [], "start_line": 415, "executed_branches": [[416, 417], [416, 418], [420, 421], [420, 422], [422, 423], [422, 424], [425, 426], [425, 427], [428, 429], [428, 430]], "missing_branches": []}, "AdaptiveProfile.to_dict": {"executed_lines": [442], "summary": {"covered_lines": 1, "num_statements": 1, "percent_covered": 100.0, "percent_covered_display": "100", "missing_lines": 0, "excluded_lines": 0, "percent_statements_covered": 100.0, "percent_statements_covered_display": "100", "num_branches": 0, "num_partial_branches": 0, "covered_branches": 0, "missing_branches": 0, "percent_branches_covered": 100.0, "percent_branches_covered_display": "100"}, "missing_lines": [], "excluded_lines": [], "start_line": 441, "executed_branches": [], "missing_branches": []}, "AdaptiveProfile.digest": {"executed_lines": [454], "summary": {"covered_lines": 1, "num_statements": 1, "percent_covered": 100.0, "percent_covered_display": "100", "missing_lines": 0, "excluded_lines": 0, "percent_statements_covered": 100.0, "percent_statements_covered_display": "100", "num_branches": 0, "num_partial_branches": 0, "covered_branches": 0, "missing_branches": 0, "percent_branches_covered": 100.0, "percent_branches_covered_display": "100"}, "missing_lines": [], "excluded_lines": [], "start_line": 453, "executed_branches": [], "missing_branches": []}, "": {"executed_lines": [1, 3, 4, 5, 6, 8, 10, 11, 12, 14, 15, 24, 36, 38, 59, 60, 79, 88, 99, 103, 110, 120, 136, 145, 156, 157, 158, 159, 160, 161, 162, 164, 194, 205, 206, 217, 218, 222, 223, 224, 225, 226, 227, 228, 229, 230, 231, 232, 233, 234, 235, 236, 237, 239, 287, 307, 308, 328, 329, 333, 334, 335, 336, 337, 338, 339, 340, 341, 342, 343, 344, 345, 346, 347, 349, 385, 405, 406, 407, 408, 409, 410, 411, 412, 413, 415, 441, 452, 453], "summary": {"covered_lines": 89, "num_statements": 89, "percent_covered": 100.0, "percent_covered_display": "100", "missing_lines": 0, "excluded_lines": 0, "percent_statements_covered": 100.0, "percent_statements_covered_display": "100", "num_branches": 0, "num_partial_branches": 0, "covered_branches": 0, "missing_branches": 0, "percent_branches_covered": 100.0, "percent_branches_covered_display": "100"}, "missing_lines": [], "excluded_lines": [], "start_line": 1, "executed_branches": [], "missing_branches": []}}, "classes": {"AdaptiveScope": {"executed_lines": [165, 166, 167, 168, 169, 170, 171, 172, 173, 174, 175, 177, 178, 179, 182, 183, 184, 185, 186, 188, 189, 190, 191, 192, 195, 196, 197, 198, 199, 201, 202, 203, 207, 208, 209, 219], "summary": {"covered_lines": 36, "num_statements": 36, "percent_covered": 100.0, "percent_covered_display": "100", "missing_lines": 0, "excluded_lines": 0, "percent_statements_covered": 100.0, "percent_statements_covered_display": "100", "num_branches": 22, "num_partial_branches": 0, "covered_branches": 22, "missing_branches": 0, "percent_branches_covered": 100.0, "percent_branches_covered_display": "100"}, "missing_lines": [], "excluded_lines": [], "start_line": 157, "executed_branches": [[166, 167], [166, 168], [172, 173], [172, 177], [174, 175], [174, 177], [177, 178], [177, 179], [179, 182], [179, 183], [183, 184], [183, 185], [185, 186], [185, 188], [196, 197], [196, 198], [198, 199], [198, 201], [201, 202], [201, 203], [207, 208], [207, 209]], "missing_branches": []}, "AdaptiveObservation": {"executed_lines": [240, 241, 242, 243, 244, 245, 246, 247, 248, 249, 250, 251, 252, 253, 254, 255, 256, 260, 261, 262, 263, 264, 265, 266, 267, 268, 269, 271, 272, 273, 275, 276, 277, 278, 279, 280, 281, 282, 283, 284, 285, 288, 303, 304, 305, 309, 310, 311, 330], "summary": {"covered_lines": 49, "num_statements": 49, "percent_covered": 100.0, "percent_covered_display": "100", "missing_lines": 0, "excluded_lines": 0, "percent_statements_covered": 100.0, "percent_statements_covered_display": "100", "num_branches": 30, "num_partial_branches": 0, "covered_branches": 30, "missing_branches": 0, "percent_branches_covered": 100.0, "percent_branches_covered_display": "100"}, "missing_lines": [], "excluded_lines": [], "start_line": 223, "executed_branches": [[240, 241], [240, 242], [242, 243], [242, 244], [244, 245], [244, 246], [247, 248], [247, 249], [250, 251], [250, 252], [252, 253], [252, 254], [254, 255], [254, 256], [256, 260], [256, 261], [261, 262], [261, 263], [263, 264], [263, 265], [267, 268], [267, 271], [268, 269], [268, 275], [272, 273], [272, 275], [303, 304], [303, 305], [309, 310], [309, 311]], "missing_branches": []}, "AdaptivePattern": {"executed_lines": [350, 351, 352, 353, 354, 355, 356, 357, 358, 359, 360, 361, 362, 363, 364, 367, 368, 369, 370, 371, 372, 374, 375, 376, 377, 378, 379, 380, 381, 382, 383, 386, 400, 401, 402], "summary": {"covered_lines": 35, "num_statements": 35, "percent_covered": 100.0, "percent_covered_display": "100", "missing_lines": 0, "excluded_lines": 0, "percent_statements_covered": 100.0, "percent_statements_covered_display": "100", "num_branches": 18, "num_partial_branches": 0, "covered_branches": 18, "missing_branches": 0, "percent_branches_covered": 100.0, "percent_branches_covered_display": "100"}, "missing_lines": [], "excluded_lines": [], "start_line": 334, "executed_branches": [[350, 351], [350, 352], [353, 354], [353, 355], [356, 357], [356, 358], [358, 359], [358, 360], [360, 361], [360, 362], [364, 367], [364, 368], [368, 369], [368, 371], [369, 370], [369, 371], [400, 401], [400, 402]], "missing_branches": []}, "AdaptiveProfile": {"executed_lines": [416, 417, 418, 419, 420, 421, 422, 423, 424, 425, 426, 427, 428, 429, 430, 431, 432, 433, 438, 439, 442, 454], "summary": {"covered_lines": 22, "num_statements": 22, "percent_covered": 100.0, "percent_covered_display": "100", "missing_lines": 0, "excluded_lines": 0, "percent_statements_covered": 100.0, "percent_statements_covered_display": "100", "num_branches": 10, "num_partial_branches": 0, "covered_branches": 10, "missing_branches": 0, "percent_branches_covered": 100.0, "percent_branches_covered_display": "100"}, "missing_lines": [], "excluded_lines": [], "start_line": 406, "executed_branches": [[416, 417], [416, 418], [420, 421], [420, 422], [422, 423], [422, 424], [425, 426], [425, 427], [428, 429], [428, 430]], "missing_branches": []}, "": {"executed_lines": [1, 3, 4, 5, 6, 8, 10, 11, 12, 14, 15, 24, 36, 38, 59, 60, 79, 88, 89, 90, 91, 92, 93, 94, 95, 96, 99, 100, 103, 104, 105, 106, 107, 110, 111, 112, 114, 115, 116, 117, 120, 121, 122, 123, 124, 125, 126, 127, 128, 129, 130, 131, 132, 133, 136, 137, 139, 140, 141, 142, 145, 146, 147, 148, 149, 152, 153, 156, 157, 158, 159, 160, 161, 162, 164, 194, 205, 206, 217, 218, 222, 223, 224, 225, 226, 227, 228, 229, 230, 231, 232, 233, 234, 235, 236, 237, 239, 287, 307, 308, 328, 329, 333, 334, 335, 336, 337, 338, 339, 340, 341, 342, 343, 344, 345, 346, 347, 349, 385, 405, 406, 407, 408, 409, 410, 411, 412, 413, 415, 441, 452, 453], "summary": {"covered_lines": 132, "num_statements": 134, "percent_covered": 97.5609756097561, "percent_covered_display": "98", "missing_lines": 2, "excluded_lines": 0, "percent_statements_covered": 98.50746268656717, "percent_statements_covered_display": "99", "num_branches": 30, "num_partial_branches": 2, "covered_branches": 28, "missing_branches": 2, "percent_branches_covered": 93.33333333333333, "percent_branches_covered_display": "93"}, "missing_lines": [113, 138], "excluded_lines": [], "start_line": 1, "executed_branches": [[89, 90], [89, 91], [92, 93], [92, 94], [94, 95], [94, 96], [105, 106], [105, 107], [112, 114], [115, 116], [115, 117], [121, 122], [121, 128], [122, 123], [122, 127], [124, 125], [124, 126], [128, 129], [128, 132], [129, 130], [129, 131], [132, -120], [132, 133], [137, 139], [146, 147], [146, 148], [149, 152], [149, 153]], "missing_branches": [[112, 113], [137, 138]]}}}, "orchestra_runtime\\adaptive\\observations.py": {"executed_lines": [1, 3, 5, 6, 7, 10, 22, 35, 43, 55, 68, 81], "summary": {"covered_lines": 12, "num_statements": 15, "percent_covered": 70.58823529411765, "percent_covered_display": "71", "missing_lines": 3, "excluded_lines": 0, "percent_statements_covered": 80.0, "percent_statements_covered_display": "80", "num_branches": 2, "num_partial_branches": 0, "covered_branches": 0, "missing_branches": 2, "percent_branches_covered": 0.0, "percent_branches_covered_display": "0"}, "missing_lines": [88, 89, 90], "excluded_lines": [], "executed_branches": [], "missing_branches": [[88, 89], [88, 90]], "functions": {"append_explicit_preference": {"executed_lines": [22], "summary": {"covered_lines": 1, "num_statements": 1, "percent_covered": 100.0, "percent_covered_display": "100", "missing_lines": 0, "excluded_lines": 0, "percent_statements_covered": 100.0, "percent_statements_covered_display": "100", "num_branches": 0, "num_partial_branches": 0, "covered_branches": 0, "missing_branches": 0, "percent_branches_covered": 100.0, "percent_branches_covered_display": "100"}, "missing_lines": [], "excluded_lines": [], "start_line": 10, "executed_branches": [], "missing_branches": []}, "append_preference_removal": {"executed_lines": [43], "summary": {"covered_lines": 1, "num_statements": 1, "percent_covered": 100.0, "percent_covered_display": "100", "missing_lines": 0, "excluded_lines": 0, "percent_statements_covered": 100.0, "percent_statements_covered_display": "100", "num_branches": 0, "num_partial_branches": 0, "covered_branches": 0, "missing_branches": 0, "percent_branches_covered": 100.0, "percent_branches_covered_display": "100"}, "missing_lines": [], "excluded_lines": [], "start_line": 35, "executed_branches": [], "missing_branches": []}, "append_inferred_candidate": {"executed_lines": [68], "summary": {"covered_lines": 1, "num_statements": 1, "percent_covered": 100.0, "percent_covered_display": "100", "missing_lines": 0, "excluded_lines": 0, "percent_statements_covered": 100.0, "percent_statements_covered_display": "100", "num_branches": 0, "num_partial_branches": 0, "covered_branches": 0, "missing_branches": 0, "percent_branches_covered": 100.0, "percent_branches_covered_display": "100"}, "missing_lines": [], "excluded_lines": [], "start_line": 55, "executed_branches": [], "missing_branches": []}, "append_retrospective_outcome": {"executed_lines": [], "summary": {"covered_lines": 0, "num_statements": 3, "percent_covered": 0.0, "percent_covered_display": "0", "missing_lines": 3, "excluded_lines": 0, "percent_statements_covered": 0.0, "percent_statements_covered_display": "0", "num_branches": 2, "num_partial_branches": 0, "covered_branches": 0, "missing_branches": 2, "percent_branches_covered": 0.0, "percent_branches_covered_display": "0"}, "missing_lines": [88, 89, 90], "excluded_lines": [], "start_line": 81, "executed_branches": [], "missing_branches": [[88, 89], [88, 90]]}, "": {"executed_lines": [1, 3, 5, 6, 7, 10, 35, 55, 81], "summary": {"covered_lines": 9, "num_statements": 9, "percent_covered": 100.0, "percent_covered_display": "100", "missing_lines": 0, "excluded_lines": 0, "percent_statements_covered": 100.0, "percent_statements_covered_display": "100", "num_branches": 0, "num_partial_branches": 0, "covered_branches": 0, "missing_branches": 0, "percent_branches_covered": 100.0, "percent_branches_covered_display": "100"}, "missing_lines": [], "excluded_lines": [], "start_line": 1, "executed_branches": [], "missing_branches": []}}, "classes": {"": {"executed_lines": [1, 3, 5, 6, 7, 10, 22, 35, 43, 55, 68, 81], "summary": {"covered_lines": 12, "num_statements": 15, "percent_covered": 70.58823529411765, "percent_covered_display": "71", "missing_lines": 3, "excluded_lines": 0, "percent_statements_covered": 80.0, "percent_statements_covered_display": "80", "num_branches": 2, "num_partial_branches": 0, "covered_branches": 0, "missing_branches": 2, "percent_branches_covered": 0.0, "percent_branches_covered_display": "0"}, "missing_lines": [88, 89, 90], "excluded_lines": [], "start_line": 1, "executed_branches": [], "missing_branches": [[88, 89], [88, 90]]}}}, "orchestra_runtime\\adaptive\\portable_memory.py": {"executed_lines": [1, 3, 4, 5, 6, 8, 9, 11, 12, 13, 15, 21, 34, 35, 38, 39, 42, 43, 44, 45, 48, 49, 52, 56, 57, 58, 59, 60, 61, 63, 64, 66, 68, 76, 77, 78, 81, 89, 96, 109, 110, 111, 112, 113, 114, 117, 118, 119, 120, 121, 122, 123, 125, 126, 127, 128, 130, 179, 180], "summary": {"covered_lines": 59, "num_statements": 63, "percent_covered": 90.12345679012346, "percent_covered_display": "90", "missing_lines": 4, "excluded_lines": 6, "percent_statements_covered": 93.65079365079364, "percent_statements_covered_display": "94", "num_branches": 18, "num_partial_branches": 4, "covered_branches": 14, "missing_branches": 4, "percent_branches_covered": 77.77777777777777, "percent_branches_covered_display": "78"}, "missing_lines": [53, 65, 67, 115], "excluded_lines": [90, 91, 92, 93, 94, 95], "executed_branches": [[64, 66], [66, 68], [76, 77], [76, 78], [110, 111], [110, 112], [112, 113], [112, 114], [114, 117], [120, 121], [122, 123], [122, 125], [127, 128], [127, 130]], "missing_branches": [[64, 65], [66, 67], [114, 115], [120, 122]], "functions": {"_load_json": {"executed_lines": [39], "summary": {"covered_lines": 1, "num_statements": 1, "percent_covered": 100.0, "percent_covered_display": "100", "missing_lines": 0, "excluded_lines": 0, "percent_statements_covered": 100.0, "percent_statements_covered_display": "100", "num_branches": 0, "num_partial_branches": 0, "covered_branches": 0, "missing_branches": 0, "percent_branches_covered": 100.0, "percent_branches_covered_display": "100"}, "missing_lines": [], "excluded_lines": [], "start_line": 38, "executed_branches": [], "missing_branches": []}, "_validator": {"executed_lines": [43, 44, 45], "summary": {"covered_lines": 3, "num_statements": 3, "percent_covered": 100.0, "percent_covered_display": "100", "missing_lines": 0, "excluded_lines": 0, "percent_statements_covered": 100.0, "percent_statements_covered_display": "100", "num_branches": 0, "num_partial_branches": 0, "covered_branches": 0, "missing_branches": 0, "percent_branches_covered": 100.0, "percent_branches_covered_display": "100"}, "missing_lines": [], "excluded_lines": [], "start_line": 42, "executed_branches": [], "missing_branches": []}, "_unique": {"executed_lines": [49], "summary": {"covered_lines": 1, "num_statements": 1, "percent_covered": 100.0, "percent_covered_display": "100", "missing_lines": 0, "excluded_lines": 0, "percent_statements_covered": 100.0, "percent_statements_covered_display": "100", "num_branches": 0, "num_partial_branches": 0, "covered_branches": 0, "missing_branches": 0, "percent_branches_covered": 100.0, "percent_branches_covered_display": "100"}, "missing_lines": [], "excluded_lines": [], "start_line": 48, "executed_branches": [], "missing_branches": []}, "_utc_now": {"executed_lines": [], "summary": {"covered_lines": 0, "num_statements": 1, "percent_covered": 0.0, "percent_covered_display": "0", "missing_lines": 1, "excluded_lines": 0, "percent_statements_covered": 0.0, "percent_statements_covered_display": "0", "num_branches": 0, "num_partial_branches": 0, "covered_branches": 0, "missing_branches": 0, "percent_branches_covered": 100.0, "percent_branches_covered_display": "100"}, "missing_lines": [53], "excluded_lines": [], "start_line": 52, "executed_branches": [], "missing_branches": []}, "MemoryBackendDescriptor.to_dict": {"executed_lines": [64, 66, 68, 76, 77, 78], "summary": {"covered_lines": 6, "num_statements": 8, "percent_covered": 71.42857142857143, "percent_covered_display": "71", "missing_lines": 2, "excluded_lines": 0, "percent_statements_covered": 75.0, "percent_statements_covered_display": "75", "num_branches": 6, "num_partial_branches": 2, "covered_branches": 4, "missing_branches": 2, "percent_branches_covered": 66.66666666666667, "percent_branches_covered_display": "67"}, "missing_lines": [65, 67], "excluded_lines": [], "start_line": 63, "executed_branches": [[64, 66], [66, 68], [76, 77], [76, 78]], "missing_branches": [[64, 65], [66, 67]]}, "PortableMemoryBackend.validate_candidate": {"executed_lines": [], "summary": {"covered_lines": 0, "num_statements": 0, "percent_covered": 100.0, "percent_covered_display": "100", "missing_lines": 0, "excluded_lines": 1, "percent_statements_covered": 100.0, "percent_statements_covered_display": "100", "num_branches": 0, "num_partial_branches": 0, "covered_branches": 0, "missing_branches": 0, "percent_branches_covered": 100.0, "percent_branches_covered_display": "100"}, "missing_lines": [], "excluded_lines": [91], "start_line": 91, "executed_branches": [], "missing_branches": []}, "PortableMemoryBackend.stage_candidate": {"executed_lines": [], "summary": {"covered_lines": 0, "num_statements": 0, "percent_covered": 100.0, "percent_covered_display": "100", "missing_lines": 0, "excluded_lines": 1, "percent_statements_covered": 100.0, "percent_statements_covered_display": "100", "num_branches": 0, "num_partial_branches": 0, "covered_branches": 0, "missing_branches": 0, "percent_branches_covered": 100.0, "percent_branches_covered_display": "100"}, "missing_lines": [], "excluded_lines": [93], "start_line": 93, "executed_branches": [], "missing_branches": []}, "build_portable_memory_candidate": {"executed_lines": [109, 110, 111, 112, 113, 114, 117, 118, 119, 120, 121, 122, 123, 125, 126, 127, 128, 130, 179, 180], "summary": {"covered_lines": 20, "num_statements": 21, "percent_covered": 90.9090909090909, "percent_covered_display": "91", "missing_lines": 1, "excluded_lines": 0, "percent_statements_covered": 95.23809523809524, "percent_statements_covered_display": "95", "num_branches": 12, "num_partial_branches": 2, "covered_branches": 10, "missing_branches": 2, "percent_branches_covered": 83.33333333333333, "percent_branches_covered_display": "83"}, "missing_lines": [115], "excluded_lines": [], "start_line": 96, "executed_branches": [[110, 111], [110, 112], [112, 113], [112, 114], [114, 117], [120, 121], [122, 123], [122, 125], [127, 128], [127, 130]], "missing_branches": [[114, 115], [120, 122]]}, "": {"executed_lines": [1, 3, 4, 5, 6, 8, 9, 11, 12, 13, 15, 21, 34, 35, 38, 42, 48, 52, 56, 57, 58, 59, 60, 61, 63, 81, 89, 96], "summary": {"covered_lines": 28, "num_statements": 28, "percent_covered": 100.0, "percent_covered_display": "100", "missing_lines": 0, "excluded_lines": 4, "percent_statements_covered": 100.0, "percent_statements_covered_display": "100", "num_branches": 0, "num_partial_branches": 0, "covered_branches": 0, "missing_branches": 0, "percent_branches_covered": 100.0, "percent_branches_covered_display": "100"}, "missing_lines": [], "excluded_lines": [90, 92, 94, 95], "start_line": 1, "executed_branches": [], "missing_branches": []}}, "classes": {"MemoryBackendDescriptor": {"executed_lines": [64, 66, 68, 76, 77, 78], "summary": {"covered_lines": 6, "num_statements": 8, "percent_covered": 71.42857142857143, "percent_covered_display": "71", "missing_lines": 2, "excluded_lines": 0, "percent_statements_covered": 75.0, "percent_statements_covered_display": "75", "num_branches": 6, "num_partial_branches": 2, "covered_branches": 4, "missing_branches": 2, "percent_branches_covered": 66.66666666666667, "percent_branches_covered_display": "67"}, "missing_lines": [65, 67], "excluded_lines": [], "start_line": 57, "executed_branches": [[64, 66], [66, 68], [76, 77], [76, 78]], "missing_branches": [[64, 65], [66, 67]]}, "PortableMemoryBackend": {"executed_lines": [], "summary": {"covered_lines": 0, "num_statements": 0, "percent_covered": 100.0, "percent_covered_display": "100", "missing_lines": 0, "excluded_lines": 2, "percent_statements_covered": 100.0, "percent_statements_covered_display": "100", "num_branches": 0, "num_partial_branches": 0, "covered_branches": 0, "missing_branches": 0, "percent_branches_covered": 100.0, "percent_branches_covered_display": "100"}, "missing_lines": [], "excluded_lines": [91, 93], "start_line": 81, "executed_branches": [], "missing_branches": []}, "": {"executed_lines": [1, 3, 4, 5, 6, 8, 9, 11, 12, 13, 15, 21, 34, 35, 38, 39, 42, 43, 44, 45, 48, 49, 52, 56, 57, 58, 59, 60, 61, 63, 81, 89, 96, 109, 110, 111, 112, 113, 114, 117, 118, 119, 120, 121, 122, 123, 125, 126, 127, 128, 130, 179, 180], "summary": {"covered_lines": 53, "num_statements": 55, "percent_covered": 94.02985074626865, "percent_covered_display": "94", "missing_lines": 2, "excluded_lines": 4, "percent_statements_covered": 96.36363636363636, "percent_statements_covered_display": "96", "num_branches": 12, "num_partial_branches": 2, "covered_branches": 10, "missing_branches": 2, "percent_branches_covered": 83.33333333333333, "percent_branches_covered_display": "83"}, "missing_lines": [53, 115], "excluded_lines": [90, 92, 94, 95], "start_line": 1, "executed_branches": [[110, 111], [110, 112], [112, 113], [112, 114], [114, 117], [120, 121], [122, 123], [122, 125], [127, 128], [127, 130]], "missing_branches": [[114, 115], [120, 122]]}}}, "orchestra_runtime\\adaptive\\privacy.py": {"executed_lines": [1, 3, 4, 5, 7, 8, 9, 11, 14, 20, 21, 22, 23, 32, 39, 40, 41, 42, 45, 52, 53, 54, 55, 56, 66, 67, 68], "summary": {"covered_lines": 27, "num_statements": 27, "percent_covered": 100.0, "
[...]
lines": [915, 916, 917, 919, 920, 921, 928, 931, 932, 933, 934, 941, 942, 943, 944, 952, 953, 954, 962, 963, 964, 966, 967, 968, 969, 970, 977, 978, 979, 980, 987, 988, 989, 990, 996, 997, 1004, 1008], "summary": {"covered_lines": 38, "num_statements": 38, "percent_covered": 100.0, "percent_covered_display": "100", "missing_lines": 0, "excluded_lines": 0, "percent_statements_covered": 100.0, "percent_statements_covered_display": "100", "num_branches": 20, "num_partial_branches": 0, "covered_branches": 20, "missing_branches": 0, "percent_branches_covered": 100.0, "percent_branches_covered_display": "100"}, "missing_lines": [], "excluded_lines": [], "start_line": 904, "executed_branches": [[916, 917], [916, 919], [920, 921], [920, 928], [933, 934], [933, 941], [943, 944], [943, 952], [953, 954], [953, 962], [966, 967], [966, 1004], [969, 970], [969, 977], [979, 980], [979, 987], [989, 990], [989, 996], [996, 997], [996, 1004]], "missing_branches": []}, "initialize_worktree": {"executed_lines": [1022, 1023, 1025, 1026, 1037, 1038, 1039, 1041, 1042, 1043, 1045, 1046, 1059, 1060, 1072, 1073, 1074, 1086, 1089, 1090, 1102, 1106, 1107, 1118, 1121, 1124, 1125, 1127, 1141, 1142, 1144, 1147, 1148, 1150, 1162, 1166], "summary": {"covered_lines": 36, "num_statements": 37, "percent_covered": 96.61016949152543, "percent_covered_display": "97", "missing_lines": 1, "excluded_lines": 0, "percent_statements_covered": 97.29729729729729, "percent_statements_covered_display": "97", "num_branches": 22, "num_partial_branches": 1, "covered_branches": 21, "missing_branches": 1, "percent_branches_covered": 95.45454545454545, "percent_branches_covered_display": "95"}, "missing_lines": [1047], "excluded_lines": [], "start_line": 1016, "executed_branches": [[1025, 1026], [1025, 1037], [1038, 1039], [1038, 1041], [1042, 1043], [1042, 1045], [1046, 1059], [1059, 1060], [1059, 1072], [1073, 1074], [1073, 1086], [1089, 1090], [1089, 1102], [1106, 1107], [1106, 1118], [1124, 1125], [1124, 1127], [1142, 1144], [1142, 1166], [1147, 1148], [1147, 1150]], "missing_branches": [[1046, 1047]]}, "plan_worktree_release": {"executed_lines": [1178, 1179, 1181, 1182, 1183, 1185, 1186, 1187, 1189, 1191, 1192, 1199, 1200, 1201, 1202, 1209], "summary": {"covered_lines": 16, "num_statements": 16, "percent_covered": 100.0, "percent_covered_display": "100", "missing_lines": 0, "excluded_lines": 0, "percent_statements_covered": 100.0, "percent_statements_covered_display": "100", "num_branches": 10, "num_partial_branches": 0, "covered_branches": 10, "missing_branches": 0, "percent_branches_covered": 100.0, "percent_branches_covered_display": "100"}, "missing_lines": [], "excluded_lines": [], "start_line": 1173, "executed_branches": [[1182, 1183], [1182, 1185], [1186, 1187], [1186, 1189], [1191, 1192], [1191, 1199], [1199, 1200], [1199, 1209], [1201, 1202], [1201, 1209]], "missing_branches": []}, "_failed_cleanup_result": {"executed_lines": [1225, 1237], "summary": {"covered_lines": 2, "num_statements": 2, "percent_covered": 100.0, "percent_covered_display": "100", "missing_lines": 0, "excluded_lines": 0, "percent_statements_covered": 100.0, "percent_statements_covered_display": "100", "num_branches": 0, "num_partial_branches": 0, "covered_branches": 0, "missing_branches": 0, "percent_branches_covered": 100.0, "percent_branches_covered_display": "100"}, "missing_lines": [], "excluded_lines": [], "start_line": 1220, "executed_branches": [], "missing_branches": []}, "release_worktree": {"executed_lines": [1250, 1251, 1254, 1255, 1266, 1267, 1279, 1280, 1281, 1284, 1285, 1297, 1298, 1299, 1311, 1312, 1313, 1324, 1325, 1338, 1341, 1342, 1354, 1361, 1366, 1367, 1379, 1392, 1393, 1405, 1412, 1413, 1414, 1418, 1419, 1423, 1427, 1431, 1432, 1443, 1446, 1447, 1451, 1452, 1477, 1481, 1493, 1504, 1505, 1528, 1538, 1539, 1562, 1565, 1566, 1568, 1581], "summary": {"covered_lines": 57, "num_statements": 61, "percent_covered": 92.92929292929293, "percent_covered_display": "93", "missing_lines": 4, "excluded_lines": 0, "percent_statements_covered": 93.44262295081967, "percent_statements_covered_display": "93", "num_branches": 38, "num_partial_branches": 3, "covered_branches": 35, "missing_branches": 3, "percent_branches_covered": 92.10526315789474, "percent_branches_covered_display": "92"}, "missing_lines": [1326, 1424, 1454, 1466], "excluded_lines": [], "start_line": 1244, "executed_branches": [[1254, 1255], [1254, 1266], [1266, 1267], [1266, 1279], [1280, 1281], [1280, 1284], [1284, 1285], [1284, 1297], [1298, 1299], [1298, 1311], [1312, 1313], [1312, 1324], [1325, 1338], [1341, 1342], [1341, 1361], [1366, 1367], [1366, 1392], [1392, 1393], [1392, 1412], [1413, 1414], [1413, 1418], [1423, 1427], [1431, 1432], [1431, 1443], [1446, 1447], [1446, 1451], [1452, 1477], [1477, 1481], [1477, 1504], [1504, 1505], [1504, 1528], [1538, 1539], [1538, 1562], [1565, 1566], [1565, 1568]], "missing_branches": [[1325, 1326], [1423, 1424], [1452, 1454]]}, "serialize_worktree_contract": {"executed_lines": [1589, 1590, 1600, 1601, 1602, 1603, 1604], "summary": {"covered_lines": 7, "num_statements": 7, "percent_covered": 100.0, "percent_covered_display": "100", "missing_lines": 0, "excluded_lines": 0, "percent_statements_covered": 100.0, "percent_statements_covered_display": "100", "num_branches": 4, "num_partial_branches": 0, "covered_branches": 4, "missing_branches": 0, "percent_branches_covered": 100.0, "percent_branches_covered_display": "100"}, "missing_lines": [], "excluded_lines": [], "start_line": 1588, "executed_branches": [[1600, 1601], [1600, 1602], [1602, 1603], [1602, 1604]], "missing_branches": []}, "serialize_worktree_contract_to_str": {"executed_lines": [1608, 1609], "summary": {"covered_lines": 2, "num_statements": 2, "percent_covered": 100.0, "percent_covered_display": "100", "missing_lines": 0, "excluded_lines": 0, "percent_statements_covered": 100.0, "percent_statements_covered_display": "100", "num_branches": 0, "num_partial_branches": 0, "covered_branches": 0, "missing_branches": 0, "percent_branches_covered": 100.0, "percent_branches_covered_display": "100"}, "missing_lines": [], "excluded_lines": [], "start_line": 1607, "executed_branches": [], "missing_branches": []}, "deserialize_worktree_contract": {"executed_lines": [1613, 1614, 1615, 1616, 1617, 1618, 1619, 1621, 1623, 1624, 1627, 1639, 1640, 1641, 1643, 1651, 1652, 1653, 1655, 1656, 1657, 1659, 1660, 1661, 1662, 1663, 1665, 1666, 1667, 1668, 1669, 1671, 1672, 1673, 1675], "summary": {"covered_lines": 35, "num_statements": 35, "percent_covered": 100.0, "percent_covered_display": "100", "missing_lines": 0, "excluded_lines": 0, "percent_statements_covered": 100.0, "percent_statements_covered_display": "100", "num_branches": 14, "num_partial_branches": 0, "covered_branches": 14, "missing_branches": 0, "percent_branches_covered": 100.0, "percent_branches_covered_display": "100"}, "missing_lines": [], "excluded_lines": [], "start_line": 1612, "executed_branches": [[1613, 1614], [1613, 1618], [1618, 1619], [1618, 1621], [1623, 1624], [1623, 1627], [1640, 1641], [1640, 1643], [1652, 1653], [1652, 1655], [1656, 1657], [1656, 1659], [1672, 1673], [1672, 1675]], "missing_branches": []}, "": {"executed_lines": [18, 20, 21, 22, 23, 24, 25, 26, 27, 28, 29, 31, 32, 33, 34, 35, 36, 39, 41, 44, 45, 46, 47, 48, 49, 52, 53, 54, 57, 58, 59, 60, 61, 62, 63, 64, 65, 66, 67, 68, 69, 70, 71, 72, 73, 75, 76, 77, 78, 79, 80, 81, 82, 83, 84, 85, 86, 87, 88, 89, 90, 93, 94, 95, 96, 99, 100, 101, 102, 103, 104, 105, 106, 107, 108, 109, 110, 113, 114, 115, 116, 119, 120, 121, 122, 123, 130, 150, 156, 178, 188, 232, 287, 314, 363, 390, 442, 455, 498, 527, 629, 653, 671, 696, 708, 735, 736, 738, 739, 740, 741, 742, 743, 744, 745, 746, 749, 777, 904, 1016, 1173, 1220, 1244, 1588, 1607, 1612], "summary": {"covered_lines": 126, "num_statements": 126, "percent_covered": 100.0, "percent_covered_display": "100", "missing_lines": 0, "excluded_lines": 0, "percent_statements_covered": 100.0, "percent_statements_covered_display": "100", "num_branches": 0, "num_partial_branches": 0, "covered_branches": 0, "missing_branches": 0, "percent_branches_covered": 100.0, "percent_branches_covered_display": "100"}, "missing_lines": [], "excluded_lines": [], "start_line": 1, "executed_branches": [], "missing_branches": []}}, "classes": {"WorktreeIsolationStatus": {"executed_lines": [], "summary": {"covered_lines": 0, "num_statements": 0, "percent_covered": 100.0, "percent_covered_display": "100", "missing_lines": 0, "excluded_lines": 0, "percent_statements_covered": 100.0, "percent_statements_covered_display": "100", "num_branches": 0, "num_partial_branches": 0, "covered_branches": 0, "missing_branches": 0, "percent_branches_covered": 100.0, "percent_branches_covered_display": "100"}, "missing_lines": [], "excluded_lines": [], "start_line": 44, "executed_branches": [], "missing_branches": []}, "WorktreeCleanupPolicy": {"executed_lines": [], "summary": {"covered_lines": 0, "num_statements": 0, "percent_covered": 100.0, "percent_covered_display": "100", "missing_lines": 0, "excluded_lines": 0, "percent_statements_covered": 100.0, "percent_statements_covered_display": "100", "num_branches": 0, "num_partial_branches": 0, "covered_branches": 0, "missing_branches": 0, "percent_branches_covered": 100.0, "percent_branches_covered_display": "100"}, "missing_lines": [], "excluded_lines": [], "start_line": 52, "executed_branches": [], "missing_branches": []}, "WorktreeReasonCode": {"executed_lines": [], "summary": {"covered_lines": 0, "num_statements": 0, "percent_covered": 100.0, "percent_covered_display": "100", "missing_lines": 0, "excluded_lines": 0, "percent_statements_covered": 100.0, "percent_statements_covered_display": "100", "num_branches": 0, "num_partial_branches": 0, "covered_branches": 0, "missing_branches": 0, "percent_branches_covered": 100.0, "percent_branches_covered_display": "100"}, "missing_lines": [], "excluded_lines": [], "start_line": 57, "executed_branches": [], "missing_branches": []}, "WorktreeDiagnostic": {"executed_lines": [], "summary": {"covered_lines": 0, "num_statements": 0, "percent_covered": 100.0, "percent_covered_display": "100", "missing_lines": 0, "excluded_lines": 0, "percent_statements_covered": 100.0, "percent_statements_covered_display": "100", "num_branches": 0, "num_partial_branches": 0, "covered_branches": 0, "missing_branches": 0, "percent_branches_covered": 100.0, "percent_branches_covered_display": "100"}, "missing_lines": [], "excluded_lines": [], "start_line": 94, "executed_branches": [], "missing_branches": []}, "OrchestraWorktreeContract": {"executed_lines": [], "summary": {"covered_lines": 0, "num_statements": 0, "percent_covered": 100.0, "percent_covered_display": "100", "missing_lines": 0, "excluded_lines": 0, "percent_statements_covered": 100.0, "percent_statements_covered_display": "100", "num_branches": 0, "num_partial_branches": 0, "covered_branches": 0, "missing_branches": 0, "percent_branches_covered": 100.0, "percent_branches_covered_display": "100"}, "missing_lines": [], "excluded_lines": [], "start_line": 100, "executed_branches": [], "missing_branches": []}, "WorktreeValidationResult": {"executed_lines": [], "summary": {"covered_lines": 0, "num_statements": 0, "percent_covered": 100.0, "percent_covered_display": "100", "missing_lines": 0, "excluded_lines": 0, "percent_statements_covered": 100.0, "percent_statements_covered_display": "100", "num_branches": 0, "num_partial_branches": 0, "covered_branches": 0, "missing_branches": 0, "percent_branches_covered": 100.0, "percent_branches_covered_display": "100"}, "missing_lines": [], "excluded_lines": [], "start_line": 114, "executed_branches": [], "missing_branches": []}, "WorktreeOperationResult": {"executed_lines": [], "summary": {"covered_lines": 0, "num_statements": 0, "percent_covered": 100.0, "percent_covered_display": "100", "missing_lines": 0, "excluded_lines": 0, "percent_statements_covered": 100.0, "percent_statements_covered_display": "100", "num_branches": 0, "num_partial_branches": 0, "covered_branches": 0, "missing_branches": 0, "percent_branches_covered": 100.0, "percent_branches_covered_display": "100"}, "missing_lines": [], "excluded_lines": [], "start_line": 120, "executed_branches": [], "missing_branches": []}, "ReleasePreconditionFingerprint": {"executed_lines": [], "summary": {"covered_lines": 0, "num_statements": 0, "percent_covered": 100.0, "percent_covered_display": "100", "missing_lines": 0, "excluded_lines": 0, "percent_statements_covered": 100.0, "percent_statements_covered_display": "100", "num_branches": 0, "num_partial_branches": 0, "covered_branches": 0, "missing_branches": 0, "percent_branches_covered": 100.0, "percent_branches_covered_display": "100"}, "missing_lines": [], "excluded_lines": [], "start_line": 736, "executed_branches": [], "missing_branches": []}, "": {"executed_lines": [18, 20, 21, 22, 23, 24, 25, 26, 27, 28, 29, 31, 32, 33, 34, 35, 36, 39, 41, 44, 45, 46, 47, 48, 49, 52, 53, 54, 57, 58, 59, 60, 61, 62, 63, 64, 65, 66, 67, 68, 69, 70, 71, 72, 73, 75, 76, 77, 78, 79, 80, 81, 82, 83, 84, 85, 86, 87, 88, 89, 90, 93, 94, 95, 96, 99, 100, 101, 102, 103, 104, 105, 106, 107, 108, 109, 110, 113, 114, 115, 116, 119, 120, 121, 122, 123, 130, 150, 153, 156, 162, 163, 175, 178, 179, 180, 181, 188, 201, 202, 203, 208, 209, 210, 211, 213, 214, 215, 216, 218, 221, 222, 224, 226, 227, 229, 232, 249, 250, 253, 254, 255, 256, 258, 261, 262, 263, 264, 267, 270, 273, 274, 275, 278, 280, 287, 302, 304, 305, 306, 307, 314, 326, 328, 329, 330, 331, 334, 335, 339, 340, 342, 343, 346, 347, 349, 350, 355, 360, 363, 373, 376, 377, 380, 381, 383, 390, 412, 415, 416, 417, 418, 420, 422, 424, 435, 442, 444, 445, 446, 447, 448, 449, 453, 455, 458, 459, 460, 463, 464, 466, 467, 469, 470, 473, 474, 475, 477, 478, 481, 482, 483, 484, 489, 490, 492, 493, 495, 498, 501, 502, 503, 504, 505, 506, 513, 520, 527, 530, 532, 533, 543, 544, 551, 552, 559, 560, 563, 570, 571, 578, 581, 588, 589, 596, 597, 604, 605, 612, 613, 614, 615, 622, 629, 632, 633, 644, 645, 646, 647, 648, 649, 650, 653, 654, 655, 656, 659, 660, 661, 664, 671, 673, 674, 675, 676, 677, 678, 679, 680, 681, 682, 683, 684, 685, 686, 687, 688, 689, 690, 691, 692, 693, 696, 699, 700, 701, 705, 708, 712, 713, 714, 715, 716, 717, 718, 719, 728, 735, 736, 738, 739, 740, 741, 742, 743, 744, 745, 746, 749, 760, 777, 782, 783, 785, 786, 787, 789, 790, 791, 793, 794, 806, 808, 809, 810, 814, 815, 817, 818, 829, 830, 831, 832, 834, 835, 842, 843, 844, 852, 853, 860, 862, 863, 864, 872, 873, 881, 882, 883, 889, 890, 897, 904, 915, 916, 917, 919, 920, 921, 928, 931, 932, 933, 934, 941, 942, 943, 944, 952, 953, 954, 962, 963, 964, 966, 967, 968, 969, 970, 977, 978, 979, 980, 987, 988, 989, 990, 996, 997, 1004, 1008, 1016, 1022, 1023, 1025, 1026, 1037, 1038, 1039, 1041, 1042, 1043, 1045, 1046, 1059, 1060, 1072, 1073, 1074, 1086, 1089, 1090, 1102, 1106, 1107, 1118, 1121, 1124, 1125, 1127, 1141, 1142, 1144, 1147, 1148, 1150, 1162, 1166, 1173, 1178, 1179, 1181, 1182, 1183, 1185, 1186, 1187, 1189, 1191, 1192, 1199, 1200, 1201, 1202, 1209, 1220, 1225, 1237, 1244, 1250, 1251, 1254, 1255, 1266, 1267, 1279, 1280, 1281, 1284, 1285, 1297, 1298, 1299, 1311, 1312, 1313, 1324, 1325, 1338, 1341, 1342, 1354, 1361, 1366, 1367, 1379, 1392, 1393, 1405, 1412, 1413, 1414, 1418, 1419, 1423, 1427, 1431, 1432, 1443, 1446, 1447, 1451, 1452, 1477, 1481, 1493, 1504, 1505, 1528, 1538, 1539, 1562, 1565, 1566, 1568, 1581, 1588, 1589, 1590, 1600, 1601, 1602, 1603, 1604, 1607, 1608, 1609, 1612, 1613, 1614, 1615, 1616, 1617, 1618, 1619, 1621, 1623, 1624, 1627, 1639, 1640, 1641, 1643, 1651, 1652, 1653, 1655, 1656, 1657, 1659, 1660, 1661, 1662, 1663, 1665, 1666, 1667, 1668, 1669, 1671, 1672, 1673, 1675], "summary": {"covered_lines": 554, "num_statements": 563, "percent_covered": 98.0319803198032, "percent_covered_display": "98", "missing_lines": 9, "excluded_lines": 0, "percent_statements_covered": 98.40142095914743, "percent_statements_covered_display": "98", "num_branches": 250, "num_partial_branches": 7, "covered_branches": 243, "missing_branches": 7, "percent_branches_covered": 97.2, "percent_branches_covered_display": "97"}, "missing_lines": [510, 511, 518, 795, 1047, 1326, 1424, 1454, 1466], "excluded_lines": [], "start_line": 1, "executed_branches": [[162, 163], [162, 175], [179, 180], [179, 181], [202, 203], [202, 208], [209, 210], [209, 213], [214, 215], [214, 218], [221, 222], [221, 224], [226, 227], [226, 229], [254, 255], [254, 270], [261, 262], [261, 270], [263, 264], [273, 274], [273, 280], [305, 306], [305, 307], [328, 329], [328, 360], [334, 335], [334, 346], [335, 339], [335, 342], [346, 347], [346, 355], [347, 349], [347, 355], [376, 377], [376, 380], [380, 381], [380, 383], [415, 416], [415, 422], [417, 418], [417, 420], [459, 460], [459, 463], [463, 464], [463, 466], [466, 467], [466, 469], [469, 470], [469, 473], [474, 475], [474, 477], [482, 483], [482, 492], [484, 482], [484, 489], [492, 493], [492, 495], [502, 503], [502, 504], [513, 520], [532, 533], [532, 543], [543, 544], [543, 551], [551, 552], [551, 559], [559, 560], [559, 570], [560, 563], [560, 570], [570, 571], [570, 578], [578, 581], [578, 588], [588, 589], [588, 596], [596, 597], [596, 604], [604, 605], [604, 612], [612, 613], [612, 622], [614, 615], [614, 622], [655, 656], [655, 659], [660, 661], [660, 664], [675, 676], [675, 691], [677, 678], [677, 681], [678, 679], [678, 680], [681, 682], [681, 683], [683, 684], [683, 685], [685, 686], [685, 687], [687, 688], [687, 689], [689, 675], [689, 690], [691, 692], [691, 693], [700, 701], [700, 705], [714, 715], [714, 728], [717, 718], [717, 719], [786, 787], [786, 789], [790, 791], [790, 793], [794, 806], [809, 810], [809, 814], [817, 818], [817, 829], [829, 830], [829, 860], [834, 835], [834, 842], [843, 844], [843, 852], [852, 853], [852, 860], [860, 862], [860, 897], [863, 864], [863, 872], [872, 873], [872, 881], [882, 883], [882, 889], [889, 890], [889, 897], [916, 917], [916, 919], [920, 921], [920, 928], [933, 934], [933, 941], [943, 944], [943, 952], [953, 954], [953, 962], [966, 967], [966, 1004], [969, 970], [969, 977], [979, 980], [979, 987], [989, 990], [989, 996], [996, 997], [996, 1004], [1025, 1026], [1025, 1037], [1038, 1039], [1038, 1041], [1042, 1043], [1042, 1045], [1046, 1059], [1059, 1060], [1059, 1072], [1073, 1074], [1073, 1086], [1089, 1090], [1089, 1102], [1106, 1107], [1106, 1118], [1124, 1125], [1124, 1127], [1142, 1144], [1142, 1166], [1147, 1148], [1147, 1150], [1182, 1183], [1182, 1185], [1186, 1187], [1186, 1189], [1191, 1192], [1191, 1199], [1199, 1200], [1199, 1209], [1201, 1202], [1201, 1209], [1254, 1255], [1254, 1266], [1266, 1267], [1266, 1279], [1280, 1281], [1280, 1284], [1284, 1285], [1284, 1297], [1298, 1299], [1298, 1311], [1312, 1313], [1312, 1324], [1325, 1338], [1341, 1342], [1341, 1361], [1366, 1367], [1366, 1392], [1392, 1393], [1392, 1412], [1413, 1414], [1413, 1418], [1423, 1427], [1431, 1432], [1431, 1443], [1446, 1447], [1446, 1451], [1452, 1477], [1477, 1481], [1477, 1504], [1504, 1505], [1504, 1528], [1538, 1539], [1538, 1562], [1565, 1566], [1565, 1568], [1600, 1601], [1600, 1602], [1602, 1603], [1602, 1604], [1613, 1614], [1613, 1618], [1618, 1619], [1618, 1621], [1623, 1624], [1623, 1627], [1640, 1641], [1640, 1643], [1652, 1653], [1652, 1655], [1656, 1657], [1656, 1659], [1672, 1673], [1672, 1675]], "missing_branches": [[263, 270], [513, 518], [794, 795], [1046, 1047], [1325, 1326], [1423, 1424], [1452, 1454]]}}}}, "totals": {"covered_lines": 10094, "num_statements": 10269, "percent_covered": 97.46284885828199, "percent_covered_display": "97", "missing_lines": 175, "excluded_lines": 29, "percent_statements_covered": 98.29584185412406, "percent_statements_covered_display": "98", "num_branches": 3526, "num_partial_branches": 163, "covered_branches": 3351, "missing_branches": 175, "percent_branches_covered": 95.0368689733409, "percent_branches_covered_display": "95"}}