<?xml version="1.0" encoding="utf-8"?><testsuites name="pytest tests"><testsuite name="pytest" errors="0" failures="0" skipped="0" tests="1735" time="294.782" timestamp="2026-08-26T20:15:52.812640+08:00" hostname="AtlasPrimE"><properties>
[...]
</properties><testcase classname="tests.runtime.test_adapter_certification" name="test_sdk_surface_reuses_existing_prap_v1_contract_types" time="0.002" /><testcase classname="tests.runtime.test_adapter_certification" name="test_certification_contract_is_read_only_fail_closed_and_non_authorizing" time="0.003" /><testcase classname="tests.runtime.test_adapter_certification" name="test_all_declared_targets_certify_without_promoting_host_maturity" time="0.018" /><testcase classname="tests.runtime.test_adapter_certification" name="test_vscodium_certification_preserves_vscode_runtime_and_scaffold_mapping" time="0.003" /><testcase classname="tests.runtime.test_adapter_certification" name="test_unknown_reserved_and_rejected_adapters_fail_closed[totally-unknown-UNKNOWN_ADAPTER_FAIL_CLOSED]" time="0.006" /><testcase classname="tests.runtime.test_adapter_certification" name="test_unknown_reserved_and_rejected_adapters_fail_closed[future-PRAP_CERTIFICATION_NOT_CERTIFIABLE:future:reserved]" time="0.005" /><testcase classname="tests.runtime.test_adapter_certification" name="test_unknown_reserved_and_rejected_adapters_fail_closed[unknown-PRAP_CERTIFICATION_NOT_CERTIFIABLE:unknown:rejected]" time="0.005" /><testcase classname="tests.runtime.test_adapter_certification" name="test_contract_host_promotion_tampering_fails_closed" time="0.020" /><testcase classname="tests.runtime.test_adapter_certification" name="test_runtime_protocol_validation_failure_is_not_certified" time="0.003" /><testcase classname="tests.runtime.test_adapter_certification" name="test_unrecognized_host_maturity_fails_closed" time="0.004" /><testcase classname="tests.runtime.test_adapter_certification" name="test_evidence_matches_machine_schema_required_and_constant_fields" time="0.003" /><testcase classname="tests.runtime.test_adapter_certification" name="test_cli_emits_read_only_json_and_has_no_execute_surface" time="0.922" /><testcase classname="tests.runtime.test_adapter_certification" name="test_contract_loader_fails_closed_for_missing_invalid_json_and_non_object" time="0.015" /><testcase classname="tests.runtime.test_adapter_certification" name="test_top_level_contract_drift_fails_closed[schema_version-orchestra.prap-certification-contract.v2-PRAP_CERTIFICATION_CONTRACT_SCHEMA_UNSUPPORTED]" time="0.011" /><testcase classname="tests.runtime.test_adapter_certification" name="test_top_level_contract_drift_fails_closed[contract_id-wrong-PRAP_CERTIFICATION_CONTRACT_INVALID:contract_id]" time="0.011" /><testcase classname="tests.runtime.test_adapter_certification" name="test_top_level_contract_drift_fails_closed[sdk_surface_version-orchestra.adapter-sdk.v2-PRAP_CERTIFICATION_CONTRACT_INVALID:sdk_surface_version]" time="0.012" /><testcase classname="tests.runtime.test_adapter_certification" name="test_top_level_contract_drift_fails_closed[protocol_version-PRAP v2-PRAP_CERTIFICATION_PROTOCOL_VERSION_DRIFT]" time="0.011" /><testcase classname="tests.runtime.test_adapter_certification" name="test_top_level_contract_drift_fails_closed[certification_behavior-MUTATING-PRAP_CERTIFICATION_CONTRACT_INVALID:certification_behavior]" time="0.012" /><testcase classname="tests.runtime.test_adapter_certification" name="test_top_level_contract_drift_fails_closed[unknown_adapter_policy-ALLOW-PRAP_CERTIFICATION_CONTRACT_INVALID:unknown_adapter_policy]" time="0.013" /><testcase classname="tests.runtime.test_adapter_certification" name="test_contract_set_drift_fails_closed[certifiable_compatibility_statuses-value0-PRAP_CERTIFICATION_STATUS_SET_DRIFT:certifiable]" time="0.012" /><testcase classname="tests.runtime.test_adapter_certification" name="test_contract_set_drift_fails_closed[non_certifiable_compatibility_statuses-value1-PRAP_CERTIFICATION_STATUS_SET_DRIFT:non_certifiable]" time="0.012" /><testcase classname="tests.runtime.test_adapter_certification" name="test_contract_set_drift_fails_closed[certification_targets-value2-PRAP_CERTIFICATION_TARGET_SET_DRIFT]" time="0.011" /><testcase classname="tests.runtime.test_adapter_certification" name="test_contract_set_drift_fails_closed[sdk_exports-value3-ADAPTER_SDK_EXPORT_SET_DRIFT]" time="0.011" /><testcase classname="tests.runtime.test_adapter_certification" name="test_contract_string_list_validation_fails_closed[None]" time="0.004" /><testcase classname="tests.runtime.test_adapter_certification" name="test_contract_string_list_validation_fails_closed[value1]" time="0.002" /><testcase classname="tests.runtime.test_adapter_certification" name="test_contract_string_list_validation_fails_closed[value2]" time="0.002" /><testcase classname="tests.runtime.test_adapter_certification" name="test_contract_string_list_validation_fails_closed[value3]" time="0.001" /><testcase classname="tests.runtime.test_adapter_certification" name="test_authority_and_host_maturity_contract_drift_fail_closed" time="0.025" /><testcase classname="tests.runtime.test_adapter_certification" name="test_future_transport_and_evidence_schema_drift_fail_closed" time="0.025" /><testcase classname="tests.runtime.test_adapter_certification" name="test_invalid_evidence_schema_fails_closed" time="0.012" /><testcase classname="tests.runtime.test_adapter_certification" name="test_blank_adapter_identity_fails_closed" time="0.002" /><testcase classname="tests.runtime.test_adapter_certification" name="test_compatibility_matrix_protocol_drift_fails_closed" time="0.004" /><testcase classname="tests.runtime.test_adapter_certification" name="test_runtime_adapter_unavailable_fails_closed" time="0.003" /><testcase classname="tests.runtime.test_adapter_certification" name="test_post_validation_protocol_version_drift_fails_closed" time="0.004" /><testcase classname="tests.runtime.test_adapter_certification" name="test_runtime_identity_mapping_drift_fails_closed[fake_adapter0-PRAP_CERTIFICATION_RUNTIME_MAPPING_DRIFT]" time="0.004" /><testcase classname="tests.runtime.test_adapter_certification" name="test_runtime_identity_mapping_drift_fails_closed[fake_adapter1-PRAP_CERTIFICATION_HOST_TYPE_DRIFT]" time="0.004" /><testcase classname="tests.runtime.test_adapter_certification" name="test_runtime_identity_mapping_drift_fails_closed[fake_adapter2-PRAP_CERTIFICATION_ADAPTER_ID_DRIFT]" time="0.004" /><testcase classname="tests.runtime.test_adapter_certification" name="test_vscodium_runtime_identity_drift_fails_closed" time="0.005" /><testcase classname="tests.runtime.test_adapter_certification" name="test_host_update_lookup_failure_is_not_certified" time="0.006" /><testcase classname="tests.runtime.test_adapter_certification" name="test_vscodium_and_canonical_host_mapping_drift_fail_closed" time="0.010" /><testcase classname="tests.runtime.test_adapter_contracts" name="test_adapter_contracts[codex-@Orchestra review-docs]" time="0.084" /><testcase classname="tests.runtime.test_adapter_contracts" name="test_adapter_contracts[antigravity-/ponytail /conductor review docs]" time="0.069" /><testcase classname="tests.runtime.test_adapter_contracts" name="test_adapter_contracts[claude-code-Use Conductor for this task]" time="0.065" /><testcase classname="tests.runtime.test_adapter_contracts" name="test_adapter_contracts[cursor-@Orchestra review docs]" time="0.061" /><testcase classname="tests.runtime.test_adapter_contracts" name="test_adapter_contracts[windsurf-/conductor review docs]" time="0.046" /><testcase classname="tests.runtime.test_adapter_contracts" name="test_adapter_contracts[vscode-orchestra: review docs]" time="0.047" /><testcase classname="tests.runtime.test_adapter_contracts" name="test_adapter_contracts[jetbrains-Use Conductor to review docs]" time="0.054" /><testcase classname="tests.runtime.test_adapter_contracts" name="test_adapter_contracts[zed-@Orchestra review docs]" time="0.078" /><testcase classname="tests.runtime.test_adapter_contracts" name="test_adapter_contracts[neovim-:Orchestra review docs]" time="0.048" /><testcase classname="tests.runtime.test_adapter_contracts" name="test_new_adapter_command_translation[cursor-@Orchestra review docs-conductor-cursor]" time="0.003" /><testcase classname="tests.runtime.test_adapter_contracts" name="test_new_adapter_command_translation[windsurf-/conductor review docs-conductor-windsurf]" time="0.002" /><testcase classname="tests.runtime.test_adapter_contracts" name="test_new_adapter_command_translation[vscode-orchestra: review docs-conductor-vscode]" time="0.002" /><testcase classname="tests.runtime.test_adapter_contracts" name="test_new_adapter_command_translation[vscodium-orchestra: review docs-conductor-vscode]" time="0.002" /><testcase classname="tests.runtime.test_adapter_contracts" name="test_new_adapter_command_translation[jetbrains-Use Conductor to review docs-conductor-jetbrains]" time="0.003" /><testcase classname="tests.runtime.test_adapter_contracts" name="test_new_adapter_command_translation[zed-@Orchestra review docs-conductor-zed]" time="0.002" /><testcase classname="tests.runtime.test_adapter_contracts" name="test_new_adapter_command_translation[neovim-:Orchestra review docs-conductor-neovim]" time="0.003" /><testcase classname="tests.runtime.test_adapter_contracts" name="test_parse_command_falls_back_to_default_command_for_unmatched_prompt" time="0.002" /><testcase classname="tests.runtime.test_adapter_contracts" name="test_context_assembler_preserves_adapter_provided_context_metadata" time="0.003" /><testcase classname="tests.runtime.test_adapter_contracts" name="test_supported_adapters_envelope_integration[codex]" time="0.003" /><testcase classname="tests.runtime.test_adapter_contracts" name="test_supported_adapters_envelope_integration[antigravity]" time="0.003" /><testcase classname="tests.runtime.test_adapter_contracts" name="test_scaffold_adapters_do_not_expose_envelope_capabilities[claude-code]" time="0.003" /><testcase classname="tests.runtime.test_adapter_contracts" name="test_scaffold_adapters_do_not_expose_envelope_capabilities[cursor]" time="0.002" /><testcase classname="tests.runtime.test_adapter_contracts" name="test_scaffold_adapters_do_not_expose_envelope_capabilities[windsurf]" time="0.003" /><testcase classname="tests.runtime.test_adapter_contracts" name="test_scaffold_adapters_do_not_expose_envelope_capabilities[vscode]" time="0.003" /><testcase classname="tests.runtime.test_adapter_contracts" name="test_scaffold_adapters_do_not_expose_envelope_capabilities[jetbrains]" time="0.002" /><testcase classname="tests.runtime.test_adapter_contracts" name="test_scaffold_adapters_do_not_expose_envelope_capabilities[zed]" time="0.003" /><testcase classname="tests.runtime.test_adapter_contracts" name="test_scaffold_adapters_do_not_expose_envelope_capabilities[neovim]" time="0.002" /><testcase classname="tests.runtime.test_adapter_contracts" name="test_adapter_worktree_capabilities[codex-True-OPTIONAL]" time="0.003" /><testcase classname="tests.runtime.test_adapter_contracts" name="test_adapter_worktree_capabilities[antigravity-True-OPTIONAL]" time="0.003" /><testcase classname="tests.runtime.test_adapter_contracts" name="test_adapter_worktree_capabilities[claude-code-False-NONE]" time="0.002" /><testcase classname="tests.runtime.test_adapter_contracts" name="test_adapter_worktree_capabilities[cursor-False-NONE]" time="0.002" /><testcase classname="tests.runtime.test_adapter_contracts" name="test_adapter_worktree_capabilities[windsurf-False-NONE]" time="0.003" /><testcase classname="tests.runtime.test_adapter_contracts" name="test_adapter_worktree_capabilities[vscode-False-NONE]" time="0.003" /><testcase classname="tests.runtime.test_adapter_contracts" name="test_adapter_worktree_capabilities[jetbrains-False-NONE]" time="0.003" /><testcase classname="tests.runtime.test_adapter_contracts" name="test_adapter_worktree_capabilities[zed-False-NONE]" time="0.002" /><testcase classname="tests.runtime.test_adapter_contracts" name="test_adapter_worktree_capabilities[neovim-False-NONE]" time="0.004" /><testcase classname="tests.runtime.test_adapter_protocol" name="test_all_runtime_adapters_declare_prap_metadata" time="0.003" /><testcase classname="tests.runtime.test_adapter_protocol" name="test_capability_validation_rejects_non_boolean_metadata" time="0.001" /><testcase classname="tests.runtime.test_adapter_protocol" name="test_compatibility_matrix_covers_known_hosts_and_versions" time="0.001" /><testcase classname="tests.runtime.test_adapter_protocol" name="test_vscodium_is_supported_via_vscode_runtime_adapter" time="0.003" /><testcase classname="tests.runtime.test_adapter_protocol" name="test_unknown_adapter_is_rejected" time="0.002" /><testcase classname="tests.runtime.test_adaptive_autonomy_baseline" name="test_h01_ordinary_preference_probe_does_not_call_recorder" time="0.061" /><testcase classname="tests.runtime.test_adaptive_autonomy_baseline" name="test_h02_ordinary_correction_probe_does_not_call_recorder" time="0.107" /><testcase classname="tests.runtime.test_adaptive_autonomy_baseline" name="test_h03_three_ordinary_sessions_probe_dynamic_candidate" time="0.163" /><testcase classname="tests.runtime.test_adaptive_autonomy_baseline" name="test_h04_fresh_process_probe_for_surviving_ordinary_learning" time="0.660" /><testcase classname="tests.runtime.test_adaptive_compaction" name="test_preference_removal_prevents_materialization" time="0.017" /><testcase classname="tests.runtime.test_adaptive_compaction" name="test_delete_compaction_rechains_and_invalidates_profile" time="0.036" /><testcase classname="tests.runtime.test_adaptive_compaction" name="test_expiry_pruning_uses_normalized_time_and_rechains" time="0.027" /><testcase classname="tests.runtime.test_adaptive_context" name="test_a2_precedence_scope_isolation_and_candidate_threshold" time="0.066" /><testcase classname="tests.runtime.test_adaptive_context" name="test_a2_privacy_stale_profile_and_schema" time="0.213" /><testcase classname="tests.runtime.test_adaptive_context" name="test_a2_runtime_attaches_only_after_governance_and_preserves_route" time="0.103" /><testcase classname="tests.runtime.test_adaptive_context" name="test_a2_provider_failure_and_delegation_boundary" time="0.074" /><testcase classname="tests.runtime.test_adaptive_context_edges" name="test_a2_invocation_validation_edges[kwargs0-TypeError-user_key must be a string]" time="0.003" /><testcase classname="tests.runtime.test_adaptive_context_edges" name="test_a2_invocation_validation_edges[kwargs1-ValueError-user_key must be non-empty]" time="0.003" /><testcase classname="tests.runtime.test_adaptive_context_edges" name="test_a2_invocation_validation_edges[kwargs2-TypeError-project_key must be a string]" time="0.003" /><testcase classname="tests.runtime.test_adaptive_context_edges" name="test_a2_invocation_validation_edges[kwargs3-ValueError-task_session_key must be non-empty]" time="0.003" /><testcase classname="tests.runtime.test_adaptive_context_edges" name="test_a2_invocation_validation_edges[kwargs4-ValueError-max_items must be a positive integer]" time="0.003" /><testcase classname="tests.runtime.test_adaptive_context_edges" name="test_a2_invocation_validation_edges[kwargs5-ValueError-max_items must be a positive integer]" time="0.002" /><testcase classname="tests.runtime.test_adaptive_context_edges" name="test_a2_invocation_validation_edges[kwargs6-ValueError-max_items must be a positive integer]" time="0.002" /><testcase classname="tests.runtime.test_adaptive_context_edges" name="test_a2_invocation_validation_edges[kwargs7-ValueError-max_outcome_evidence must be a non-negative integer]" time="0.004" /><testcase classname="tests.runtime.test_adaptive_context_edges" name="test_a2_invocation_validation_edges[kwargs8-ValueError-max_outcome_evidence must be a non-negative integer]" time="0.002" /><testcase classname="tests.runtime.test_adaptive_context_edges" name="test_a2_invocation_validation_edges[kwargs9-ValueError-max_outcome_evidence must be a non-negative integer]" time="0.002" /><testcase classname="tests.runtime.test_adaptive_context_edges" name="test_a2_invocation_validation_edges[kwargs10-TypeError-min_candidate_confidence must be numeric]" time="0.003" /><testcase classname="tests.runtime.test_adaptive_context_edges" name="test_a2_invocation_validation_edges[kwargs11-TypeError-min_candidate_confidence must be numeric]" time="0.002" /><testcase classname="tests.runtime.test_adaptive_context_edges" name="test_a2_invocation_validation_edges[kwargs12-ValueError-min_candidate_confidence must be between 0 and 1]" time="0.004" /><testcase classname="tests.runtime.test_adaptive_context_edges" name="test_a2_invocation_validation_edges[kwargs13-ValueError-min_candidate_confidence must be between 0 and 1]" time="0.001" /><testcase classname="tests.runtime.test_adaptive_context_edges" name="test_a2_invocation_normalizes_valid_bounds_and_refs" time="0.001" /><testcase classname="tests.runtime.test_adaptive_context_edges" name="test_a2_packet_validation_edges[kwargs0-ValueError-unsupported adaptive context schema]" time="0.003" /><testcase classname="tests.runtime.test_adaptive_context_edges" name="test_a2_packet_validation_edges[kwargs1-ValueError-specialist_slug must be non-empty]" time="0.003" /><testcase classname="tests.runtime.test_adaptive_context_edges" name="test_a2_packet_validation_edges[kwargs2-TypeError-command_name must be a string]" time="0.003" /><testcase classname="tests.runtime.test_adaptive_context_edges" name="test_a2_packet_validation_edges[kwargs3-ValueError-status must be ADVISORY or DETERMINISTIC_FALLBACK]" time="0.004" /><testcase classname="tests.runtime.test_adaptive_context_edges" name="test_a2_packet_validation_edges[kwargs4-ValueError-reason_code must be non-empty]" time="0.003" /><testcase classname="tests.runtime.test_adaptive_context_edges" name="test_a2_packet_validation_edges[kwargs5-ValueError-must remain advisory_only]" time="0.003" /><testcase classname="tests.runtime.test_adaptive_context_edges" name="test_a2_packet_normalizes_identifiers_and_reference_sets" time="0.001" /><testcase classname="tests.runtime.test_adaptive_context_edges" name="test_a2_provider_constructor_and_fallback_edges" time="0.007" /><testcase classname="tests.runtime.test_adaptive_context_edges" name="test_a2_profile_current_edges" time="0.002" /><testcase classname="tests.runtime.test_adaptive_context_edges" name="test_a2_pattern_classification_edges[record0-0.0-None]" time="0.002" /><testcase classname="tests.runtime.test_adaptive_context_edges" name="test_a2_pattern_classification_edges[record1-0.0-None]" time="0.002" /><testcase classname="tests.runtime.test_adaptive_context_edges" name="test_a2_pattern_classification_edges[record2-None-EXPLICIT_CURRENT_INSTRUCTION]" time="0.002" /><testcase classname="tests.runtime.test_adaptive_context_edges" name="test_a2_pattern_classification_edges[record3-None-EXPLICIT_SCOPED_PREFERENCE]" time="0.002" /><testcase classname="tests.runtime.test_adaptive_context_edges" name="test_a2_pattern_classification_edges[record4-None-CONFIRMED_LEARNED_PATTERN]" time="0.002" /><testcase classname="tests.runtime.test_adaptive_context_edges" name="test_a2_pattern_classification_edges[record5-None-None]" time="0.002" /><testcase classname="tests.runtime.test_adaptive_context_edges" name="test_a2_pattern_classification_edges[record6-0.5-None]" time="0.002" /><testcase classname="tests.runtime.test_adaptive_context_edges" name="test_a2_pattern_classification_edges[record7-0.5-INFERRED_CANDIDATE]" time="0.002" /><testcase classname="tests.runtime.test_adaptive_context_edges" name="test_a2_pattern_classification_edges[record8-None-None]" time="0.001" /><testcase classname="tests.runtime.test_adaptive_context_edges" name="test_a2_pattern_lower_precedence_does_not_replace_existing_winner" time="0.006" /><testcase classname="tests.runtime.test_adaptive_context_edges" name="test_a2_scope_match_edges[record_scope0-scribe-invocation0-False]" time="0.002" /><testcase classname="tests.runtime.test_adaptive_context_edges" name="test_a2_scope_match_edges[record_scope1-scribe-invocation1-False]" time="0.002" /><testcase classname="tests.runtime.test_adaptive_context_edges" name="test_a2_scope_match_edges[record_scope2-beatrice-invocation2-False]" time="0.002" /><testcase classname="tests.runtime.test_adaptive_context_edges" name="test_a2_scope_match_edges[record_scope3-scribe-invocation3-False]" time="0.003" /><testcase classname="tests.runtime.test_adaptive_context_edges" name="test_a2_scope_match_edges[record_scope4-scribe-invocation4-True]" time="0.002" /><testcase classname="tests.runtime.test_adaptive_context_edges" name="test_a2_current_profile_head_and_outcome_zero_bound" time="0.015" /><testcase classname="tests.runtime.test_adaptive_context_edges" name="test_a2_executor_provider_contract_rejects_missing_compiler" time="0.003" /><testcase classname="tests.runtime.test_adaptive_context_edges" name="test_a2_executor_without_invocation_uses_base_operation" time="0.050" /><testcase classname="tests.runtime.test_adaptive_context_edges" name="test_a2_delegation_request_with_context_fails_before_base_validation" time="0.038" /><testcase classname="tests.runtime.test_adaptive_contract" name="test_machine_fixtures_validate_against_draft_2020_12_schemas" time="0.100" /><testcase classname="tests.runtime.test_adaptive_contract" name="test_fixture_materialization_and_export_are_deterministic" time="0.011" /><testcase classname="tests.runtime.test_adaptive_contract" name="test_non_learnable_sensitive_and_raw_sources_fail_closed" time="0.011" /><testcase classname="tests.runtime.test_adaptive_contract" name="test_current_instruction_requires_task_session_scope" time="0.013" /><testcase classname="tests.runtime.test_adaptive_contract" name="test_explicit_inferred_and_governed_outcomes_remain_distinct" time="0.022" /><testcase classname="tests.runtime.test_adaptive_contract" name="test_inferred_lifecycle_cannot_displace_explicit_same_scope_subject" time="0.026" /><testcase classname="tests.runtime.test_adaptive_contract" name="test_invalid_confidence_and_unknown_schema_versions_fail_closed" time="0.016" /><testcase classname="tests.runtime.test_adaptive_efficacy_baseline" name="test_a01_explicit_preference_is_persisted" time="0.012" /><testcase classname="tests.runtime.test_adaptive_efficacy_baseline" name="test_a02_preference_recovers_across_new_process" time="0.372" /><testcase classname="tests.runtime.test_adaptive_efficacy_baseline" name="test_a03_profile_head_matches_validated_log_head" time="0.018" /><testcase classname="tests.runtime.test_adaptive_efficacy_baseline" name="test_a04_stale_profile_falls_back_then_recovers" time="0.030" /><testcase classname="tests.runtime.test_adaptive_efficacy_baseline" name="test_a05_tampering_jsonl_record_fails_closed" time="0.014" /><testcase classname="tests.runtime.test_adaptive_efficacy_baseline" name="test_a06_compaction_preserves_logical_profile_state_and_invalidates_profile" time="0.033" /><testcase classname="tests.runtime.test_adaptive_efficacy_baseline" name="test_b01_global_preference_is_available_at_global_scope" time="0.019" /><testcase classname="tests.runtime.test_adaptive_efficacy_baseline" name="test_b02_explicit_correction_latest_value_wins" time="0.023" /><testcase classname="tests.runtime.test_adaptive_efficacy_baseline" name="test_b03_explicit_removal_removes_effective_preference" time="0.019" /><testcase classname="tests.runtime.test_adaptive_efficacy_baseline" name="test_b04_project_preference_overrides_global_only_in_matching_project" time="0.027" /><testcase classname="tests.runtime.test_adaptive_efficacy_baseline" name="test_b05_task_session_precedence_does_not_leak" time="0.031" /><testcase classname="tests.runtime.test_adaptive_efficacy_baseline" name="test_b06_current_instruction_outranks_stored_preference" time="0.021" /><testcase classname="tests.runtime.test_adaptive_efficacy_baseline" name="test_c01_one_supporting_digest_forms_no_candidate" time="0.008" /><testcase classname="tests.runtime.test_adaptive_efficacy_baseline" name="test_c02_two_distinct_supporting_digests_form_candidate" time="0.008" /><testcase classname="tests.runtime.test_adaptive_efficacy_baseline" name="test_c03_duplicate_source_digest_counts_once" time="0.008" /><testcase classname="tests.runtime.test_adaptive_efficacy_baseline" name="test_c04_three_supports_are_bounded_and_repeatable_in_fresh_homes" time="0.023" /><testcase classname="tests.runtime.test_adaptive_efficacy_baseline" name="test_c05_contradictory_values_remain_bounded_shadow_candidates" time="0.009" /><testcase classname="tests.runtime.test_adaptive_efficacy_baseline" name="test_c06_unrelated_subjects_do_not_cross_contaminate" time="0.011" /><testcase classname="tests.runtime.test_adaptive_efficacy_baseline" name="test_d01_rejection_suppresses_inferred_candidate" time="0.008" /><testcase classname="tests.runtime.test_adaptive_efficacy_baseline" name="test_d02_explicit_preference_blocks_conflicting_candidate" time="0.021" /><testcase classname="tests.runtime.test_adaptive_efficacy_baseline" name="test_d03_a1_inferred_lifecycle_is_not_reused_as_a3_support" time="0.012" /><testcase classname="tests.runtime.test_adaptive_efficacy_baseline" name="test_d04_governed_outcome_does_not_become_explicit_preference" time="0.020" /><testcase classname="tests.runtime.test_adaptive_efficacy_baseline" name="test_d05_a3_outputs_do_not_amplify_their_own_support" time="0.027" /><testcase classname="tests.runtime.test_adaptive_efficacy_baseline" name="test_e01_separate_users_have_zero_adaptive_visibility" time="0.033" /><testcase classname="tests.runtime.test_adaptive_efficacy_baseline" name="test_e02_same_user_projects_remain_isolated" time="0.031" /><testcase classname="tests.runtime.test_adaptive_efficacy_baseline" name="test_e03_specialist_scopes_remain_isolated" time="0.029" /><testcase classname="tests.runtime.test_adaptive_efficacy_baseline" name="test_e04_task_session_scopes_remain_isolated" time="0.034" /><testcase classname="tests.runtime.test_adaptive_efficacy_baseline" name="test_e05_storage_is_external_hashed_and_structured_only" time="0.012" /><testcase classname="tests.runtime.test_adaptive_efficacy_baseline" name="test_f01_default_runtime_path_has_no_adaptive_injection" time="0.056" /><testcase classname="tests.runtime.test_adaptive_efficacy_baseline" name="test_f02_opt_in_context_exposes_matching_explicit_preference" time="0.022" /><testcase classname="tests.runtime.test_adaptive_efficacy_baseline" name="test_f03_inferred_candidate_requires_explicit_threshold" time="0.021" /><testcase classname="tests.runtime.test_adaptive_efficacy_baseline" name="test_f04_candidate_threshold_is_inclusive_and_bounded" time="0.026" /><testcase classname="tests.runtime.test_adaptive_efficacy_baseline" name="test_f05_adaptive_state_cannot_influence_authority_or_delegation" time="0.046" /><testcase classname="tests.runtime.test_adaptive_efficacy_baseline" name="test_g01_identical_event_sequences_are_deterministic" time="0.038" /><testcase classname="tests.runtime.test_adaptive_efficacy_baseline" name="test_g02_portable_candidate_requires_privacy_review" time="0.125" /><testcase classname="tests.runtime.test_adaptive_efficacy_baseline" name="test_g03_portable_descriptor_is_non_authorizing" time="0.094" /><testcase classname="tests.runtime.test_adaptive_export" name="test_export_is_structured_and_never_claims_forensic_erase" time="0.016" /><testcase classname="tests.runtime.test_adaptive_export" name="test_export_and_delete_reject_cross_user_scope" time="0.015" /><testcase classname="tests.runtime.test_adaptive_model_edges" name="test_scope_variants_and_invalid_text_edges" time="0.004" /><testcase classname="tests.runtime.test_adaptive_model_edges" name="test_observation_rejects_invalid_shape_and_event_evidence_combinations" time="0.014" /><testcase classname="tests.runtime.test_adaptive_model_edges" name="test_pattern_validation_edges_and_optional_expiry" time="0.008" /><testcase classname="tests.runtime.test_adaptive_model_edges" name="test_profile_validation_edges" time="0.004" /><testcase classname="tests.runtime.test_adaptive_selection" name="test_machine_implementation_record_preserves_shadow_only_boundary" time="0.002" /><testcase classname="tests.runtime.test_adaptive_selection" name="test_a4_records_validate_against_frozen_machine_schemas" time="0.069" /><testcase classname="tests.runtime.test_adaptive_selection" name="test_eligibility_requires_every_deterministic_filter_and_exact_owner" time="0.003" /><testcase classname="tests.runtime.test_adaptive_selection" name="test_candidate_kind_must_match_selection_type" time="0.002" /><testcase classname="tests.runtime.test_adaptive_selection" name="test_actual_deterministic_choice_must_be_in_immutable_eligible_set" time="0.003" /><testcase classname="tests.runtime.test_adaptive_selection" name="test_explicit_current_constraint_dominates_adaptive_score" time="0.003" /><testcase classname="tests.runtime.test_adaptive_selection" name="test_explicit_scoped_preference_precedes_adaptive_evidence_but_cannot_restore_filtered_option" time="0.004" /><testcase classname="tests.runtime.test_adaptive_selection" name="test_a3_strategy_evidence_requires_exact_scope_and_option_binding" time="0.006" /><testcase classname="tests.runtime.test_adaptive_selection" name="test_a3_comparison_is_exact_bound_and_never_execution_authority" time="0.004" /><testcase classname="tests.runtime.test_adaptive_selection" name="test_non_strategy_a3_tendency_cannot_be_repurposed_as_strategy_evidence" time="0.003" /><testcase classname="tests.runtime.test_adaptive_selection" name="test_model_worker_without_direct_qualified_evidence_falls_back[MODEL]" time="0.003" /><testcase classname="tests.runtime.test_adaptive_selection" name="test_model_worker_without_direct_qualified_evidence_falls_back[WORKER]" time="0.003" /><testcase classname="tests.runtime.test_adaptive_selection" name="test_a3_evidence_is_explicitly_unsupported_for_model_worker[MODEL]" time="0.003" /><testcase classname="tests.runtime.test_adaptive_selection" name="test_a3_evidence_is_explicitly_unsupported_for_model_worker[WORKER]" time="0.003" /><testcase classname="tests.runtime.test_adaptive_selection" name="test_direct_exact_bound_model_worker_evidence_can_only_shadow_rank[MODEL]" time="0.004" /><testcase classname="tests.runtime.test_adaptive_selection" name="test_direct_exact_bound_model_worker_evidence_can_only_shadow_rank[WORKER]" time="0.004" /><testcase classname="tests.runtime.test_adaptive_selection" name="test_duplicate_source_digest_never_inflates_support_floor" time="0.003" /><testcase classname="tests.runtime.test_adaptive_selection" name="test_one_digest_cannot_support_multiple_options" time="0.003" /><testcase classname="tests.runtime.test_adaptive_selection" name="test_qualified_evidence_cannot_add_or_restore_ineligible_option" time="0.003" /><testcase classname="tests.runtime.test_adaptive_selection" name="test_trustworthy_measured_telemetry_requires_measured_value" time="0.002" /><testcase classname="tests.runtime.test_adaptive_selection" name="test_packet_mismatch_and_stale_time_fail_closed" time="0.004" /><testcase classname="tests.runtime.test_adaptive_selection" name="test_same_validated_inputs_produce_same_rank_and_stable_ties_preserve_default_order" time="0.005" /><testcase classname="tests.runtime.test_adaptive_selection" name="test_shadow_decision_is_structurally_non_authorizing" time="0.003" /><testcase classname="tests.runtime.test_adaptive_selection_edges" name="test_text_identifier_collection_and_note_guards_fail_closed" time="0.005" /><testcase classname="tests.runtime.test_adaptive_selection_edges" name="test_candidate_serialization_and_evidence_reference_guards" time="0.002" /><testcase classname="tests.runtime.test_adaptive_selection_edges" name="test_envelope_schema_size_type_duplicate_and_filter_reference_guards" time="0.015" /><testcase classname="tests.runtime.test_adaptive_selection_edges" name="test_envelope_optional_serialization_and_empty_disposition" time="0.002" /><testcase classname="tests.runtime.test_adaptive_selection_edges" name="test_measurement_guards_and_serialization" time="0.004" /><testcase classname="tests.runtime.test_adaptive_selection_edges" name="test_evidence_item_vocabulary_and_binding_guards" time="0.006" /><testcase classname="tests.runtime.test_adaptive_selection_edges" name="test_evidence_item_a3_and_measurement_shape_guards" time="0.006" /><testcase classname="tests.runtime.test_adaptive_selection_edges" name="test_evidence_packet_schema_size_type_kind_duplicate_and_notes_guards" time="0.007" /><testcase classname="tests.runtime.test_adaptive_selection_edges" name="test_decision_schema_disposition_rank_scorer_and_notes_guards" time="0.006" /><testcase classname="tests.runtime.test_adaptive_selection_edges" name="test_qualifier_and_builder_public_type_guards" time="0.004" /><testcase classname="tests.runtime.test_adaptive_selection_edges" name="test_ranker_type_guards_and_empty_eligible_set" time="0.004" /><testcase classname="tests.runtime.test_adaptive_selection_runtime" name="test_a4_attachment_runs_only_after_operation_and_preserves_execution_choice" time="0.048" /><testcase classname="tests.runtime.test_adaptive_selection_runtime" name="test_a4_attachment_does_not_run_when_deterministic_governance_blocks" time="0.048" /><testcase classname="tests.runtime.test_adaptive_selection_runtime" name="test_a4_attachment_failure_cannot_change_completed_deterministic_result" time="0.057" /><testcase classname="tests.runtime.test_adaptive_selection_runtime" name="test_a4_attachment_rejects_route_mismatch_without_affecting_execution" time="0.058" /><testcase classname="tests.runtime.test_adaptive_selection_runtime" name="test_a4_attachment_is_not_enabled_for_delegated_execution" time="0.049" /><testcase classname="tests.runtime.test_adaptive_selection_runtime" name="test_a4_invocation_validation_covers_fail_closed_inputs" time="0.008" /><testcase classname="tests.runtime.test_adaptive_selection_runtime" name="test_a4_attachment_record_validation_covers_invalid_states" time="0.006" /><testcase classname="tests.runtime.test_adaptive_selection_runtime" name="test_a4_provider_and_executor_fail_closed_validation_paths" time="0.133" /><testcase classname="tests.runtime.test_adaptive_selection_runtime" name="test_a4_invalid_invocation_and_provider_result_degrade_attachment_only" time="0.150" /><testcase classname="tests.runtime.test_adaptive_selection_runtime" name="test_a4_delegation_request_attachment_remains_disabled" time="0.033" /><testcase classname="tests.runtime.test_adaptive_shadow" name="test_shadow_records_validate_against_machine_schemas" time="0.115" /><testcase classname="tests.runtime.test_adaptive_shadow" name="test_a1_signal_extraction_is_bounded_and_does_not_write_shadow_state" time="0.018" /><testcase classname="tests.runtime.test_adaptive_shadow" name="test_strategy_signal_requires_explicit_strategy_decision_evidence" time="0.003" /><testcase classname="tests.runtime.test_adaptive_shadow" name="test_generic_phase_success_never_becomes_strategy_success" time="0.011" /><testcase classname="tests.runtime.test_adaptive_shadow" name="test_measured_latency_and_cost_require_trustworthy_measurement" time="0.003" /><testcase classname="tests.runtime.test_adaptive_shadow" name="test_raw_conversation_and_non_learnable_subjects_fail_closed" time="0.003" /><testcase classname="tests.runtime.test_adaptive_shadow" name="test_one_off_choice_and_duplicate_evidence_do_not_create_candidate" time="0.003" /><testcase classname="tests.runtime.test_adaptive_shadow" name="test_two_distinct_signals_create_shadow_candidate_without_promotion" time="0.003" /><testcase classname="tests.runtime.test_adaptive_shadow" name="test_mixed_users_fail_closed_and_scopes_do_not_leak" time="0.006" /><testcase classname="tests.runtime.test_adaptive_shadow" name="test_explicit_preference_blocks_conflicting_shadow_candidate" time="0.012" /><testcase classname="tests.runtime.test_adaptive_shadow" name="test_blocked_candidate_does_not_reactivate_without_post_removal_support" time="0.018" /><testcase classname="tests.runtime.test_adaptive_shadow" name="test_latest_explicit_negative_evidence_rejects_candidate" time="0.004" /><testcase classname="tests.runtime.test_adaptive_shadow" name="test_shadow_comparison_records_match_or_mismatch_but_never_controls_execution" time="0.004" /><testcase classname="tests.runtime.test_adaptive_shadow" name="test_blocked_candidate_comparison_is_non_authorizing" time="0.016" /><testcase classname="tests.runtime.test_adaptive_shadow" name="test_shadow_store_persists_separately_from_a1_profile_and_a2_context" time="0.031" /><testcase classname="tests.runtime.test_adaptive_shadow" name="test_malformed_shadow_state_fails_closed" time="0.015" /><testcase classname="tests.runtime.test_adaptive_shadow" name="test_shadow_model_rejects_execution_authority_forgery" time="0.008" /><testcase classname="tests.runtime.test_adaptive_shadow_edges" name="test_shadow_text_validation_edges[None-must be a string]" time="0.002" /><testcase classname="tests.runtime.test_adaptive_shadow_edges" name="test_shadow_text_validation_edges[-non-empty]" time="0.002" /><testcase classname="tests.runtime.test_adaptive_shadow_edges" name="test_shadow_text_validation_edges[xxxxxxxxxxxxxxxxxxxxxxxxxxxxxxxxxxxxxxxxxxxxxxxxxxxxxxxxxxxxxxxxxxxxxxxxxxxxxxxxxxxxxxxxxxxxxxxxxxxxxxxxxxxxxxxxxxxxxxxxxxxxxxxxxxxxxxxxxxxxxxxxxxxxxxxxxxxxxxxxxxxxxxxxxxxxxxxxxxxxxxxxxxxxxxxxxxxxxxxxxxxxxxxxxxxxxxxxxxxxxxxxxxxxxxxxxxxxxxxxxxxxxxxxxxxxxxxxxxxxxxxxxxxxxxxxxxxxxxxxxxxxxxxxxxxxxxxxxxxxxxxxxxxxxxxxxxxxxxxxxxxxxxxxxxxxxxxxxxxxxxxxxxxxxxxxxxxxxxxxxxxxxxxxxxxxxxxxxxxxxxxxxxxxxxxxxxxxxxxxxxxxxxxxxxxxxxxxxxxxxxxxxxxxxxxxxxxxxxxxxxxxxxxxxxxxxxxxxxxxxxxxxxxxxxxxxxxxxxxxxxxxxxxxxxxxxxxxxxxxxxxxxxxxxxxxx-exceeds maximum length]" time="0.002" /><testcase classname="tests.runtime.test_adaptive_shadow_edges" name="test_shadow_text_validation_edges[bad\x01value-control characters]" time="0.002" /><testcase classname="tests.runtime.test_adaptive_shadow_edges" name="test_shadow_scalar_validation_edges" time="0.003" /><testcase classname="tests.runtime.test_adaptive_shadow_edges" name="test_shadow_measurement_validation_edges" time="0.006" /><testcase classname="tests.runtime.test_adaptive_shadow_edges" name="test_shadow_signal_validation_envelope_edges" time="0.010" /><testcase classname="tests.runtime.test_adaptive_shadow_edges" name="test_shadow_candidate_validation_envelope_edges" time="0.017" /><testcase classname="tests.runtime.test_adaptive_shadow_edges" name="test_shadow_comparison_validation_envelope_edges" time="0.010" /><testcase classname="tests.runtime.test_adaptive_shadow_edges" name="test_shadow_store_empty_and_user_isolation_edges" time="0.016" /><testcase classname="tests.runtime.test_adaptive_shadow_edges" name="test_shadow_store_load_validation_edges" time="0.033" /><testcase classname="tests.runtime.test_adaptive_shadow_edges" name="test_shadow_store_loaded_records_cannot_cross_users" time="0.035" /><testcase classname="tests.runtime.test_adaptive_shadow_edges" name="test_a1_shadow_translation_fail_closed_and_skip_edges" time="0.009" /><testcase classname="tests.runtime.test_adaptive_shadow_edges" name="test_shadow_candidate_additional_evidence_edges" time="0.022" /><testcase classname="tests.runtime.test_adaptive_shadow_mutation_strength" name="test_text_exact_limits_control_boundary_and_keyword_only_contract" time="0.002" /><testcase classname="tests.runtime.test_adaptive_shadow_mutation_strength" name="test_measurement_exact_schema_equality_zero_boundary_and_unit_limit" time="0.001" /><testcase classname="tests.runtime.test_adaptive_shadow_mutation_strength" name="test_signal_fail_closed_versions_source_provenance_and_id_limit" time="0.005" /><testcase classname="tests.runtime.test_adaptive_shadow_mutation_strength" name="test_signal_build_remains_keyword_only" time="0.001" /><testcase classname="tests.runtime.test_adaptive_shadow_mutation_strength" name="test_shadow_records_are_frozen_and_slotted" time="0.006" /><testcase classname="tests.runtime.test_adaptive_shadow_mutation_strength" name="test_candidate_fail_closed_versions_authority_identity_and_boundaries" time="0.006" /><testcase classname="tests.runtime.test_adaptive_shadow_mutation_strength" name="test_candidate_support_count_requires_exact_ref_and_digest_cardinality" time="0.004" /><testcase classname="tests.runtime.test_adaptive_shadow_mutation_strength" name="test_candidate_from_dict_missing_authority_and_confidence_fields_fail_closed" time="0.003" /><testcase classname="tests.runtime.test_adaptive_shadow_mutation_strength" name="test_candidate_notes_are_serialized_when_present" time="0.004" /><testcase classname="tests.runtime.test_adaptive_shadow_mutation_strength" name="test_comparison_fail_closed_versions_authority_cardinality_and_id_limits" time="0.005" /><testcase classname="tests.runtime.test_adaptive_shadow_mutation_strength" name="test_keyword_only_store_layout_store_learning_and_comparison_contracts" time="0.009" /><testcase classname="tests.runtime.test_adaptive_shadow_mutation_strength" name="test_store_accepts_equal_distinct_user_key_and_rejects_greater_user_key" time="0.017" /><testcase classname="tests.runtime.test_adaptive_shadow_mutation_strength" name="test_store_load_rejects_greater_user_records" time="0.023" /><testcase classname="tests.runtime.test_adaptive_shadow_mutation_strength" name="test_store_write_operations_create_full_parent_chain_when_called_first" time="0.020" /><testcase classname="tests.runtime.test_adaptive_shadow_mutation_strength" name="test_candidate_state_lower_versions_fail_closed" time="0.014" /><testcase classname="tests.runtime.test_adaptive_shadow_mutation_strength" name="test_jsonl_error_reports_exact_first_line_number" time="0.009" /><testcase classname="tests.runtime.test_adaptive_shadow_mutation_strength" name="test_candidate_type_exact_precedence_for_strategy_user_and_workflow" time="0.003" /><testcase classname="tests.runtime.test_adaptive_shadow_mutation_strength" name="test_candidate_identity_uses_exact_24_digest_characters" time="0.002" /><testcase classname="tests.runtime.test_adaptive_shadow_mutation_strength" name="test_non_explicit_confirmed_pattern_is_not_treated_as_explicit" time="0.001" /><testcase classname="tests.runtime.test_adaptive_shadow_mutation_strength" name="test_learning_continues_past_one_off_group_to_later_durable_group" time="0.003" /><testcase classname="tests.runtime.test_adaptive_shadow_mutation_strength" name="test_explicit_preference_dominates_when_explicit_value_sorts_after_candidate_value" time="0.003" /><testcase classname="tests.runtime.test_adaptive_shadow_mutation_strength" name="test_nonblocked_previous_candidate_is_recomputed_with_new_support" time="0.006" /><testcase classname="tests.runtime.test_adaptive_shadow_mutation_strength" name="test_blocked_previous_candidate_retains_when_new_evidence_is_older_not_only_equal" time="0.004" /><testcase classname="tests.runtime.test_adaptive_shadow_mutation_strength" name="test_retaining_blocked_group_does_not_stop_later_groups" time="0.006" /><testcase classname="tests.runtime.test_adaptive_shadow_mutation_strength" name="test_latest_negative_at_same_time_as_last_positive_rejects_and_latest_negative_wins" time="0.004" /><testcase classname="tests.runtime.test_adaptive_shadow_mutation_strength" name="test_confidence_progression_is_exact_and_caps_support_contribution_at_five" time="0.017" /><testcase classname="tests.runtime.test_adaptive_shadow_mutation_strength" name="test_confidence_negative_penalty_is_exact_and_caps_at_three_negatives" time="0.015" /><testcase classname="tests.runtime.test_adaptive_shadow_mutation_strength" name="test_comparison_blocks_noncandidate_status_even_when_status_sorts_after_candidate" time="0.004" /><testcase classname="tests.runtime.test_adaptive_shadow_mutation_strength" name="test_comparison_does_not_treat_greater_shadow_value_as_equal" time="0.003" /><testcase classname="tests.runtime.test_adaptive_shadow_mutation_strength" name="test_comparison_uses_value_equality_not_object_identity" time="0.003" /><testcase classname="tests.runtime.test_adaptive_store" name="test_store_round_trip_and_hash_chain_tamper_detection" time="0.014" /><testcase classname="tests.runtime.test_adaptive_store" name="test_store_fails_closed_on_blank_malformed_sequence_and_user" time="0.016" /><testcase classname="tests.runtime.test_adaptive_store" name="test_repository_local_store_and_cross_user_scope_are_rejected" time="0.007" /><testcase classname="tests.runtime.test_adaptive_store" name="test_profile_write_rejects_stale_head_and_corrupt_profile_recovers" time="0.028" /><testcase classname="tests.runtime.test_adaptive_store" name="test_invalid_scope_shapes_fail_closed[payload0]" time="0.001" /><testcase classname="tests.runtime.test_adaptive_store" name="test_invalid_scope_shapes_fail_closed[payload1]" time="0.001" /><testcase classname="tests.runtime.test_adaptive_store" name="test_invalid_scope_shapes_fail_closed[payload2]" time="0.001" /><testcase classname="tests.runtime.test_adaptive_store" name="test_invalid_scope_shapes_fail_closed[payload3]" time="0.001" /><testcase classname="tests.runtime.test_adaptive_store" name="test_invalid_scope_shapes_fail_closed[payload4]" time="0.001" /><testcase classname="tests.runtime.test_adaptive_topology" name="test_machine_implementation_record_preserves_a5_1_shadow_only_boundary" time="0.003" /><testcase classname="tests.runtime.test_adaptive_topology" name="test_a5_records_validate_against_frozen_machine_schemas" time="0.086" /><testcase classname="tests.runtime.test_adaptive_topology" name="test_eligibility_requires_every_frozen_invariant_true" time="0.003" /><testcase classname="tests.runtime.test_adaptive_topology" name="test_candidate_must_preserve_every_required_specialist" time="0.002" /><testcase classname="tests.runtime.test_adaptive_topology" name="test_candidate_required_set_and_revision_must_match_immutable_envelope" time="0.003" /><testcase classname="tests.runtime.test_adaptive_topology" name="test_actual_deterministic_topology_must_remain_inside_eligible_set" time="0.004" /><testcase classname="tests.runtime.test_adaptive_topology" name="test_explicit_current_constraint_retains_precedence_over_adaptive_evidence" time="0.005" /><testcase classname="tests.runtime.test_adaptive_topology" name="test_scoped_preference_can_only_reorder_an_already_eligible_candidate" time="0.005" /><testcase classname="tests.runtime.test_adaptive_topology" name="test_exact_evidence_qualification_binds_candidate_session_and_revision" time="0.004" /><testcase classname="tests.runtime.test_adaptive_topology" name="test_duplicate_source_digest_counts_only_once_for_support_floor" time="0.005" /><testcase classname="tests.runtime.test_adaptive_topology" name="test_stable_tie_break_uses_existing_deterministic_candidate_order" time="0.008" /><testcase classname="tests.runtime.test_adaptive_topology" name="test_shadow_decision_is_structurally_non_authorizing" time="0.005" /><testcase classname="tests.runtime.test_adaptive_topology" name="test_measured_telemetry_requires_explicit_provenance_bound_metric" time="0.004" /><testcase classname="tests.runtime.test_adaptive_topology_edges" name="test_topology_stage_rejects_duplicate_or_invalid_specialist_shapes" time="0.003" /><testcase classname="tests.runtime.test_adaptive_topology_edges" name="test_ranker_never_creates_or_restores_candidate_outside_immutable_envelope" time="0.004" /><testcase classname="tests.runtime.test_adaptive_topology_edges" name="test_one_source_digest_cannot_support_multiple_topology_candidates" time="0.005" /><testcase classname="tests.runtime.test_adaptive_topology_edges" name="test_manually_marked_cross_session_qualified_evidence_fails_closed" time="0.003" /><testcase classname="tests.runtime.test_adaptive_topology_edges" name="test_manually_marked_stale_revision_qualified_evidence_fails_closed" time="0.004" /><testcase classname="tests.runtime.test_adaptive_topology_edges" name="test_evidence_packet_must_bind_exact_eligibility_identity" time="0.005" /><testcase classname="tests.runtime.test_adaptive_topology_edges" name="test_stale_evidence_packet_time_falls_back" time="0.006" /><testcase classname="tests.runtime.test_adaptive_topology_edges" name="test_evaluation_cannot_predate_bound_evidence_packet" time="0.005" /><testcase classname="tests.runtime.test_adaptive_topology_edges" name="test_adaptive_unavailable_uses_deterministic_fallback_order_without_recommendation" time="0.004" /><testcase classname="tests.runtime.test_adaptive_topology_edges" name="test_empty_eligible_set_fails_closed_without_creating_candidate" time="0.003" /><testcase classname="tests.runtime.test_adaptive_topology_edges" name="test_a3_workflow_tendency_is_not_a_supported_topology_evidence_class" time="0.005" /><testcase classname="tests.runtime.test_adaptive_topology_edges" name="test_generic_phase_success_cannot_be_invented_as_topology_performance_evidence" time="0.003" /><testcase classname="tests.runtime.test_adaptive_topology_edges" name="test_measured_telemetry_is_rejected_when_metric_is_missing_or_invented" time="0.003" /><testcase classname="tests.runtime.test_adaptive_topology_edges" name="test_parallel_stage_is_descriptive_only_and_does_not_activate_parallel_execution" time="0.006" /><testcase classname="tests.runtime.test_adaptive_topology_edges" name="test_same_semantic_inputs_produce_same_rank_and_decision_digest" time="0.009" /><testcase classname="tests.runtime.test_adaptive_topology_edges" name="test_required_specialist_set_cannot_change_across_candidates" time="0.002" /><testcase classname="tests.runtime.test_adaptive_topology_edges" name="test_scalar_and_identifier_guards_fail_closed_on_malformed_stage_inputs" time="0.004" /><testcase classname="tests.runtime.test_adaptive_topology_edges" name="test_candidate_collection_guards_cover_empty_invalid_duplicate_and_bounded_shapes" time="0.008" /><testcase classname="tests.runtime.test_adaptive_topology_edges" name="test_revision_and_envelope_identity_guards_reject_invalid_shapes" time="0.012" /><testcase classname="tests.runtime.test_adaptive_topology_edges" name="test_metric_and_evidence_item_scalar_guards_reject_untrusted_shapes" time="0.005" /><testcase classname="tests.runtime.test_adaptive_topology_edges" name="test_packet_collection_guards_reject_schema_type_and_duplicate_identity_errors" time="0.006" /><testcase classname="tests.runtime.test_adaptive_topology_edges" name="test_qualifier_reports_absent_candidate_and_each_supported_evidence_class" time="0.003" /><testcase classname="tests.runtime.test_adaptive_topology_edges" name="test_ranker_type_and_identity_guards_fail_closed_without_adaptive_authority" time="0.007" /><testcase classname="tests.runtime.test_adaptive_topology_edges" name="test_supported_candidate_cannot_authorize_an_unsupported_higher_scoring_candidate" time="0.008" /><testcase classname="tests.runtime.test_approved_unit_plan" name="test_gate_a_exact_15_dataclass_fields" time="0.002" /><testcase classname="tests.runtime.test_approved_unit_plan" name="test_gate_a_exact_15_field_schema_and_types" time="0.001" /><testcase classname="tests.runtime.test_approved_unit_plan" name="test_gate_a_revision_integer_normalization" time="0.003" /><testcase classname="tests.runtime.test_approved_unit_plan" name="test_contextual_validator_file_mutation_allowed_paths" time="0.001" /><testcase classname="tests.runtime.test_approved_unit_plan" name="test_gate_a_path_validation_traversal_and_absolute_rejections" time="0.005" /><testcase classname="tests.runtime.test_approved_unit_plan" name="test_gate_a_prohibited_and_allowed_path_overlap_rejection" time="0.006" /><testcase classname="tests.runtime.test_approved_unit_plan" name="test_gate_a_self_dependency_rejection" time="0.005" /><testcase classname="tests.runtime.test_approved_unit_plan" name="test_gate_a_dataclass_immutability" time="0.001" /><testcase classname="tests.runtime.test_approved_unit_plan" name="test_contextual_validator_execution_envelope_and_dependency_binding" time="0.002" /><testcase classname="tests.runtime.test_approved_unit_plan" name="test_gate_d_strict_serialization_and_deserialization_roundtrip" time="0.002" /><testcase classname="tests.runtime.test_approved_unit_plan" name="test_gate_d_deserialization_rejections" time="0.012" /><testcase classname="tests.runtime.test_authority" name="test_shared_models_are_immutable_and_deterministic" time="0.002" /><testcase classname="tests.runtime.test_authority" name="test_error_taxonomy_carries_immutable_context[InvalidAuthorityConfigurationError]" time="0.001" /><testcase classname="tests.runtime.test_authority" name="test_error_taxonomy_carries_immutable_context[AuthorityDeniedError]" time="0.002" /><testcase classname="tests.runtime.test_authority" name="test_error_taxonomy_carries_immutable_context[InvalidCapabilityConfigurationError]" time="0.002" /><testcase classname="tests.runtime.test_authority" name="test_error_taxonomy_carries_immutable_context[CapabilityCollisionError]" time="0.002" /><testcase classname="tests.runtime.test_authority" name="test_error_taxonomy_carries_immutable_context[CapabilityDeniedError]" time="0.002" /><testcase classname="tests.runtime.test_authority" name="test_error_taxonomy_carries_immutable_context[DelegationRejectedError]" time="0.002" /><testcase classname="tests.runtime.test_authority" name="test_error_taxonomy_carries_immutable_context[DelegationDepthViolationError]" time="0.002" /><testcase classname="tests.runtime.test_authority" name="test_error_taxonomy_carries_immutable_context[InvalidLifecycleTransitionError]" time="0.002" /><testcase classname="tests.runtime.test_authority" name="test_error_taxonomy_carries_immutable_context[InvalidLifecycleSignalError]" time="0.001" /><testcase classname="tests.runtime.test_authority" name="test_error_taxonomy_carries_immutable_context[ConflictingTerminalSignalError]" time="0.001" /><testcase classname="tests.runtime.test_authority" name="test_authority_provenance_rejects_unstructured_delegation" time="0.001" /><testcase classname="tests.runtime.test_authority" name="test_constraints_normalize_mutable_inputs_and_intersect_deterministically" time="0.001" /><testcase classname="tests.runtime.test_authority" name="test_authority_scope_is_exact_immutable_and_serializable" time="0.002" /><testcase classname="tests.runtime.test_authority" name="test_authority_decision_serialization_uses_stable_enum_strings" time="0.001" /><testcase classname="tests.runtime.test_authority" name="test_trusted_authority_loader_accepts_contained_repository_policy" time="0.011" /><testcase classname="tests.runtime.test_authority" name="test_trusted_authority_loader_rejects_empty_malformed_or_non_object_json[]" time="0.008" /><testcase classname="tests.runtime.test_authority" name="test_trusted_authority_loader_rejects_empty_malformed_or_non_object_json[{broken]" time="0.009" /><testcase classname="tests.runtime.test_authority" name="test_trusted_authority_loader_rejects_empty_malformed_or_non_object_json[[]]" time="0.008" /><testcase classname="tests.runtime.test_authority" name="test_trusted_authority_loader_rejects_missing_traversal_absolute_and_untrusted_provenance" time="0.015" /><testcase classname="tests.runtime.test_authority" name="test_trusted_authority_loader_rejects_symlink_escape" time="0.012" /><testcase classname="tests.runtime.test_authority" name="test_authority_evaluator_allows_exact_target_operation_and_constraints" time="0.003" /><testcase classname="tests.runtime.test_authority" name="test_authority_evaluator_denies_by_default[repository:other-read-constraints0-TARGET_NOT_ALLOWED]" time="0.003" /><testcase classname="tests.runtime.test_authority" name="test_authority_evaluator_denies_by_default[repository:orchestra/sub-read-constraints1-TARGET_NOT_ALLOWED]" time="0.003" /><testcase classname="tests.runtime.test_authority" name="test_authority_evaluator_denies_by_default[repository:orchestra-delete-constraints2-OPERATION_NOT_ALLOWED]" time="0.002" /><testcase classname="tests.runtime.test_authority" name="test_authority_evaluator_denies_by_default[repository:orchestra-read-constraints3-CONSTRAINT_DENIED]" time="0.004" /><testcase classname="tests.runtime.test_authority" name="test_authority_intersection_is_restrictive_and_fails_closed" time="0.003" /><testcase classname="tests.runtime.test_authority" name="test_authority_events_are_typed_and_input_surface_excludes_prompt_metadata" time="0.003" /><testcase classname="tests.runtime.test_authority" name="test_authority_invalid_construction_branches_are_typed" time="0.003" /><testcase classname="tests.runtime.test_authority" name="test_authority_constraint_mismatch_and_unconstrained_evaluation" time="0.003" /><testcase classname="tests.runtime.test_authority" name="test_authority_loader_rejects_missing_block_malformed_scope_and_invalid_root" time="0.019" /><testcase classname="tests.runtime.test_authority" name="test_root_validation_and_intersection_require_correct_provenance" time="0.003" /><testcase classname="tests.runtime.test_authority" name="test_runtime_contract_error_rejects_empty_reason_and_duplicate_context" time="0.002" /><testcase classname="tests.runtime.test_autonomous_merge_readiness_contract" name="test_real_repository_contract_passes" time="0.012" /><testcase classname="tests.runtime.test_autonomous_merge_readiness_contract" name="test_fully_green_exact_head_is_ready" time="0.004" /><testcase classname="tests.runtime.test_autonomous_merge_readiness_contract" name="test_missing_and_pending_evidence_waits" time="0.010" /><testcase classname="tests.runtime.test_autonomous_merge_readiness_contract" name="test_any_required_check_failure_blocks" time="0.007" /><testcase classname="tests.runtime.test_autonomous_merge_readiness_contract" name="test_stale_head_invalidates_prior_evidence" time="0.002" /><testcase classname="tests.runtime.test_autonomous_merge_readiness_contract" name="test_red_canonical_baseline_blocks_next_phase" time="0.004" /><testcase classname="tests.runtime.test_autonomous_merge_readiness_contract" name="test_required_changelog_omission_blocks" time="0.002" /><testcase classname="tests.runtime.test_autonomous_merge_readiness_contract" name="test_mergeable_true_cannot_shortcut_missing_checks" time="0.002" /><testcase classname="tests.runtime.test_autonomous_merge_readiness_contract" name="test_merge_conflict_blocks" time="0.002" /><testcase classname="tests.runtime.test_autonomous_merge_readiness_contract" name="test_non_clean_mergeable_states_fail_closed" time="0.003" /><testcase classname="tests.runtime.test_autonomous_merge_readiness_contract" name="test_unresolved_blocker_and_thread_block" time="0.003" /><testcase classname="tests.runtime.test_autonomous_merge_readiness_contract" name="test_ruleset_and_merge_method_drift_block" time="0.003" /><testcase classname="tests.runtime.test_autonomous_merge_readiness_contract" name="test_bypass_capability_is_not_governance_authority" time="0.002" /><testcase classname="tests.runtime.test_autonomous_merge_readiness_contract" name="test_merge_api_success_alone_is_not_verified" time="0.002" /><testcase classname="tests.runtime.test_autonomous_merge_readiness_contract" name="test_post_merge_requires_clean_pre_merge_state_and_no_bypass" time="0.002" /><testcase classname="tests.runtime.test_autonomous_merge_readiness_contract" name="test_post_merge_requires_squash_equivalence_and_signature" time="0.003" /><testcase classname="tests.runtime.test_autonomous_merge_readiness_contract" name="test_verified_squash_post_merge_state_is_accepted" time="0.002" /><testcase classname="tests.runtime.test_autonomous_merge_readiness_contract" name="test_fixture_expected_result_tampering_fails_validation" time="0.008" /><testcase classname="tests.runtime.test_autonomous_merge_readiness_contract" name="test_duplicate_required_check_fails_closed" time="0.002" /><testcase classname="tests.runtime.test_autonomous_merge_readiness_contract" name="test_unknown_required_check_status_fails_closed" time="0.002" /><testcase classname="tests.runtime.test_b2_5_confirmatory" name="test_static_preflight_freezes_exact_held_out_plan_without_calls" time="0.021" /><testcase classname="tests.runtime.test_b2_5_confirmatory" name="test_host_preflight_invokes_version_only" time="0.009" /><testcase classname="tests.runtime.test_b2_5_confirmatory" name="test_executor_command_uses_corrected_contract" time="0.003" /><testcase classname="tests.runtime.test_b2_5_confirmatory" name="test_authorization_is_required_before_executor_invocation" time="0.013" /><testcase classname="tests.runtime.test_b2_5_confirmatory" name="test_fixture_driver_completes_all_forty_slots" time="0.637" /><testcase classname="tests.runtime.test_b2_5_confirmatory" name="test_driver_stops_after_first_failed_slot[INVALID_RUN-INVALID_RUN]" time="0.047" /><testcase classname="tests.runtime.test_b2_5_confirmatory" name="test_driver_stops_after_first_failed_slot[FAIL-FAIL]" time="0.056" /><testcase classname="tests.runtime.test_b2_5_confirmatory" name="test_driver_rejects_evidence_mismatch" time="0.046" /><testcase classname="tests.runtime.test_b2_5_confirmatory" name="test_authorization_digest_mismatch_fails_closed" time="0.004" /><testcase classname="tests.runtime.test_b2_instrumentation_pilot" name="test_static_freeze_constructs_exact_zero_retry_eight_run_plan" time="0.011" /><testcase classname="tests.runtime.test_b2_instrumentation_pilot" name="test_host_preflight_invokes_version_only_and_zero_model_calls" time="0.007" /><testcase classname="tests.runtime.test_b2_instrumentation_pilot" name="test_driver_command_matches_executor_parser_contract" time="0.002" /><testcase classname="tests.runtime.test_b2_instrumentation_pilot" name="test_driver_requires_separate_exact_authorization_before_invocation" time="0.008" /><testcase classname="tests.runtime.test_b2_instrumentation_pilot" name="test_fixture_driver_completes_all_slots_preserving_artifacts" time="0.186" /><testcase classname="tests.runtime.test_b2_instrumentation_pilot" name="test_driver_stops_after_first_invalid_or_validator_failure[INVALID_RUN-INVALID_RUN]" time="0.052" /><testcase classname="tests.runtime.test_b2_instrumentation_pilot" name="test_driver_stops_after_first_invalid_or_validator_failure[FAIL-FAIL]" time="0.045" /><testcase classname="tests.runtime.test_b2_instrumentation_pilot" name="test_driver_rejects_evidence_recomputation_mismatch" time="0.034" /><testcase classname="tests.runtime.test_b2_instrumentation_pilot" name="test_driver_rejects_repository_mutation_and_workspace_output" time="0.035" /><testcase classname="tests.runtime.test_b3_confirmatory_preparation" name="test_confirmatory_plan_and_held_out_task_set_are_exact" time="0.018" /><testcase classname="tests.runtime.test_b3_confirmatory_preparation" name="test_confirmatory_static_preflight_is_zero_call" time="0.025" /><testcase classname="tests.runtime.test_b3_pilot_preparation" name="test_b3_pilot_is_exactly_twenty_by_three_by_three" time="0.010" /><testcase classname="tests.runtime.test_b3_pilot_preparation" name="test_b3_pilot_zero_call_static_preflight_and_boundaries" time="0.014" /><testcase classname="tests.runtime.test_b3_pilot_preparation" name="test_b3_pilot_tasks_are_held_out_and_digest_stable" time="0.002" /><testcase classname="tests.runtime.test_b_phase_terminal_synthesis" name="test_b3_terminal_result_and_b4_b5_dispositions_are_consistent" time="0.006" /><testcase classname="tests.runtime.test_canonical_promotion_authority" name="test_legacy_specialist_identity_import_is_a_derived_compatibility_view" time="0.003" /><testcase classname="tests.runtime.test_canonical_promotion_authority" name="test_legacy_service_authority_snapshots_are_absent" time="0.001" /><testcase classname="tests.runtime.test_canonical_promotion_authority" name="test_skill_registry_and_router_read_machine_routing_contract_directly" time="0.042" /><testcase classname="tests.runtime.test_canonical_promotion_authority" name="test_default_governance_validator_rules_match_machine_policy" time="0.009" /><testcase classname="tests.runtime.test_canonical_promotion_authority" name="test_default_governance_rules_fail_closed_on_duplicate_rule_identity" time="0.004" /><testcase classname="tests.runtime.test_canonical_promotion_authority" name="test_default_governance_rules_fail_closed_when_machine_policy_has_no_runtime_rules" time="0.004" /><testcase classname="tests.runtime.test_canonical_promotion_authority" name="test_machine_dry_run_requirement_is_enforced_without_rule_name_special_case" time="0.029" /><testcase classname="tests.runtime.test_canonical_promotion_authority" name="test_machine_policy_does_not_require_dry_run_for_high_risk_security_rule" time="0.013" /><testcase classname="tests.runtime.test_canonical_promotion_authority" name="test_runtime_machine_guard_is_deferred_from_module_import" time="0.002" /><testcase classname="tests.runtime.test_canonical_promotion_authority" name="test_runtime_consumers_guard_machine_contracts_before_defaults" time="0.003" /><testcase classname="tests.runtime.test_canonical_promotion_authority" name="test_runtime_machine_guard_fails_closed_at_construction_boundary" time="0.003" /><testcase classname="tests.runtime.test_capabilities" name="test_capability_grant_requires_subset_and_normalizes_inputs" time="0.002" /><testcase classname="tests.runtime.test_capabilities" name="test_manifest_orders_grants_and_rejects_collisions" time="0.002" /><testcase classname="tests.runtime.test_capabilities" name="test_manifest_defensively_copies_grant_list_and_serializes" time="0.002" /><testcase classname="tests.runtime.test_capabilities" name="test_capability_decision_is_immutable_and_serializable" time="0.002" /><testcase classname="tests.runtime.test_capabilities" name="test_trusted_capability_loader_builds_immutable_manifest" time="0.009" /><testcase classname="tests.runtime.test_capabilities" name="test_trusted_capability_loader_rejects_malformed_grants_and_collisions" time="0.013" /><testcase classname="tests.runtime.test_capabilities" name="test_trusted_capability_loader_rejects_bad_path_and_json" time="0.007" /><testcase classname="tests.runtime.test_capabilities" name="test_capability_resolver_allows_and_denies_without_global_state" time="0.002" /><testcase classname="tests.runtime.test_capabilities" name="test_capability_intersection_is_restrictive_and_fails_closed" time="0.002" /><testcase classname="tests.runtime.test_capabilities" name="test_capability_events_and_inputs_are_typed_and_authority_neutral" time="0.002" /><testcase classname="tests.runtime.test_capabilities" name="test_capability_invalid_construction_branches_are_typed" time="0.002" /><testcase classname="tests.runtime.test_capabilities" name="test_capability_loader_rejects_missing_block_and_untrusted_file_provenance" time="0.011" /><testcase classname="tests.runtime.test_codex_benchmark_workspace_preflight_regression" name="test_live_non_git_workspace_fails_before_codex_process" time="0.008" /><testcase classname="tests.runtime.test_codex_benchmark_workspace_preflight_regression" name="test_observed_trusted_directory_rejection_is_not_provider_outage" time="0.001" /><testcase classname="tests.runtime.test_codex_benchmark_workspace_preflight_regression" name="test_unstructured_nonzero_exit_defaults_to_infrastructure_outage" time="0.001" /><testcase classname="tests.runtime.test_codex_benchmark_workspace_preflight_regression" name="test_configuration_rejection_is_measurement_capture_failure" time="0.001" /><testcase classname="tests.runtime.test_codex_benchmark_workspace_preflight_regression" name="test_structured_host_error_remains_provider_outage" time="0.001" /><testcase classname="tests.runtime.test_codex_benchmark_workspace_preflight_regression" name="test_live_nonzero_trusted_directory_exit_is_reclassified" time="0.008" /><testcase classname="tests.runtime.test_codex_export_validator" name="test_codex_export_validator_accepts_staged_export" time="1.183" /><testcase classname="tests.runtime.test_codex_export_validator" name="test_codex_export_validator_rejects_missing_skill_file" time="0.961" /><testcase classname="tests.runtime.test_command_surface_parity" name="test_public_command_surface_has_files_and_canonical_machine_routes" time="0.005" /><testcase classname="tests.runtime.test_command_surface_parity" name="test_compliance_commands_are_explicit_public_routes" time="0.003" /><testcase classname="tests.runtime.test_command_surface_parity" name="test_compliance_review_route_preserves_governance_ownership_order" time="0.002" /><testcase classname="tests.runtime.test_communication_budget" name="test_measurement_schema_version_and_runtime_payload_align" time="0.003" /><testcase classname="tests.runtime.test_communication_budget" name="test_unavailable_token_source_never_invents_token_counts" time="0.002" /><testcase classname="tests.runtime.test_communication_budget" name="test_host_reported_same_counter_allows_absolute_token_delta_only" time="0.002" /><testcase classname="tests.runtime.test_communication_budget" name="test_different_token_counter_identity_is_not_compared" time="0.002" /><testcase classname="tests.runtime.test_communication_budget" name="test_outcome_parity_requires_task_validation_and_governance_identity" time="0.001" /><testcase classname="tests.runtime.test_communication_budget" name="test_elapsed_overhead_is_compared_only_when_both_sides_report_it" time="0.001" /><testcase classname="tests.runtime.test_communication_budget" name="test_measurement_digest_is_deterministic" time="0.001" /><testcase classname="tests.runtime.test_communication_budget" name="test_measurement_rejects_invented_or_incomparable_token_payloads" time="0.004" /><testcase classname="tests.runtime.test_communication_budget" name="test_comparison_requires_same_scenario_identity" time="0.002" /><testcase classname="tests.runtime.test_comparative_benchmark_a5_topology_executor" name="test_b2_binding_requires_exact_frozen_candidate_digest" time="0.004" /><testcase classname="tests.runtime.test_comparative_benchmark_a5_topology_executor" name="test_b2_binding_rejects_parallel_stage_even_when_structurally_eligible" time="0.003" /><testcase classname="tests.runtime.test_comparative_benchmark_a5_topology_executor" name="test_execute_forward_topology_uses_three_bounded_calls_and_aggregates_tokens" time="0.009" /><testcase classname="tests.runtime.test_comparative_benchmark_a5_topology_executor" name="test_reverse_candidate_changes_only_specialist_stage_order" time="0.009" /><testcase classname="tests.runtime.test_comparative_benchmark_a5_topology_executor" name="test_ceiling_breach_stops_before_fixed_finalizer" time="0.008" /><testcase classname="tests.runtime.test_comparative_benchmark_a5_topology_executor" name="test_execution_allowed_false_fails_before_any_model_call" time="0.008" /><testcase classname="tests.runtime.test_comparative_benchmark_a5_topology_executor" name="test_shadow_observation_uses_same_frozen_eligible_set" time="0.003" /><testcase classname="tests.runtime.test_comparative_benchmark_a5_topology_executor" name="test_b2_3_1_retains_utf8_advisories_and_recomputes_context_transfer" time="0.010" /><testcase classname="tests.runtime.test_comparative_benchmark_a5_topology_executor" name="test_context_transfer_mismatch_is_rejected" time="0.003" /><testcase classname="tests.runtime.test_comparative_benchmark_a5_topology_executor" name="test_advisory_retention_ceiling_fails_closed_before_next_call" time="0.011" /><testcase classname="tests.runtime.test_comparative_benchmark_a5_topology_executor" name="test_usage_object_is_preserved_exactly_and_digest_bound" time="0.002" /><testcase classname="tests.runtime.test_comparative_benchmark_a5_topology_executor" name="test_counter_stability_classification_fixtures" time="0.001" /><testcase classname="tests.runtime.test_comparative_benchmark_a5_topology_executor" name="test_cached_input_greater_than_input_is_rejected" time="0.002" /><testcase classname="tests.runtime.test_comparative_benchmark_a5_topology_executor" name="test_executor_rejects_invalid_cached_counter_before_next_call" time="0.010" /><testcase classname="tests.runtime.test_comparative_benchmark_a5_topology_executor" name="test_run_codex_call_preserves_exact_turn_completed_usage_with_zero_live_call[advisory]" time="0.006" /><testcase classname="tests.runtime.test_comparative_benchmark_a5_topology_executor" name="test_run_codex_call_preserves_exact_turn_completed_usage_with_zero_live_call[advisory-\u96ea]" time="0.005" /><testcase classname="tests.runtime.test_comparative_benchmark_a5_topology_executor" name="test_run_codex_call_fails_closed_on_invalid_utf8_without_live_call" time="0.010" /><testcase classname="tests.runtime.test_comparative_benchmark_a5_topology_executor" name="test_fixture_integration_uses_only_injected_fake_runners" time="0.011" /><testcase classname="tests.runtime.test_comparative_benchmark_antigravity_executor" name="test_01_valid_antigravity_usage_maps_to_host_reported_tokens" time="0.102" /><testcase classname="tests.runtime.test_comparative_benchmark_antigravity_executor" name="test_02_thinking_tokens_maps_to_reasoning_tokens" time="0.097" /><testcase classname="tests.runtime.test_comparative_benchmark_antigravity_executor" name="test_03_cache_read_tokens_maps_to_cached_input_tokens" time="0.117" /><testcase classname="tests.runtime.test_comparative_benchmark_antigravity_executor" name="test_04_total_tokens_remains_raw_evidence_only" time="0.116" /><testcase classname="tests.runtime.test_comparative_benchmark_antigravity_executor" name="test_05_fresh_billable_tokens_remains_null" time="0.116" /><testcase classname="tests.runtime.test_comparative_benchmark_antigravity_executor" name="test_06_provider_cost_remains_unavailable" time="0.117" /><testcase classname="tests.runtime.test_comparative_benchmark_antigravity_executor" name="test_07_missing_usage_becomes_invalid_run_measurement_capture_failure" time="0.112" /><testcase classname="tests.runtime.test_comparative_benchmark_antigravity_executor" name="test_08_missing_input_or_output_counters_becomes_invalid_run" time="0.191" /><testcase classname="tests.runtime.test_comparative_benchmark_antigravity_executor" name="test_09_malformed_outer_json_becomes_invalid_run" time="0.079" /><testcase classname="tests.runtime.test_comparative_benchmark_antigravity_executor" name="test_10_antigravity_success_does_not_automatically_set_task_outcome_pass" time="0.178" /><testcase classname="tests.runtime.test_comparative_benchmark_antigravity_executor" name="test_11_host_success_without_independent_evidence_cannot_produce_pass" time="0.077" /><testcase classname="tests.runtime.test_comparative_benchmark_antigravity_executor" name="test_12_counter_identity_is_deterministic" time="0.001" /><testcase classname="tests.runtime.test_comparative_benchmark_antigravity_executor" name="test_13_changed_cli_or_model_identity_changes_counter_identity" time="0.077" /><testcase classname="tests.runtime.test_comparative_benchmark_antigravity_executor" name="test_14_no_live_antigravity_invocation_occurs_during_tests" time="0.002" /><testcase classname="tests.runtime.test_comparative_benchmark_antigravity_executor" name="test_15_corrupted_starting_state_fails_closed" time="0.151" /><testcase classname="tests.runtime.test_comparative_benchmark_antigravity_executor" name="test_16_model_mismatch_fails_closed" time="0.152" /><testcase classname="tests.runtime.test_comparative_benchmark_antigravity_executor" name="test_17_live_argv_construction_and_no_stdin_prompt" time="0.084" /><testcase classname="tests.runtime.test_comparative_benchmark_antigravity_executor" name="test_18_preflight_accepts_exact_cli_version_1_1_15" time="0.082" /><testcase classname="tests.runtime.test_comparative_benchmark_antigravity_executor" name="test_19_preflight_fails_closed_on_different_cli_version" time="0.084" /><testcase classname="tests.runtime.test_comparative_benchmark_antigravity_executor" name="test_20_preflight_accepts_explicit_use_g1_credits_false" time="0.090" /><testcase classname="tests.runtime.test_comparative_benchmark_antigravity_executor" name="test_21_preflight_fails_closed_on_use_g1_credits_true" time="0.079" /><testcase classname="tests.runtime.test_comparative_benchmark_antigravity_executor" name="test_22_preflight_fails_closed_on_malformed_or_missing_settings" time="0.226" /><testcase classname="tests.runtime.test_comparative_benchmark_antigravity_executor" name="test_23_provenance_semantics_explicitly_preserved" time="0.079" /><testcase classname="tests.runtime.test_comparative_benchmark_antigravity_executor" name="test_24_response_bytes_captured_from_response_field" time="0.077" /><testcase classname="tests.runtime.test_comparative_benchmark_antigravity_executor" name="test_25_runner_integration_with_antigravity_executor" time="0.940" /><testcase classname="tests.runtime.test_comparative_benchmark_antigravity_executor" name="test_26_default_binds_normal_no_compression_treatment" time="0.078" /><testcase classname="tests.runtime.test_comparative_benchmark_antigravity_executor" name="test_27_caveman_binds_exact_pinned_policy" time="0.077" /><testcase classname="tests.runtime.test_comparative_benchmark_antigravity_executor" name="test_28_caveman_revision_mismatch_fails_closed" time="0.073" /><testcase classname="tests.runtime.test_comparative_benchmark_antigravity_executor" name="test_29_caveman_blob_mismatch_fails_closed" time="0.078" /><testcase classname="tests.runtime.test_comparative_benchmark_antigravity_executor" name="test_30_caveman_missing_policy_fails_closed" time="0.078" /><testcase classname="tests.runtime.test_comparative_benchmark_antigravity_executor" name="test_31_caveman_compress_or_proxy_is_rejected" time="0.078" /><testcase classname="tests.runtime.test_comparative_benchmark_antigravity_executor" name="test_32_murmurs_binds_canonical_presentation_mode" time="0.075" /><testcase classname="tests.runtime.test_comparative_benchmark_antigravity_executor" name="test_33_murmurs_policy_and_vocabulary_identity_recorded" time="0.086" /><testcase classname="tests.runtime.test_comparative_benchmark_antigravity_executor" name="test_34_murmurs_cannot_silently_become_default" time="0.109" /><testcase classname="tests.runtime.test_comparative_benchmark_antigravity_executor" name="test_35_distinct_treatment_identities_across_three_arms" time="0.269" /><testcase classname="tests.runtime.test_comparative_benchmark_antigravity_executor" name="test_36_underlying_task_prompt_digest_remains_identical_across_arms" time="0.005" /><testcase classname="tests.runtime.test_comparative_benchmark_antigravity_executor" name="test_37_topology_identity_remains_identical_across_arms" time="0.226" /><testcase classname="tests.runtime.test_comparative_benchmark_antigravity_executor" name="test_38_unknown_communication_mode_fails_closed" time="0.077" /><testcase classname="tests.runtime.test_comparative_benchmark_antigravity_executor" name="test_39_treatment_activation_evidence_is_present" time="0.078" /><testcase classname="tests.runtime.test_comparative_benchmark_antigravity_executor" name="test_40_no_live_provider_subprocess_executes_in_tests" time="0.002" /><testcase classname="tests.runtime.test_comparative_benchmark_antigravity_executor" name="test_41_stream_json_transport_supported_across_arms" time="0.231" /><testcase classname="tests.runtime.test_comparative_benchmark_antigravity_executor" name="test_42_stream_json_parser_preserves_raw_event_sequence" time="0.079" /><testcase classname="tests.runtime.test_comparati
[...]
tests.runtime.test_test_evidence" name="test_below_statement_threshold_fails_evidence_even_when_tests_pass" time="0.014" /><testcase classname="tests.runtime.test_test_evidence" name="test_invalid_sha_is_rejected" time="0.014" /><testcase classname="tests.runtime.test_ui_design_contract" name="test_uix1_schema_and_reference_fixture_are_valid" time="0.190" /><testcase classname="tests.runtime.test_ui_design_contract" name="test_uix1_invalid_fixtures_are_rejected[fixture_path0]" time="0.184" /><testcase classname="tests.runtime.test_ui_design_contract" name="test_uix1_invalid_fixtures_are_rejected[fixture_path1]" time="0.125" /><testcase classname="tests.runtime.test_ui_design_contract" name="test_uix1_inferred_evidence_requires_and_accepts_explicit_approval_ref" time="0.249" /><testcase classname="tests.runtime.test_ui_design_contract" name="test_uix1_intentional_adaptation_requires_reason_and_approval" time="0.480" /><testcase classname="tests.runtime.test_ui_design_contract" name="test_uix1_figma_and_code_connect_are_optional_capabilities" time="0.135" /><testcase classname="tests.runtime.test_ui_design_contract" name="test_uix1_project_mapping_exact_or_adapted_requires_target" time="0.256" /><testcase classname="tests.runtime.test_ui_design_contract" name="test_uix1_contract_cannot_turn_evidence_into_authority" time="0.384" /><testcase classname="tests.runtime.test_ui_design_contract" name="test_uix1_validation_evidence_is_revision_bound_without_claiming_preimplementation_results" time="0.126" /><testcase classname="tests.runtime.test_ui_design_source_preservation" name="test_uix2_workflow_record_is_schema_valid_and_library_neutral" time="0.053" /><testcase classname="tests.runtime.test_ui_design_source_preservation" name="test_uix2_preservation_order_requires_project_reuse_before_approved_adaptation" time="0.002" /><testcase classname="tests.runtime.test_ui_design_source_preservation" name="test_uix2_project_native_reference_report_is_valid_without_figma" time="0.090" /><testcase classname="tests.runtime.test_ui_design_source_preservation" name="test_uix2_invalid_preservation_reports_are_rejected[fixture_path0]" time="0.079" /><testcase classname="tests.runtime.test_ui_design_source_preservation" name="test_uix2_invalid_preservation_reports_are_rejected[fixture_path1]" time="0.077" /><testcase classname="tests.runtime.test_ui_design_source_preservation" name="test_uix2_inference_and_adaptation_require_explicit_approval" time="0.154" /><testcase classname="tests.runtime.test_ui_design_source_preservation" name="test_uix2_implementation_blocking_unresolved_evidence_fails_closed" time="0.161" /><testcase classname="tests.runtime.test_ui_design_source_preservation" name="test_uix2_workflow_cannot_turn_evidence_into_authority" time="0.002" /><testcase classname="tests.runtime.test_ui_profile_registry" name="test_uix3_schema_and_registry_are_valid" time="0.069" /><testcase classname="tests.runtime.test_ui_profile_registry" name="test_uix3_taxonomy_separates_foundation_layout_system_and_effect" time="0.002" /><testcase classname="tests.runtime.test_ui_profile_registry" name="test_uix3_valid_and_invalid_compositions_are_deterministic" time="0.003" /><testcase classname="tests.runtime.test_ui_profile_registry" name="test_uix3_accessibility_invariants_are_theme_neutral" time="0.002" /><testcase classname="tests.runtime.test_ui_profile_registry" name="test_uix3_profile_names_do_not_grant_css_or_implementation_authority" time="0.053" /><testcase classname="tests.runtime.test_uix9_live_metric_evaluator_v2" name="test_calibration_outputs_are_frozen_and_schema_valid" time="0.783" /><testcase classname="tests.runtime.test_uix9_live_metric_evaluator_v2" name="test_malformed_and_missing_required_inputs_fail_closed" time="0.259" /><testcase classname="tests.runtime.test_uix9_live_metric_evaluator_v2" name="test_identical_candidate_trees_produce_identical_results" time="0.303" /><testcase classname="tests.runtime.test_uix9_live_metric_evaluator_v2" name="test_frozen_contract_and_calibration_manifest" time="0.017" /><testcase classname="tests.runtime.test_uix9_live_metric_evaluator_v2" name="test_zero_call_candidate_to_observation_to_pair_adjudication" time="0.564" /><testcase classname="tests.runtime.test_uix9_live_metric_evaluator_v2" name="test_campaign_result_classification_is_closed" time="0.020" /><testcase classname="tests.runtime.test_uix9_live_proof_protocol" name="test_uix9b_plan_is_closed_and_frozen" time="0.130" /><testcase classname="tests.runtime.test_uix9_live_proof_protocol" name="test_uix9b_guidance_and_authorization_manifests_are_closed" time="0.064" /><testcase classname="tests.runtime.test_uix9_live_proof_protocol" name="test_uix9b_zero_call_canaries_pass" time="0.285" /><testcase classname="tests.runtime.test_uix9_live_proof_protocol" name="test_uix9b_malformed_evidence_and_arm_identity_fail_closed" time="0.138" /><testcase classname="tests.runtime.test_uix9_live_proof_protocol" name="test_uix9b_fixture_digest_equality_is_cross_field_enforced" time="0.012" /><testcase classname="tests.runtime.test_uix9_live_proof_protocol" name="test_uix9b_result_classification_is_closed" time="0.002" /><testcase classname="tests.runtime.test_uix9_live_proof_protocol" name="test_v2_identity_gate_binds_to_canonical_base_not_candidate_head" time="0.111" /><testcase classname="tests.runtime.test_uix9_proof_protocol" name="test_uix9_plan_and_schemas_are_closed_and_entry_bound" time="0.214" /><testcase classname="tests.runtime.test_uix9_proof_protocol" name="test_uix9_zero_call_dry_run_reaches_authorized_terminal_boundary" time="0.205" /><testcase classname="tests.runtime.test_uix9_proof_protocol" name="test_uix9_positive_and_negative_fixtures_are_deterministic" time="0.090" /><testcase classname="tests.runtime.test_uix9_proof_protocol" name="test_uix9_nonzero_call_fixture_is_rejected" time="0.046" /><testcase classname="tests.runtime.test_uix9_proof_protocol" name="test_uix9_authority_expansion_is_rejected" time="0.251" /><testcase classname="tests.runtime.test_update_check" name="test_current_version_is_latest" time="0.043" /><testcase classname="tests.runtime.test_update_check" name="test_newer_version_exists" time="0.027" /><testcase classname="tests.runtime.test_update_check" name="test_invalid_version_fails" time="0.028" /><testcase classname="tests.runtime.test_update_check" name="test_github_unavailable_fails" time="0.030" /><testcase classname="tests.runtime.test_update_check" name="test_update_check_disabled" time="0.026" /><testcase classname="tests.runtime.test_update_check" name="test_parse_version_accepts_v_prefix" time="0.002" /><testcase classname="tests.runtime.test_validation_authority_contract_edges" name="test_unique_governance_values_fail_closed" time="0.008" /><testcase classname="tests.runtime.test_validation_authority_contract_edges" name="test_route_map_rejects_missing_and_malformed_records" time="0.011" /><testcase classname="tests.runtime.test_validation_authority_contract_edges" name="test_route_record_rejects_missing_fallback_and_malformed_record" time="0.006" /><testcase classname="tests.runtime.test_validation_authority_contract_edges" name="test_governance_required_and_validation_rules_fail_closed" time="0.012" /><testcase classname="tests.runtime.test_validation_authority_contract_edges" name="test_transition_precedence_requires_exact_disposition_set" time="0.004" /><testcase classname="tests.runtime.test_validation_authority_contract_edges" name="test_remediation_limits_validate_shape_types_and_bounds" time="0.016" /><testcase classname="tests.runtime.test_validation_authority_contract_edges" name="test_machine_contract_error_surfaces_cover_policy_set_and_rule_shape" time="0.013" /><testcase classname="tests.runtime.test_validation_authority_contract_edges" name="test_contract_loaders_reject_schema_mismatch" time="0.019" /><testcase classname="tests.runtime.test_validation_authority_kernel_edges" name="test_machine_precedence_without_any_registered_disposition_fails_closed" time="0.004" /><testcase classname="tests.runtime.test_workflow_sanity" name="test_machine_command_routes_are_runtime_router_defaults" time="0.019" /><testcase classname="tests.runtime.test_workflow_sanity" name="test_machine_governance_required_set_matches_runtime_router_behavior" time="0.733" /><testcase classname="tests.runtime.test_workflow_sanity" name="test_machine_validation_rules_are_runtime_governance_defaults" time="0.010" /><testcase classname="tests.runtime.test_workflow_sanity" name="test_direct_architecture_workflow_fires_expected_route_and_continuation" time="0.041" /><testcase classname="tests.runtime.test_workflow_sanity" name="test_unknown_command_falls_back_to_conductor_and_is_receipted" time="0.036" /><testcase classname="tests.runtime.test_workflow_sanity" name="test_dagger_workflow_fails_closed_without_authority_evidence" time="0.025" /><testcase classname="tests.runtime.test_workflow_sanity" name="test_dagger_workflow_passes_only_with_validation_and_dry_run" time="0.025" /><testcase classname="tests.runtime.test_workflow_sanity" name="test_governor_workflow_requires_governance_validation" time="0.048" /><testcase classname="tests.runtime.test_workflow_sanity" name="test_stale_evidence_produces_wait_for_evidence_with_ordered_receipt" time="0.027" /><testcase classname="tests.runtime.test_workflow_sanity" name="test_human_review_condition_produces_escalation" time="0.029" /><testcase classname="tests.runtime.test_workflow_sanity" name="test_authority_invalid_condition_produces_stop" time="0.027" /><testcase classname="tests.runtime.test_workflow_sanity" name="test_bounded_revision_remediates_then_escalates_on_budget_exhaustion" time="0.030" /><testcase classname="tests.runtime.test_workflow_sanity" name="test_murmurs_compresses_routine_presentation_without_changing_workflow_truth" time="0.028" /><testcase classname="tests.runtime.test_worktree_contract.TestWorktreeContractValidation" name="test_branch_validation" time="0.002" /><testcase classname="tests.runtime.test_worktree_contract.TestWorktreeContractValidation" name="test_correlation_id_validation" time="0.001" /><testcase classname="tests.runtime.test_worktree_contract.TestWorktreeContractValidation" name="test_invalid_contract_type" time="0.002" /><testcase classname="tests.runtime.test_worktree_contract.TestWorktreeContractValidation" name="test_invalid_status_and_policy_types" time="0.002" /><testcase classname="tests.runtime.test_worktree_contract.TestWorktreeContractValidation" name="test_sha_validation" time="0.002" /><testcase classname="tests.runtime.test_worktree_contract.TestWorktreeContractValidation" name="test_unit_id_validation" time="0.002" /><testcase classname="tests.runtime.test_worktree_contract.TestWorktreeContractValidation" name="test_valid_contract" time="0.001" /><testcase classname="tests.runtime.test_worktree_contract.TestWorktreeContractValidation" name="test_validate_contract_with_repo_root_path_error" time="0.007" /><testcase classname="tests.runtime.test_worktree_contract.TestWorktreeContractValidation" name="test_version_rejection" time="0.002" /><testcase classname="tests.runtime.test_worktree_contract.TestPathConfinement" name="test_absolute_path_rejection" time="0.006" /><testcase classname="tests.runtime.test_worktree_contract.TestPathConfinement" name="test_authorized_parents" time="0.012" /><testcase classname="tests.runtime.test_worktree_contract.TestPathConfinement" name="test_empty_path_rejection" time="0.005" /><testcase classname="tests.runtime.test_worktree_contract.TestPathConfinement" name="test_orchestra_worktrees_symlink_escape_rejected" time="0.015" /><testcase classname="tests.runtime.test_worktree_contract.TestPathConfinement" name="test_path_traversal_rejection" time="0.004" /><testcase classname="tests.runtime.test_worktree_contract.TestPathConfinement" name="test_python_compatibility_fallback" time="0.007" /><testcase classname="tests.runtime.test_worktree_contract.TestPathConfinement" name="test_tmp_symlink_escape_rejected" time="0.009" /><testcase classname="tests.runtime.test_worktree_contract.TestPathConfinement" name="test_unauthorized_parent_rejection" time="0.008" /><testcase classname="tests.runtime.test_worktree_contract.TestPathConfinement" name="test_unc_path_rejection" time="0.005" /><testcase classname="tests.runtime.test_worktree_contract.TestPathConfinement" name="test_windows_tmp_junction_escape_rejected" time="0.097" /><testcase classname="tests.runtime.test_worktree_contract.TestSerialization" name="test_deserialization_invalid_enums_and_types" time="0.001" /><testcase classname="tests.runtime.test_worktree_contract.TestSerialization" name="test_deserialization_invalid_payload_types" time="0.001" /><testcase classname="tests.runtime.test_worktree_contract.TestSerialization" name="test_deserialization_missing_required_keys" time="0.002" /><testcase classname="tests.runtime.test_worktree_contract.TestSerialization" name="test_deserialization_version_rejection" time="0.002" /><testcase classname="tests.runtime.test_worktree_contract.TestSerialization" name="test_deterministic_serialization" time="0.001" /><testcase classname="tests.runtime.test_worktree_contract.TestSerialization" name="test_roundtrip_deserialization" time="0.002" /><testcase classname="tests.runtime.test_worktree_contract.TestSerialization" name="test_unknown_fields_rejection" time="0.001" /><testcase classname="tests.runtime.test_worktree_contract.TestStateTransitions" name="test_invalid_transitions" time="0.002" /><testcase classname="tests.runtime.test_worktree_contract.TestStateTransitions" name="test_transition_enforcement_helper" time="0.001" /><testcase classname="tests.runtime.test_worktree_contract.TestStateTransitions" name="test_valid_transitions" time="0.002" /><testcase classname="tests.runtime.test_worktree_contract.TestCommandRunnerAndMocks" name="test_command_runner_exceptions" time="0.005" /><testcase classname="tests.runtime.test_worktree_contract.TestCommandRunnerAndMocks" name="test_default_command_runner" time="0.115" /><testcase classname="tests.runtime.test_worktree_contract.TestRepositoryIdentityAndRemoteNormalization" name="test_derive_repository_identity_fallback_roots" time="0.002" /><testcase classname="tests.runtime.test_worktree_contract.TestRepositoryIdentityAndRemoteNormalization" name="test_derive_repository_identity_success_non_origin" time="0.002" /><testcase classname="tests.runtime.test_worktree_contract.TestRepositoryIdentityAndRemoteNormalization" name="test_derive_repository_identity_success_origin" time="0.003" /><testcase classname="tests.runtime.test_worktree_contract.TestRepositoryIdentityAndRemoteNormalization" name="test_derive_repository_identity_unavailable" time="0.002" /><testcase classname="tests.runtime.test_worktree_contract.TestRepositoryIdentityAndRemoteNormalization" name="test_normalize_git_remote_identity" time="0.002" /><testcase classname="tests.runtime.test_worktree_contract.TestPathCollisionPlatformAwareness" name="test_derive_path_collision_key" time="0.001" /><testcase classname="tests.runtime.test_worktree_contract.TestRecursiveNestedRepositoryAndSubmodules" name="test_nested_git_directory_at_root" time="0.005" /><testcase classname="tests.runtime.test_worktree_contract.TestRecursiveNestedRepositoryAndSubmodules" name="test_nested_git_directory_deep" time="0.007" /><testcase classname="tests.runtime.test_worktree_contract.TestRecursiveNestedRepositoryAndSubmodules" name="test_nested_git_file_deep" time="0.009" /><testcase classname="tests.runtime.test_worktree_contract.TestRecursiveNestedRepositoryAndSubmodules" name="test_nested_git_linked_worktree_file_at_root_ignored" time="0.006" /><testcase classname="tests.runtime.test_worktree_contract.TestRecursiveNestedRepositoryAndSubmodules" name="test_no_nested_repository" time="0.005" /><testcase classname="tests.runtime.test_worktree_contract.TestRecursiveNestedRepositoryAndSubmodules" name="test_submodule_boundary_none" time="0.004" /><testcase classname="tests.runtime.test_worktree_contract.TestRecursiveNestedRepositoryAndSubmodules" name="test_submodule_boundary_status_negative_with_gitmodules" time="0.004" /><testcase classname="tests.runtime.test_worktree_contract.TestRecursiveNestedRepositoryAndSubmodules" name="test_submodule_boundary_status_positive" time="0.003" /><testcase classname="tests.runtime.test_worktree_contract.TestRecursiveNestedRepositoryAndSubmodules" name="test_symlink_directories_not_followed" time="0.008" /><testcase classname="tests.runtime.test_worktree_contract.TestWorktreeOperationsWithGitMock" name="test_check_git_repo" time="1.124" /><testcase classname="tests.runtime.test_worktree_contract.TestWorktreeOperationsWithGitMock" name="test_creation_identity_mismatch_release_block" time="12.494" /><testcase classname="tests.runtime.test_worktree_contract.TestWorktreeOperationsWithGitMock" name="test_dirty_worktree_inspection_warning" time="16.081" /><testcase classname="tests.runtime.test_worktree_contract.TestWorktreeOperationsWithGitMock" name="test_initialize_inspect_release_lifecycle" time="15.756" /><testcase classname="tests.runtime.test_worktree_contract.TestWorktreeOperationsWithGitMock" name="test_initialize_worktree_invalid_base_sha_in_git" time="1.131" /><testcase classname="tests.runtime.test_worktree_contract.TestWorktreeOperationsWithGitMock" name="test_initialize_worktree_path_already_exists" time="0.985" /><testcase classname="tests.runtime.test_worktree_contract.TestWorktreeOperationsWithGitMock" name="test_initialize_worktree_unauthorized" time="0.849" /><testcase classname="tests.runtime.test_worktree_contract.TestWorktreeOperationsWithGitMock" name="test_inspect_worktree_status_failure_fails_closed" time="12.397" /><testcase classname="tests.runtime.test_worktree_contract.TestWorktreeOperationsWithGitMock" name="test_nested_repository_detection" time="13.054" /><testcase classname="tests.runtime.test_worktree_contract.TestWorktreeOperationsWithGitMock" name="test_release_worktree_status_failure_never_removes" time="13.316" /><testcase classname="tests.runtime.test_worktree_contract.TestReleaseTwoPhaseVerificationAndRaces" name="test_branch_verification_command_failure_blocks_released" time="11.617" /><testcase classname="tests.runtime.test_worktree_contract.TestReleaseTwoPhaseVerificationAndRaces" name="test_missing_branch_ref_blocks_released" time="11.867" /><testcase classname="tests.runtime.test_worktree_contract.TestReleaseTwoPhaseVerificationAndRaces" name="test_release_race_dirty_mutation" time="16.096" /><testcase classname="tests.runtime.test_worktree_contract.TestReleaseTwoPhaseVerificationAndRaces" name="test_release_race_lock_mutation" time="16.588" /><testcase classname="tests.runtime.test_worktree_contract.TestReleaseTwoPhaseVerificationAndRaces" name="test_unrelated_worktree_head_and_branch_drift_blocks_released" time="21.112" /><testcase classname="tests.runtime.test_worktree_contract.TestReleaseTwoPhaseVerificationAndRaces" name="test_unrelated_worktree_removal_evidence_blocks_released" time="21.182" /><testcase classname="tests.runtime.test_worktree_contract.TestCoverageEdgeCases" name="test_additional_coverage_branches" time="29.631" /><testcase classname="tests.runtime.test_worktree_contract.TestCoverageEdgeCases" name="test_creation_race_detection_initialize" time="1.199" /><testcase classname="tests.runtime.test_worktree_contract.TestCoverageEdgeCases" name="test_initialize_worktree_errors" time="1.944" /><testcase classname="tests.runtime.test_worktree_contract.TestCoverageEdgeCases" name="test_inspect_worktree_errors" time="1.014" /><testcase classname="tests.runtime.test_worktree_contract.TestCoverageEdgeCases" name="test_inspect_worktree_mismatches_and_locked" time="1.002" /><testcase classname="tests.runtime.test_worktree_contract.TestCoverageEdgeCases" name="test_plan_and_release_error_branches" time="1.897" /></testsuite></testsuites>